2023-04-30 16:21:44,920 - INFO - Loaded Data/Office/train.csv with 3508 users and 2318 items.
2023-04-30 16:21:44,921 - INFO - Matrix size: (3509, 2319), total ratings: 31193
2023-04-30 16:21:45,354 - INFO - Loaded Data/Office/test.csv with 3508 users and 2334 items.
2023-04-30 16:21:45,354 - INFO - Matrix size: (3509, 2335), total ratings: 13396
2023-04-30 16:21:46,085 - INFO - Loaded dataset with 3509 users and 2319 items.
2023-04-30 16:21:46,085 - INFO - Training set contains 31193 ratings and test set contains 13396 ratings.
2023-04-30 16:21:48,284 - INFO - Epoch 1, Loss: 693.88606
2023-04-30 16:21:49,129 - INFO - Epoch 2, Loss: 693.08380
2023-04-30 16:21:49,975 - INFO - Epoch 3, Loss: 692.51251
2023-04-30 16:21:50,816 - INFO - Epoch 4, Loss: 692.05245
2023-04-30 16:21:51,665 - INFO - Epoch 5, Loss: 691.75683
2023-04-30 16:21:52,510 - INFO - Epoch 6, Loss: 691.44958
2023-04-30 16:21:53,351 - INFO - Epoch 7, Loss: 691.22329
2023-04-30 16:21:54,201 - INFO - Epoch 8, Loss: 690.94805
2023-04-30 16:21:55,049 - INFO - Epoch 9, Loss: 690.76894
2023-04-30 16:21:55,891 - INFO - Epoch 10, Loss: 690.54314
2023-04-30 16:21:56,734 - INFO - Epoch 11, Loss: 690.38506
2023-04-30 16:21:57,579 - INFO - Epoch 12, Loss: 690.18904
2023-04-30 16:21:58,449 - INFO - Epoch 13, Loss: 689.97453
2023-04-30 16:21:59,317 - INFO - Epoch 14, Loss: 689.78427
2023-04-30 16:22:00,168 - INFO - Epoch 15, Loss: 689.61400
2023-04-30 16:22:01,034 - INFO - Epoch 16, Loss: 689.43679
2023-04-30 16:22:01,878 - INFO - Epoch 17, Loss: 689.21488
2023-04-30 16:22:02,720 - INFO - Epoch 18, Loss: 689.08453
2023-04-30 16:22:03,562 - INFO - Epoch 19, Loss: 688.87798
2023-04-30 16:22:04,401 - INFO - Epoch 20, Loss: 688.73257
2023-04-30 16:22:05,245 - INFO - Epoch 21, Loss: 688.57929
2023-04-30 16:22:06,087 - INFO - Epoch 22, Loss: 688.41179
2023-04-30 16:22:06,928 - INFO - Epoch 23, Loss: 688.19984
2023-04-30 16:22:07,770 - INFO - Epoch 24, Loss: 688.06855
2023-04-30 16:22:08,615 - INFO - Epoch 25, Loss: 687.91064
2023-04-30 16:22:09,456 - INFO - Epoch 26, Loss: 687.71412
2023-04-30 16:22:10,300 - INFO - Epoch 27, Loss: 687.61542
2023-04-30 16:22:11,141 - INFO - Epoch 28, Loss: 687.42433
2023-04-30 16:22:11,980 - INFO - Epoch 29, Loss: 687.32068
2023-04-30 16:22:12,823 - INFO - Epoch 30, Loss: 687.12226
2023-04-30 16:22:13,666 - INFO - Epoch 31, Loss: 686.97763
2023-04-30 16:22:14,547 - INFO - Epoch 32, Loss: 686.85591
2023-04-30 16:22:15,433 - INFO - Epoch 33, Loss: 686.63215
2023-04-30 16:22:16,481 - INFO - Epoch 34, Loss: 686.52430
2023-04-30 16:22:17,351 - INFO - Epoch 35, Loss: 686.34707
2023-04-30 16:22:18,205 - INFO - Epoch 36, Loss: 686.20488
2023-04-30 16:22:19,091 - INFO - Epoch 37, Loss: 686.04656
2023-04-30 16:22:19,957 - INFO - Epoch 38, Loss: 685.85219
2023-04-30 16:22:20,818 - INFO - Epoch 39, Loss: 685.72783
2023-04-30 16:22:21,664 - INFO - Epoch 40, Loss: 685.61369
2023-04-30 16:22:22,510 - INFO - Epoch 41, Loss: 685.39833
2023-04-30 16:22:23,353 - INFO - Epoch 42, Loss: 685.25363
2023-04-30 16:22:24,196 - INFO - Epoch 43, Loss: 685.11276
2023-04-30 16:22:25,038 - INFO - Epoch 44, Loss: 684.93773
2023-04-30 16:22:25,880 - INFO - Epoch 45, Loss: 684.82700
2023-04-30 16:22:26,723 - INFO - Epoch 46, Loss: 684.65761
2023-04-30 16:22:27,563 - INFO - Epoch 47, Loss: 684.50995
2023-04-30 16:22:28,404 - INFO - Epoch 48, Loss: 684.37572
2023-04-30 16:22:29,249 - INFO - Epoch 49, Loss: 684.19054
2023-04-30 16:22:30,090 - INFO - Epoch 50, Loss: 684.03448
2023-04-30 16:22:30,931 - INFO - Epoch 51, Loss: 683.86082
2023-04-30 16:22:31,775 - INFO - Epoch 52, Loss: 683.69795
2023-04-30 16:22:32,617 - INFO - Epoch 53, Loss: 683.53548
2023-04-30 16:22:33,456 - INFO - Epoch 54, Loss: 683.40305
2023-04-30 16:22:34,294 - INFO - Epoch 55, Loss: 683.15533
2023-04-30 16:22:35,138 - INFO - Epoch 56, Loss: 683.07375
2023-04-30 16:22:35,981 - INFO - Epoch 57, Loss: 682.86578
2023-04-30 16:22:36,822 - INFO - Epoch 58, Loss: 682.73160
2023-04-30 16:22:37,665 - INFO - Epoch 59, Loss: 682.52093
2023-04-30 16:22:38,505 - INFO - Epoch 60, Loss: 682.31477
2023-04-30 16:22:39,344 - INFO - Epoch 61, Loss: 682.25519
2023-04-30 16:22:40,184 - INFO - Epoch 62, Loss: 681.99369
2023-04-30 16:22:41,025 - INFO - Epoch 63, Loss: 681.92000
2023-04-30 16:22:41,865 - INFO - Epoch 64, Loss: 681.63019
2023-04-30 16:22:42,706 - INFO - Epoch 65, Loss: 681.50161
2023-04-30 16:22:43,545 - INFO - Epoch 66, Loss: 681.30527
2023-04-30 16:22:44,386 - INFO - Epoch 67, Loss: 681.07717
2023-04-30 16:22:45,230 - INFO - Epoch 68, Loss: 680.98871
2023-04-30 16:22:46,077 - INFO - Epoch 69, Loss: 680.76352
2023-04-30 16:22:46,919 - INFO - Epoch 70, Loss: 680.63229
2023-04-30 16:22:47,762 - INFO - Epoch 71, Loss: 680.42613
2023-04-30 16:22:48,602 - INFO - Epoch 72, Loss: 680.22154
2023-04-30 16:22:49,443 - INFO - Epoch 73, Loss: 680.03528
2023-04-30 16:22:50,288 - INFO - Epoch 74, Loss: 679.89241
2023-04-30 16:22:51,142 - INFO - Epoch 75, Loss: 679.68773
2023-04-30 16:22:52,045 - INFO - Epoch 76, Loss: 679.45272
2023-04-30 16:22:52,924 - INFO - Epoch 77, Loss: 679.24259
2023-04-30 16:22:53,830 - INFO - Epoch 78, Loss: 678.98538
2023-04-30 16:22:54,689 - INFO - Epoch 79, Loss: 678.87337
2023-04-30 16:22:55,533 - INFO - Epoch 80, Loss: 678.58507
2023-04-30 16:22:56,377 - INFO - Epoch 81, Loss: 678.41040
2023-04-30 16:22:57,220 - INFO - Epoch 82, Loss: 678.22602
2023-04-30 16:22:58,061 - INFO - Epoch 83, Loss: 677.93010
2023-04-30 16:22:58,901 - INFO - Epoch 84, Loss: 677.77238
2023-04-30 16:22:59,745 - INFO - Epoch 85, Loss: 677.51611
2023-04-30 16:23:00,588 - INFO - Epoch 86, Loss: 677.35229
2023-04-30 16:23:01,429 - INFO - Epoch 87, Loss: 677.14299
2023-04-30 16:23:02,274 - INFO - Epoch 88, Loss: 676.89359
2023-04-30 16:23:03,119 - INFO - Epoch 89, Loss: 676.64771
2023-04-30 16:23:03,959 - INFO - Epoch 90, Loss: 676.41215
2023-04-30 16:23:04,802 - INFO - Epoch 91, Loss: 676.18657
2023-04-30 16:23:05,644 - INFO - Epoch 92, Loss: 676.01289
2023-04-30 16:23:06,487 - INFO - Epoch 93, Loss: 675.70594
2023-04-30 16:23:07,327 - INFO - Epoch 94, Loss: 675.57197
2023-04-30 16:23:08,170 - INFO - Epoch 95, Loss: 675.24440
2023-04-30 16:23:09,012 - INFO - Epoch 96, Loss: 674.95374
2023-04-30 16:23:09,853 - INFO - Epoch 97, Loss: 674.74050
2023-04-30 16:23:10,701 - INFO - Epoch 98, Loss: 674.56665
2023-04-30 16:23:11,542 - INFO - Epoch 99, Loss: 674.34465
2023-04-30 16:23:12,384 - INFO - Epoch 100, Loss: 673.96774
2023-04-30 16:23:15,260 - INFO - Epoch 100: [0.8s + 2.9s] Loss: 2.17409, Recall: 0.07388, Precision: 0.01619, Hit Ratio: 0.23698, NDCG: 0.10351
2023-04-30 16:23:16,204 - INFO - Epoch 101, Loss: 673.79140
2023-04-30 16:23:17,048 - INFO - Epoch 102, Loss: 673.46610
2023-04-30 16:23:17,888 - INFO - Epoch 103, Loss: 673.16479
2023-04-30 16:23:18,729 - INFO - Epoch 104, Loss: 672.90964
2023-04-30 16:23:19,570 - INFO - Epoch 105, Loss: 672.57845
2023-04-30 16:23:20,411 - INFO - Epoch 106, Loss: 672.44949
2023-04-30 16:23:21,252 - INFO - Epoch 107, Loss: 672.11259
2023-04-30 16:23:22,095 - INFO - Epoch 108, Loss: 671.79258
2023-04-30 16:23:22,945 - INFO - Epoch 109, Loss: 671.60305
2023-04-30 16:23:23,832 - INFO - Epoch 110, Loss: 671.32180
2023-04-30 16:23:24,706 - INFO - Epoch 111, Loss: 671.03353
2023-04-30 16:23:25,567 - INFO - Epoch 112, Loss: 670.74627
2023-04-30 16:23:26,442 - INFO - Epoch 113, Loss: 670.41142
2023-04-30 16:23:27,353 - INFO - Epoch 114, Loss: 670.17061
2023-04-30 16:23:28,257 - INFO - Epoch 115, Loss: 669.86302
2023-04-30 16:23:29,167 - INFO - Epoch 116, Loss: 669.56213
2023-04-30 16:23:30,031 - INFO - Epoch 117, Loss: 669.17937
2023-04-30 16:23:30,897 - INFO - Epoch 118, Loss: 668.96777
2023-04-30 16:23:31,755 - INFO - Epoch 119, Loss: 668.60250
2023-04-30 16:23:32,622 - INFO - Epoch 120, Loss: 668.30066
2023-04-30 16:23:33,469 - INFO - Epoch 121, Loss: 667.96517
2023-04-30 16:23:34,315 - INFO - Epoch 122, Loss: 667.74956
2023-04-30 16:23:35,228 - INFO - Epoch 123, Loss: 667.29014
2023-04-30 16:23:36,115 - INFO - Epoch 124, Loss: 666.98425
2023-04-30 16:23:36,997 - INFO - Epoch 125, Loss: 666.75597
2023-04-30 16:23:37,871 - INFO - Epoch 126, Loss: 666.38996
2023-04-30 16:23:38,733 - INFO - Epoch 127, Loss: 665.87277
2023-04-30 16:23:39,589 - INFO - Epoch 128, Loss: 665.70679
2023-04-30 16:23:40,449 - INFO - Epoch 129, Loss: 665.30033
2023-04-30 16:23:41,300 - INFO - Epoch 130, Loss: 665.01120
2023-04-30 16:23:42,150 - INFO - Epoch 131, Loss: 664.53684
2023-04-30 16:23:43,008 - INFO - Epoch 132, Loss: 664.30069
2023-04-30 16:23:43,866 - INFO - Epoch 133, Loss: 664.06000
2023-04-30 16:23:44,722 - INFO - Epoch 134, Loss: 663.51972
2023-04-30 16:23:45,579 - INFO - Epoch 135, Loss: 663.33385
2023-04-30 16:23:46,428 - INFO - Epoch 136, Loss: 662.94811
2023-04-30 16:23:47,283 - INFO - Epoch 137, Loss: 662.55346
2023-04-30 16:23:48,134 - INFO - Epoch 138, Loss: 662.13156
2023-04-30 16:23:48,985 - INFO - Epoch 139, Loss: 661.64054
2023-04-30 16:23:49,837 - INFO - Epoch 140, Loss: 661.51714
2023-04-30 16:23:50,684 - INFO - Epoch 141, Loss: 660.87467
2023-04-30 16:23:51,533 - INFO - Epoch 142, Loss: 660.63875
2023-04-30 16:23:52,447 - INFO - Epoch 143, Loss: 660.34663
2023-04-30 16:23:53,301 - INFO - Epoch 144, Loss: 659.91283
2023-04-30 16:23:54,168 - INFO - Epoch 145, Loss: 659.62104
2023-04-30 16:23:55,036 - INFO - Epoch 146, Loss: 659.22288
2023-04-30 16:23:55,898 - INFO - Epoch 147, Loss: 658.76921
2023-04-30 16:23:56,769 - INFO - Epoch 148, Loss: 658.38222
2023-04-30 16:23:57,634 - INFO - Epoch 149, Loss: 658.05838
2023-04-30 16:23:58,504 - INFO - Epoch 150, Loss: 657.33419
2023-04-30 16:23:59,366 - INFO - Epoch 151, Loss: 656.95631
2023-04-30 16:24:00,237 - INFO - Epoch 152, Loss: 656.76213
2023-04-30 16:24:01,104 - INFO - Epoch 153, Loss: 656.33154
2023-04-30 16:24:01,973 - INFO - Epoch 154, Loss: 655.88043
2023-04-30 16:24:02,844 - INFO - Epoch 155, Loss: 655.42347
2023-04-30 16:24:03,711 - INFO - Epoch 156, Loss: 655.01093
2023-04-30 16:24:04,582 - INFO - Epoch 157, Loss: 654.79291
2023-04-30 16:24:05,445 - INFO - Epoch 158, Loss: 654.25504
2023-04-30 16:24:06,321 - INFO - Epoch 159, Loss: 653.84595
2023-04-30 16:24:07,186 - INFO - Epoch 160, Loss: 653.22248
2023-04-30 16:24:08,052 - INFO - Epoch 161, Loss: 652.92678
2023-04-30 16:24:08,918 - INFO - Epoch 162, Loss: 652.67734
2023-04-30 16:24:09,814 - INFO - Epoch 163, Loss: 651.89593
2023-04-30 16:24:10,701 - INFO - Epoch 164, Loss: 651.48679
2023-04-30 16:24:11,574 - INFO - Epoch 165, Loss: 651.13989
2023-04-30 16:24:12,444 - INFO - Epoch 166, Loss: 650.66801
2023-04-30 16:24:13,311 - INFO - Epoch 167, Loss: 650.30257
2023-04-30 16:24:14,161 - INFO - Epoch 168, Loss: 649.68137
2023-04-30 16:24:15,006 - INFO - Epoch 169, Loss: 649.46569
2023-04-30 16:24:15,848 - INFO - Epoch 170, Loss: 648.89661
2023-04-30 16:24:16,688 - INFO - Epoch 171, Loss: 648.30175
2023-04-30 16:24:17,530 - INFO - Epoch 172, Loss: 647.72023
2023-04-30 16:24:18,372 - INFO - Epoch 173, Loss: 647.26788
2023-04-30 16:24:19,213 - INFO - Epoch 174, Loss: 647.03807
2023-04-30 16:24:20,057 - INFO - Epoch 175, Loss: 646.36709
2023-04-30 16:24:20,930 - INFO - Epoch 176, Loss: 645.93880
2023-04-30 16:24:21,817 - INFO - Epoch 177, Loss: 645.41831
2023-04-30 16:24:22,685 - INFO - Epoch 178, Loss: 644.94858
2023-04-30 16:24:23,567 - INFO - Epoch 179, Loss: 644.04864
2023-04-30 16:24:24,437 - INFO - Epoch 180, Loss: 643.87265
2023-04-30 16:24:25,305 - INFO - Epoch 181, Loss: 643.13235
2023-04-30 16:24:26,162 - INFO - Epoch 182, Loss: 642.84386
2023-04-30 16:24:27,013 - INFO - Epoch 183, Loss: 642.21464
2023-04-30 16:24:27,866 - INFO - Epoch 184, Loss: 641.73091
2023-04-30 16:24:28,714 - INFO - Epoch 185, Loss: 641.48558
2023-04-30 16:24:29,588 - INFO - Epoch 186, Loss: 640.95840
2023-04-30 16:24:30,485 - INFO - Epoch 187, Loss: 640.16865
2023-04-30 16:24:31,354 - INFO - Epoch 188, Loss: 640.01309
2023-04-30 16:24:32,228 - INFO - Epoch 189, Loss: 639.39129
2023-04-30 16:24:33,107 - INFO - Epoch 190, Loss: 639.03749
2023-04-30 16:24:33,975 - INFO - Epoch 191, Loss: 638.25094
2023-04-30 16:24:34,841 - INFO - Epoch 192, Loss: 637.66924
2023-04-30 16:24:35,719 - INFO - Epoch 193, Loss: 637.25918
2023-04-30 16:24:36,591 - INFO - Epoch 194, Loss: 636.66481
2023-04-30 16:24:37,454 - INFO - Epoch 195, Loss: 636.07031
2023-04-30 16:24:38,324 - INFO - Epoch 196, Loss: 635.61705
2023-04-30 16:24:39,197 - INFO - Epoch 197, Loss: 635.15104
2023-04-30 16:24:40,064 - INFO - Epoch 198, Loss: 634.35355
2023-04-30 16:24:40,934 - INFO - Epoch 199, Loss: 633.98958
2023-04-30 16:24:41,809 - INFO - Epoch 200, Loss: 633.39435
2023-04-30 16:24:44,678 - INFO - Epoch 200: [0.9s + 2.9s] Loss: 2.04321, Recall: 0.10897, Precision: 0.02306, Hit Ratio: 0.31089, NDCG: 0.13603
2023-04-30 16:24:45,638 - INFO - Epoch 201, Loss: 632.74729
2023-04-30 16:24:46,512 - INFO - Epoch 202, Loss: 632.38611
2023-04-30 16:24:47,383 - INFO - Epoch 203, Loss: 631.64774
2023-04-30 16:24:48,251 - INFO - Epoch 204, Loss: 631.34433
2023-04-30 16:24:49,118 - INFO - Epoch 205, Loss: 630.86488
2023-04-30 16:24:49,998 - INFO - Epoch 206, Loss: 630.18083
2023-04-30 16:24:50,866 - INFO - Epoch 207, Loss: 629.49183
2023-04-30 16:24:51,740 - INFO - Epoch 208, Loss: 628.84834
2023-04-30 16:24:52,616 - INFO - Epoch 209, Loss: 628.16219
2023-04-30 16:24:53,490 - INFO - Epoch 210, Loss: 627.70257
2023-04-30 16:24:54,345 - INFO - Epoch 211, Loss: 626.81895
2023-04-30 16:24:55,210 - INFO - Epoch 212, Loss: 626.48620
2023-04-30 16:24:56,073 - INFO - Epoch 213, Loss: 626.05002
2023-04-30 16:24:57,008 - INFO - Epoch 214, Loss: 625.39813
2023-04-30 16:24:57,859 - INFO - Epoch 215, Loss: 624.52892
2023-04-30 16:24:58,707 - INFO - Epoch 216, Loss: 623.86981
2023-04-30 16:24:59,577 - INFO - Epoch 217, Loss: 623.26732
2023-04-30 16:25:00,471 - INFO - Epoch 218, Loss: 623.13969
2023-04-30 16:25:01,353 - INFO - Epoch 219, Loss: 622.26988
2023-04-30 16:25:02,216 - INFO - Epoch 220, Loss: 621.79913
2023-04-30 16:25:03,061 - INFO - Epoch 221, Loss: 620.94210
2023-04-30 16:25:03,901 - INFO - Epoch 222, Loss: 620.36017
2023-04-30 16:25:04,744 - INFO - Epoch 223, Loss: 619.69920
2023-04-30 16:25:05,591 - INFO - Epoch 224, Loss: 619.56597
2023-04-30 16:25:06,434 - INFO - Epoch 225, Loss: 618.86241
2023-04-30 16:25:07,276 - INFO - Epoch 226, Loss: 618.12594
2023-04-30 16:25:08,118 - INFO - Epoch 227, Loss: 617.36972
2023-04-30 16:25:08,959 - INFO - Epoch 228, Loss: 616.47072
2023-04-30 16:25:09,829 - INFO - Epoch 229, Loss: 615.94756
2023-04-30 16:25:10,675 - INFO - Epoch 230, Loss: 615.74713
2023-04-30 16:25:11,517 - INFO - Epoch 231, Loss: 615.04726
2023-04-30 16:25:12,359 - INFO - Epoch 232, Loss: 614.59674
2023-04-30 16:25:13,202 - INFO - Epoch 233, Loss: 613.73068
2023-04-30 16:25:14,046 - INFO - Epoch 234, Loss: 612.71869
2023-04-30 16:25:14,889 - INFO - Epoch 235, Loss: 612.34833
2023-04-30 16:25:15,731 - INFO - Epoch 236, Loss: 611.18682
2023-04-30 16:25:16,576 - INFO - Epoch 237, Loss: 611.19608
2023-04-30 16:25:17,420 - INFO - Epoch 238, Loss: 610.39762
2023-04-30 16:25:18,278 - INFO - Epoch 239, Loss: 609.56083
2023-04-30 16:25:19,120 - INFO - Epoch 240, Loss: 609.02057
2023-04-30 16:25:19,964 - INFO - Epoch 241, Loss: 608.37498
2023-04-30 16:25:20,806 - INFO - Epoch 242, Loss: 607.97563
2023-04-30 16:25:21,650 - INFO - Epoch 243, Loss: 606.77971
2023-04-30 16:25:22,493 - INFO - Epoch 244, Loss: 606.38770
2023-04-30 16:25:23,337 - INFO - Epoch 245, Loss: 605.50376
2023-04-30 16:25:24,180 - INFO - Epoch 246, Loss: 604.87218
2023-04-30 16:25:25,023 - INFO - Epoch 247, Loss: 604.48736
2023-04-30 16:25:25,864 - INFO - Epoch 248, Loss: 604.27008
2023-04-30 16:25:26,707 - INFO - Epoch 249, Loss: 603.22651
2023-04-30 16:25:27,550 - INFO - Epoch 250, Loss: 602.15601
2023-04-30 16:25:28,393 - INFO - Epoch 251, Loss: 601.88000
2023-04-30 16:25:29,237 - INFO - Epoch 252, Loss: 601.09316
2023-04-30 16:25:30,082 - INFO - Epoch 253, Loss: 600.19179
2023-04-30 16:25:30,924 - INFO - Epoch 254, Loss: 599.65817
2023-04-30 16:25:31,767 - INFO - Epoch 255, Loss: 599.42320
2023-04-30 16:25:32,610 - INFO - Epoch 256, Loss: 598.85872
2023-04-30 16:25:33,450 - INFO - Epoch 257, Loss: 597.16521
2023-04-30 16:25:34,292 - INFO - Epoch 258, Loss: 597.00714
2023-04-30 16:25:35,133 - INFO - Epoch 259, Loss: 595.70651
2023-04-30 16:25:35,976 - INFO - Epoch 260, Loss: 595.49673
2023-04-30 16:25:36,818 - INFO - Epoch 261, Loss: 594.14910
2023-04-30 16:25:37,660 - INFO - Epoch 262, Loss: 593.97985
2023-04-30 16:25:38,501 - INFO - Epoch 263, Loss: 593.71442
2023-04-30 16:25:39,342 - INFO - Epoch 264, Loss: 593.02017
2023-04-30 16:25:40,185 - INFO - Epoch 265, Loss: 592.27473
2023-04-30 16:25:41,028 - INFO - Epoch 266, Loss: 591.83488
2023-04-30 16:25:41,868 - INFO - Epoch 267, Loss: 591.13301
2023-04-30 16:25:42,709 - INFO - Epoch 268, Loss: 589.88772
2023-04-30 16:25:43,553 - INFO - Epoch 269, Loss: 589.29156
2023-04-30 16:25:44,396 - INFO - Epoch 270, Loss: 588.85945
2023-04-30 16:25:45,239 - INFO - Epoch 271, Loss: 588.40604
2023-04-30 16:25:46,082 - INFO - Epoch 272, Loss: 587.09425
2023-04-30 16:25:46,923 - INFO - Epoch 273, Loss: 586.66821
2023-04-30 16:25:47,768 - INFO - Epoch 274, Loss: 584.91862
2023-04-30 16:25:48,609 - INFO - Epoch 275, Loss: 585.08020
2023-04-30 16:25:49,456 - INFO - Epoch 276, Loss: 584.39779
2023-04-30 16:25:50,295 - INFO - Epoch 277, Loss: 584.07450
2023-04-30 16:25:51,138 - INFO - Epoch 278, Loss: 583.07785
2023-04-30 16:25:51,982 - INFO - Epoch 279, Loss: 581.98324
2023-04-30 16:25:52,826 - INFO - Epoch 280, Loss: 581.28848
2023-04-30 16:25:53,669 - INFO - Epoch 281, Loss: 580.91276
2023-04-30 16:25:54,510 - INFO - Epoch 282, Loss: 579.81142
2023-04-30 16:25:55,352 - INFO - Epoch 283, Loss: 579.36143
2023-04-30 16:25:56,195 - INFO - Epoch 284, Loss: 578.44016
2023-04-30 16:25:57,037 - INFO - Epoch 285, Loss: 577.62561
2023-04-30 16:25:57,880 - INFO - Epoch 286, Loss: 576.28563
2023-04-30 16:25:58,724 - INFO - Epoch 287, Loss: 576.94377
2023-04-30 16:25:59,567 - INFO - Epoch 288, Loss: 575.87754
2023-04-30 16:26:00,411 - INFO - Epoch 289, Loss: 574.74802
2023-04-30 16:26:01,253 - INFO - Epoch 290, Loss: 574.18812
2023-04-30 16:26:02,095 - INFO - Epoch 291, Loss: 573.77177
2023-04-30 16:26:02,936 - INFO - Epoch 292, Loss: 572.52094
2023-04-30 16:26:03,780 - INFO - Epoch 293, Loss: 572.10431
2023-04-30 16:26:04,624 - INFO - Epoch 294, Loss: 571.08520
2023-04-30 16:26:05,470 - INFO - Epoch 295, Loss: 570.13230
2023-04-30 16:26:06,311 - INFO - Epoch 296, Loss: 569.47604
2023-04-30 16:26:07,154 - INFO - Epoch 297, Loss: 569.02529
2023-04-30 16:26:07,996 - INFO - Epoch 298, Loss: 567.73625
2023-04-30 16:26:08,838 - INFO - Epoch 299, Loss: 568.20736
2023-04-30 16:26:09,680 - INFO - Epoch 300, Loss: 566.32035
2023-04-30 16:26:12,491 - INFO - Epoch 300: [0.8s + 2.8s] Loss: 1.82684, Recall: 0.11887, Precision: 0.02519, Hit Ratio: 0.33094, NDCG: 0.15127
2023-04-30 16:26:13,412 - INFO - Epoch 301, Loss: 566.41056
2023-04-30 16:26:14,256 - INFO - Epoch 302, Loss: 566.07907
2023-04-30 16:26:15,100 - INFO - Epoch 303, Loss: 564.89905
2023-04-30 16:26:15,941 - INFO - Epoch 304, Loss: 564.06104
2023-04-30 16:26:16,782 - INFO - Epoch 305, Loss: 562.83236
2023-04-30 16:26:17,624 - INFO - Epoch 306, Loss: 562.10925
2023-04-30 16:26:18,467 - INFO - Epoch 307, Loss: 561.24306
2023-04-30 16:26:19,310 - INFO - Epoch 308, Loss: 560.63788
2023-04-30 16:26:20,154 - INFO - Epoch 309, Loss: 560.27920
2023-04-30 16:26:20,995 - INFO - Epoch 310, Loss: 559.42385
2023-04-30 16:26:21,837 - INFO - Epoch 311, Loss: 558.54420
2023-04-30 16:26:22,679 - INFO - Epoch 312, Loss: 557.34352
2023-04-30 16:26:23,520 - INFO - Epoch 313, Loss: 556.60530
2023-04-30 16:26:24,359 - INFO - Epoch 314, Loss: 555.18005
2023-04-30 16:26:25,201 - INFO - Epoch 315, Loss: 554.49263
2023-04-30 16:26:26,042 - INFO - Epoch 316, Loss: 554.63173
2023-04-30 16:26:26,883 - INFO - Epoch 317, Loss: 553.95679
2023-04-30 16:26:27,725 - INFO - Epoch 318, Loss: 553.66163
2023-04-30 16:26:28,567 - INFO - Epoch 319, Loss: 552.97602
2023-04-30 16:26:29,408 - INFO - Epoch 320, Loss: 551.64813
2023-04-30 16:26:30,253 - INFO - Epoch 321, Loss: 550.77453
2023-04-30 16:26:31,095 - INFO - Epoch 322, Loss: 550.21873
2023-04-30 16:26:31,935 - INFO - Epoch 323, Loss: 548.82384
2023-04-30 16:26:32,777 - INFO - Epoch 324, Loss: 547.67063
2023-04-30 16:26:33,617 - INFO - Epoch 325, Loss: 547.46739
2023-04-30 16:26:34,458 - INFO - Epoch 326, Loss: 546.54159
2023-04-30 16:26:35,300 - INFO - Epoch 327, Loss: 546.07022
2023-04-30 16:26:36,142 - INFO - Epoch 328, Loss: 546.10618
2023-04-30 16:26:36,982 - INFO - Epoch 329, Loss: 545.36667
2023-04-30 16:26:37,822 - INFO - Epoch 330, Loss: 544.24536
2023-04-30 16:26:38,664 - INFO - Epoch 331, Loss: 544.00354
2023-04-30 16:26:39,505 - INFO - Epoch 332, Loss: 542.94011
2023-04-30 16:26:40,345 - INFO - Epoch 333, Loss: 540.90885
2023-04-30 16:26:41,185 - INFO - Epoch 334, Loss: 541.10894
2023-04-30 16:26:42,029 - INFO - Epoch 335, Loss: 539.73504
2023-04-30 16:26:42,872 - INFO - Epoch 336, Loss: 539.92597
2023-04-30 16:26:43,714 - INFO - Epoch 337, Loss: 538.44867
2023-04-30 16:26:44,555 - INFO - Epoch 338, Loss: 538.21703
2023-04-30 16:26:45,395 - INFO - Epoch 339, Loss: 535.61750
2023-04-30 16:26:46,237 - INFO - Epoch 340, Loss: 536.87646
2023-04-30 16:26:47,080 - INFO - Epoch 341, Loss: 535.00191
2023-04-30 16:26:47,919 - INFO - Epoch 342, Loss: 535.65511
2023-04-30 16:26:48,760 - INFO - Epoch 343, Loss: 534.33269
2023-04-30 16:26:49,601 - INFO - Epoch 344, Loss: 533.54681
2023-04-30 16:26:50,442 - INFO - Epoch 345, Loss: 533.42340
2023-04-30 16:26:51,283 - INFO - Epoch 346, Loss: 531.43920
2023-04-30 16:26:52,125 - INFO - Epoch 347, Loss: 530.54411
2023-04-30 16:26:52,969 - INFO - Epoch 348, Loss: 530.25746
2023-04-30 16:26:53,810 - INFO - Epoch 349, Loss: 529.90380
2023-04-30 16:26:54,649 - INFO - Epoch 350, Loss: 528.04013
2023-04-30 16:26:55,490 - INFO - Epoch 351, Loss: 527.80309
2023-04-30 16:26:56,328 - INFO - Epoch 352, Loss: 527.40656
2023-04-30 16:26:57,170 - INFO - Epoch 353, Loss: 525.55042
2023-04-30 16:26:58,012 - INFO - Epoch 354, Loss: 525.07444
2023-04-30 16:26:58,852 - INFO - Epoch 355, Loss: 523.99001
2023-04-30 16:26:59,692 - INFO - Epoch 356, Loss: 523.02021
2023-04-30 16:27:00,535 - INFO - Epoch 357, Loss: 522.79575
2023-04-30 16:27:01,374 - INFO - Epoch 358, Loss: 522.10775
2023-04-30 16:27:02,216 - INFO - Epoch 359, Loss: 521.30468
2023-04-30 16:27:03,054 - INFO - Epoch 360, Loss: 520.73892
2023-04-30 16:27:03,893 - INFO - Epoch 361, Loss: 519.57650
2023-04-30 16:27:04,737 - INFO - Epoch 362, Loss: 518.91885
2023-04-30 16:27:05,577 - INFO - Epoch 363, Loss: 516.65682
2023-04-30 16:27:06,418 - INFO - Epoch 364, Loss: 516.87401
2023-04-30 16:27:07,257 - INFO - Epoch 365, Loss: 515.68463
2023-04-30 16:27:08,099 - INFO - Epoch 366, Loss: 516.11641
2023-04-30 16:27:08,937 - INFO - Epoch 367, Loss: 514.63104
2023-04-30 16:27:09,780 - INFO - Epoch 368, Loss: 513.77536
2023-04-30 16:27:10,621 - INFO - Epoch 369, Loss: 513.29759
2023-04-30 16:27:11,466 - INFO - Epoch 370, Loss: 512.82322
2023-04-30 16:27:12,306 - INFO - Epoch 371, Loss: 512.17558
2023-04-30 16:27:13,149 - INFO - Epoch 372, Loss: 511.50610
2023-04-30 16:27:13,993 - INFO - Epoch 373, Loss: 509.36740
2023-04-30 16:27:14,832 - INFO - Epoch 374, Loss: 509.05753
2023-04-30 16:27:15,671 - INFO - Epoch 375, Loss: 510.01242
2023-04-30 16:27:16,511 - INFO - Epoch 376, Loss: 508.26180
2023-04-30 16:27:17,349 - INFO - Epoch 377, Loss: 506.89527
2023-04-30 16:27:18,193 - INFO - Epoch 378, Loss: 507.36389
2023-04-30 16:27:19,035 - INFO - Epoch 379, Loss: 505.44015
2023-04-30 16:27:19,876 - INFO - Epoch 380, Loss: 505.55878
2023-04-30 16:27:20,716 - INFO - Epoch 381, Loss: 504.21888
2023-04-30 16:27:21,559 - INFO - Epoch 382, Loss: 504.29907
2023-04-30 16:27:22,397 - INFO - Epoch 383, Loss: 501.87790
2023-04-30 16:27:23,241 - INFO - Epoch 384, Loss: 502.09517
2023-04-30 16:27:24,083 - INFO - Epoch 385, Loss: 501.46135
2023-04-30 16:27:24,923 - INFO - Epoch 386, Loss: 499.67582
2023-04-30 16:27:25,766 - INFO - Epoch 387, Loss: 497.72871
2023-04-30 16:27:26,609 - INFO - Epoch 388, Loss: 497.40854
2023-04-30 16:27:27,449 - INFO - Epoch 389, Loss: 497.53712
2023-04-30 16:27:28,291 - INFO - Epoch 390, Loss: 496.41707
2023-04-30 16:27:29,134 - INFO - Epoch 391, Loss: 495.03006
2023-04-30 16:27:29,975 - INFO - Epoch 392, Loss: 494.75111
2023-04-30 16:27:30,821 - INFO - Epoch 393, Loss: 495.08060
2023-04-30 16:27:31,664 - INFO - Epoch 394, Loss: 491.80865
2023-04-30 16:27:32,507 - INFO - Epoch 395, Loss: 492.03059
2023-04-30 16:27:33,346 - INFO - Epoch 396, Loss: 492.34088
2023-04-30 16:27:34,185 - INFO - Epoch 397, Loss: 490.93221
2023-04-30 16:27:35,028 - INFO - Epoch 398, Loss: 490.63241
2023-04-30 16:27:35,868 - INFO - Epoch 399, Loss: 489.60980
2023-04-30 16:27:36,709 - INFO - Epoch 400, Loss: 489.20140
2023-04-30 16:27:39,531 - INFO - Epoch 400: [0.8s + 2.8s] Loss: 1.57807, Recall: 0.12444, Precision: 0.02636, Hit Ratio: 0.34351, NDCG: 0.15933
2023-04-30 16:27:40,479 - INFO - Epoch 401, Loss: 487.22491
2023-04-30 16:27:41,320 - INFO - Epoch 402, Loss: 487.10337
2023-04-30 16:27:42,163 - INFO - Epoch 403, Loss: 485.93414
2023-04-30 16:27:43,006 - INFO - Epoch 404, Loss: 485.80339
2023-04-30 16:27:43,847 - INFO - Epoch 405, Loss: 484.47090
2023-04-30 16:27:44,687 - INFO - Epoch 406, Loss: 483.22170
2023-04-30 16:27:45,530 - INFO - Epoch 407, Loss: 481.76892
2023-04-30 16:27:46,368 - INFO - Epoch 408, Loss: 482.42690
2023-04-30 16:27:47,211 - INFO - Epoch 409, Loss: 482.33539
2023-04-30 16:27:48,054 - INFO - Epoch 410, Loss: 480.16810
2023-04-30 16:27:48,892 - INFO - Epoch 411, Loss: 480.10339
2023-04-30 16:27:49,734 - INFO - Epoch 412, Loss: 479.17368
2023-04-30 16:27:50,574 - INFO - Epoch 413, Loss: 478.60153
2023-04-30 16:27:51,416 - INFO - Epoch 414, Loss: 477.47611
2023-04-30 16:27:52,257 - INFO - Epoch 415, Loss: 476.92986
2023-04-30 16:27:53,102 - INFO - Epoch 416, Loss: 476.36534
2023-04-30 16:27:53,942 - INFO - Epoch 417, Loss: 474.67851
2023-04-30 16:27:54,782 - INFO - Epoch 418, Loss: 473.45779
2023-04-30 16:27:55,627 - INFO - Epoch 419, Loss: 472.26210
2023-04-30 16:27:56,466 - INFO - Epoch 420, Loss: 472.48589
2023-04-30 16:27:57,307 - INFO - Epoch 421, Loss: 471.10455
2023-04-30 16:27:58,150 - INFO - Epoch 422, Loss: 470.97992
2023-04-30 16:27:58,991 - INFO - Epoch 423, Loss: 470.11077
2023-04-30 16:27:59,834 - INFO - Epoch 424, Loss: 469.47502
2023-04-30 16:28:00,677 - INFO - Epoch 425, Loss: 469.60106
2023-04-30 16:28:01,518 - INFO - Epoch 426, Loss: 467.41641
2023-04-30 16:28:02,359 - INFO - Epoch 427, Loss: 466.67201
2023-04-30 16:28:03,201 - INFO - Epoch 428, Loss: 464.16095
2023-04-30 16:28:04,043 - INFO - Epoch 429, Loss: 464.77740
2023-04-30 16:28:04,883 - INFO - Epoch 430, Loss: 462.94203
2023-04-30 16:28:05,723 - INFO - Epoch 431, Loss: 462.89669
2023-04-30 16:28:06,564 - INFO - Epoch 432, Loss: 461.90560
2023-04-30 16:28:07,405 - INFO - Epoch 433, Loss: 462.20091
2023-04-30 16:28:08,246 - INFO - Epoch 434, Loss: 460.93654
2023-04-30 16:28:09,086 - INFO - Epoch 435, Loss: 460.14964
2023-04-30 16:28:09,926 - INFO - Epoch 436, Loss: 460.20809
2023-04-30 16:28:10,770 - INFO - Epoch 437, Loss: 458.66515
2023-04-30 16:28:11,610 - INFO - Epoch 438, Loss: 458.28024
2023-04-30 16:28:12,449 - INFO - Epoch 439, Loss: 455.96756
2023-04-30 16:28:13,292 - INFO - Epoch 440, Loss: 456.66801
2023-04-30 16:28:14,135 - INFO - Epoch 441, Loss: 455.41122
2023-04-30 16:28:14,974 - INFO - Epoch 442, Loss: 455.02200
2023-04-30 16:28:15,813 - INFO - Epoch 443, Loss: 453.56713
2023-04-30 16:28:16,654 - INFO - Epoch 444, Loss: 453.91489
2023-04-30 16:28:17,497 - INFO - Epoch 445, Loss: 452.74004
2023-04-30 16:28:18,341 - INFO - Epoch 446, Loss: 451.27608
2023-04-30 16:28:19,183 - INFO - Epoch 447, Loss: 450.07933
2023-04-30 16:28:20,026 - INFO - Epoch 448, Loss: 450.57858
2023-04-30 16:28:20,864 - INFO - Epoch 449, Loss: 448.39927
2023-04-30 16:28:21,706 - INFO - Epoch 450, Loss: 448.12965
2023-04-30 16:28:22,547 - INFO - Epoch 451, Loss: 447.27549
2023-04-30 16:28:23,390 - INFO - Epoch 452, Loss: 447.16361
2023-04-30 16:28:24,234 - INFO - Epoch 453, Loss: 445.43366
2023-04-30 16:28:25,075 - INFO - Epoch 454, Loss: 444.25670
2023-04-30 16:28:25,917 - INFO - Epoch 455, Loss: 443.22054
2023-04-30 16:28:26,759 - INFO - Epoch 456, Loss: 442.62162
2023-04-30 16:28:27,598 - INFO - Epoch 457, Loss: 441.30850
2023-04-30 16:28:28,439 - INFO - Epoch 458, Loss: 440.90772
2023-04-30 16:28:29,279 - INFO - Epoch 459, Loss: 440.65122
2023-04-30 16:28:30,120 - INFO - Epoch 460, Loss: 438.89794
2023-04-30 16:28:30,959 - INFO - Epoch 461, Loss: 438.70641
2023-04-30 16:28:31,806 - INFO - Epoch 462, Loss: 437.11828
2023-04-30 16:28:32,646 - INFO - Epoch 463, Loss: 435.72999
2023-04-30 16:28:33,489 - INFO - Epoch 464, Loss: 436.56896
2023-04-30 16:28:34,331 - INFO - Epoch 465, Loss: 436.78043
2023-04-30 16:28:35,172 - INFO - Epoch 466, Loss: 434.60036
2023-04-30 16:28:36,012 - INFO - Epoch 467, Loss: 434.58203
2023-04-30 16:28:36,851 - INFO - Epoch 468, Loss: 432.91314
2023-04-30 16:28:37,694 - INFO - Epoch 469, Loss: 432.51604
2023-04-30 16:28:38,533 - INFO - Epoch 470, Loss: 433.06513
2023-04-30 16:28:39,372 - INFO - Epoch 471, Loss: 430.44271
2023-04-30 16:28:40,213 - INFO - Epoch 472, Loss: 429.08350
2023-04-30 16:28:41,057 - INFO - Epoch 473, Loss: 428.27618
2023-04-30 16:28:41,897 - INFO - Epoch 474, Loss: 426.31324
2023-04-30 16:28:42,740 - INFO - Epoch 475, Loss: 427.97720
2023-04-30 16:28:43,583 - INFO - Epoch 476, Loss: 426.53901
2023-04-30 16:28:44,423 - INFO - Epoch 477, Loss: 426.30547
2023-04-30 16:28:45,266 - INFO - Epoch 478, Loss: 425.03583
2023-04-30 16:28:46,106 - INFO - Epoch 479, Loss: 424.26560
2023-04-30 16:28:46,946 - INFO - Epoch 480, Loss: 421.95787
2023-04-30 16:28:47,788 - INFO - Epoch 481, Loss: 424.11356
2023-04-30 16:28:48,629 - INFO - Epoch 482, Loss: 420.51886
2023-04-30 16:28:49,469 - INFO - Epoch 483, Loss: 420.15867
2023-04-30 16:28:50,313 - INFO - Epoch 484, Loss: 419.73700
2023-04-30 16:28:51,153 - INFO - Epoch 485, Loss: 418.29439
2023-04-30 16:28:51,995 - INFO - Epoch 486, Loss: 418.20564
2023-04-30 16:28:52,840 - INFO - Epoch 487, Loss: 419.28210
2023-04-30 16:28:53,681 - INFO - Epoch 488, Loss: 417.02863
2023-04-30 16:28:54,520 - INFO - Epoch 489, Loss: 415.50936
2023-04-30 16:28:55,363 - INFO - Epoch 490, Loss: 415.65667
2023-04-30 16:28:56,206 - INFO - Epoch 491, Loss: 413.70663
2023-04-30 16:28:57,047 - INFO - Epoch 492, Loss: 412.65107
2023-04-30 16:28:57,886 - INFO - Epoch 493, Loss: 412.95358
2023-04-30 16:28:58,728 - INFO - Epoch 494, Loss: 411.02869
2023-04-30 16:28:59,570 - INFO - Epoch 495, Loss: 411.26043
2023-04-30 16:29:00,411 - INFO - Epoch 496, Loss: 410.00727
2023-04-30 16:29:01,252 - INFO - Epoch 497, Loss: 408.32443
2023-04-30 16:29:02,093 - INFO - Epoch 498, Loss: 407.25304
2023-04-30 16:29:02,932 - INFO - Epoch 499, Loss: 408.15384
2023-04-30 16:29:03,775 - INFO - Epoch 500, Loss: 406.15840
2023-04-30 16:29:06,627 - INFO - Epoch 500: [0.8s + 2.9s] Loss: 1.31019, Recall: 0.12951, Precision: 0.02747, Hit Ratio: 0.35548, NDCG: 0.16466
2023-04-30 16:29:07,547 - INFO - Epoch 501, Loss: 406.53851
2023-04-30 16:29:08,385 - INFO - Epoch 502, Loss: 404.95460
2023-04-30 16:29:09,225 - INFO - Epoch 503, Loss: 403.51186
2023-04-30 16:29:10,065 - INFO - Epoch 504, Loss: 404.19718
2023-04-30 16:29:10,941 - INFO - Epoch 505, Loss: 402.36734
2023-04-30 16:29:11,913 - INFO - Epoch 506, Loss: 400.42249
2023-04-30 16:29:12,807 - INFO - Epoch 507, Loss: 398.52277
2023-04-30 16:29:13,691 - INFO - Epoch 508, Loss: 399.75992
2023-04-30 16:29:14,595 - INFO - Epoch 509, Loss: 397.59080
2023-04-30 16:29:15,527 - INFO - Epoch 510, Loss: 397.08800
2023-04-30 16:29:16,415 - INFO - Epoch 511, Loss: 398.25671
2023-04-30 16:29:17,273 - INFO - Epoch 512, Loss: 395.89864
2023-04-30 16:29:18,120 - INFO - Epoch 513, Loss: 394.32681
2023-04-30 16:29:18,966 - INFO - Epoch 514, Loss: 393.66406
2023-04-30 16:29:19,807 - INFO - Epoch 515, Loss: 394.56201
2023-04-30 16:29:20,650 - INFO - Epoch 516, Loss: 392.20607
2023-04-30 16:29:21,491 - INFO - Epoch 517, Loss: 392.10442
2023-04-30 16:29:22,330 - INFO - Epoch 518, Loss: 393.09655
2023-04-30 16:29:23,173 - INFO - Epoch 519, Loss: 390.11960
2023-04-30 16:29:24,013 - INFO - Epoch 520, Loss: 389.37772
2023-04-30 16:29:24,851 - INFO - Epoch 521, Loss: 388.73971
2023-04-30 16:29:25,693 - INFO - Epoch 522, Loss: 388.64683
2023-04-30 16:29:26,534 - INFO - Epoch 523, Loss: 387.37797
2023-04-30 16:29:27,376 - INFO - Epoch 524, Loss: 386.72044
2023-04-30 16:29:28,227 - INFO - Epoch 525, Loss: 385.36558
2023-04-30 16:29:29,071 - INFO - Epoch 526, Loss: 384.93168
2023-04-30 16:29:29,950 - INFO - Epoch 527, Loss: 383.48247
2023-04-30 16:29:30,869 - INFO - Epoch 528, Loss: 383.41353
2023-04-30 16:29:31,805 - INFO - Epoch 529, Loss: 382.71352
2023-04-30 16:29:32,688 - INFO - Epoch 530, Loss: 381.77401
2023-04-30 16:29:33,535 - INFO - Epoch 531, Loss: 381.09571
2023-04-30 16:29:34,399 - INFO - Epoch 532, Loss: 379.70987
2023-04-30 16:29:35,252 - INFO - Epoch 533, Loss: 379.38000
2023-04-30 16:29:36,096 - INFO - Epoch 534, Loss: 378.54106
2023-04-30 16:29:36,942 - INFO - Epoch 535, Loss: 378.46839
2023-04-30 16:29:37,786 - INFO - Epoch 536, Loss: 375.88061
2023-04-30 16:29:38,651 - INFO - Epoch 537, Loss: 376.85390
2023-04-30 16:29:39,515 - INFO - Epoch 538, Loss: 374.39128
2023-04-30 16:29:40,359 - INFO - Epoch 539, Loss: 374.25295
2023-04-30 16:29:41,202 - INFO - Epoch 540, Loss: 372.45369
2023-04-30 16:29:42,045 - INFO - Epoch 541, Loss: 372.99704
2023-04-30 16:29:42,888 - INFO - Epoch 542, Loss: 371.91744
2023-04-30 16:29:43,731 - INFO - Epoch 543, Loss: 370.41041
2023-04-30 16:29:44,575 - INFO - Epoch 544, Loss: 368.00234
2023-04-30 16:29:45,416 - INFO - Epoch 545, Loss: 367.53491
2023-04-30 16:29:46,259 - INFO - Epoch 546, Loss: 368.36115
2023-04-30 16:29:47,098 - INFO - Epoch 547, Loss: 368.10574
2023-04-30 16:29:47,937 - INFO - Epoch 548, Loss: 367.65519
2023-04-30 16:29:48,780 - INFO - Epoch 549, Loss: 366.64784
2023-04-30 16:29:49,621 - INFO - Epoch 550, Loss: 364.96105
2023-04-30 16:29:50,463 - INFO - Epoch 551, Loss: 363.57522
2023-04-30 16:29:51,306 - INFO - Epoch 552, Loss: 363.76135
2023-04-30 16:29:52,147 - INFO - Epoch 553, Loss: 362.08208
2023-04-30 16:29:52,992 - INFO - Epoch 554, Loss: 361.51476
2023-04-30 16:29:53,833 - INFO - Epoch 555, Loss: 361.99070
2023-04-30 16:29:54,674 - INFO - Epoch 556, Loss: 361.88368
2023-04-30 16:29:55,516 - INFO - Epoch 557, Loss: 357.89427
2023-04-30 16:29:56,359 - INFO - Epoch 558, Loss: 357.69428
2023-04-30 16:29:57,199 - INFO - Epoch 559, Loss: 357.59801
2023-04-30 16:29:58,042 - INFO - Epoch 560, Loss: 355.64827
2023-04-30 16:29:58,883 - INFO - Epoch 561, Loss: 358.38430
2023-04-30 16:29:59,724 - INFO - Epoch 562, Loss: 354.84119
2023-04-30 16:30:00,566 - INFO - Epoch 563, Loss: 352.60290
2023-04-30 16:30:01,405 - INFO - Epoch 564, Loss: 354.43442
2023-04-30 16:30:02,246 - INFO - Epoch 565, Loss: 353.61465
2023-04-30 16:30:03,087 - INFO - Epoch 566, Loss: 352.69650
2023-04-30 16:30:03,926 - INFO - Epoch 567, Loss: 350.96483
2023-04-30 16:30:04,768 - INFO - Epoch 568, Loss: 351.05795
2023-04-30 16:30:05,609 - INFO - Epoch 569, Loss: 347.89467
2023-04-30 16:30:06,448 - INFO - Epoch 570, Loss: 346.65280
2023-04-30 16:30:07,289 - INFO - Epoch 571, Loss: 346.85071
2023-04-30 16:30:08,129 - INFO - Epoch 572, Loss: 347.81145
2023-04-30 16:30:08,971 - INFO - Epoch 573, Loss: 346.30555
2023-04-30 16:30:09,813 - INFO - Epoch 574, Loss: 344.11014
2023-04-30 16:30:10,656 - INFO - Epoch 575, Loss: 343.71918
2023-04-30 16:30:11,497 - INFO - Epoch 576, Loss: 342.86149
2023-04-30 16:30:12,340 - INFO - Epoch 577, Loss: 342.81450
2023-04-30 16:30:13,189 - INFO - Epoch 578, Loss: 341.85437
2023-04-30 16:30:14,042 - INFO - Epoch 579, Loss: 341.56738
2023-04-30 16:30:14,883 - INFO - Epoch 580, Loss: 340.14908
2023-04-30 16:30:15,724 - INFO - Epoch 581, Loss: 339.34098
2023-04-30 16:30:16,565 - INFO - Epoch 582, Loss: 339.81501
2023-04-30 16:30:17,406 - INFO - Epoch 583, Loss: 337.18218
2023-04-30 16:30:18,246 - INFO - Epoch 584, Loss: 335.71169
2023-04-30 16:30:19,087 - INFO - Epoch 585, Loss: 336.67971
2023-04-30 16:30:19,928 - INFO - Epoch 586, Loss: 334.84851
2023-04-30 16:30:20,769 - INFO - Epoch 587, Loss: 336.11783
2023-04-30 16:30:21,611 - INFO - Epoch 588, Loss: 332.25133
2023-04-30 16:30:22,450 - INFO - Epoch 589, Loss: 333.04343
2023-04-30 16:30:23,291 - INFO - Epoch 590, Loss: 332.11209
2023-04-30 16:30:24,135 - INFO - Epoch 591, Loss: 332.30574
2023-04-30 16:30:24,975 - INFO - Epoch 592, Loss: 331.20605
2023-04-30 16:30:25,815 - INFO - Epoch 593, Loss: 329.94570
2023-04-30 16:30:26,655 - INFO - Epoch 594, Loss: 329.24136
2023-04-30 16:30:27,495 - INFO - Epoch 595, Loss: 326.95801
2023-04-30 16:30:28,336 - INFO - Epoch 596, Loss: 326.07785
2023-04-30 16:30:29,177 - INFO - Epoch 597, Loss: 326.05618
2023-04-30 16:30:30,020 - INFO - Epoch 598, Loss: 325.27012
2023-04-30 16:30:30,861 - INFO - Epoch 599, Loss: 325.59032
2023-04-30 16:30:31,701 - INFO - Epoch 600, Loss: 324.25622
2023-04-30 16:30:34,523 - INFO - Epoch 600: [0.8s + 2.8s] Loss: 1.04599, Recall: 0.13279, Precision: 0.02783, Hit Ratio: 0.36206, NDCG: 0.16624
2023-04-30 16:30:35,460 - INFO - Epoch 601, Loss: 322.72995
2023-04-30 16:30:36,301 - INFO - Epoch 602, Loss: 321.90676
2023-04-30 16:30:37,141 - INFO - Epoch 603, Loss: 321.66787
2023-04-30 16:30:37,982 - INFO - Epoch 604, Loss: 321.97024
2023-04-30 16:30:38,820 - INFO - Epoch 605, Loss: 321.10337
2023-04-30 16:30:39,661 - INFO - Epoch 606, Loss: 319.89291
2023-04-30 16:30:40,499 - INFO - Epoch 607, Loss: 318.95276
2023-04-30 16:30:41,341 - INFO - Epoch 608, Loss: 318.20725
2023-04-30 16:30:42,180 - INFO - Epoch 609, Loss: 316.38747
2023-04-30 16:30:43,022 - INFO - Epoch 610, Loss: 317.03377
2023-04-30 16:30:43,860 - INFO - Epoch 611, Loss: 316.51531
2023-04-30 16:30:44,702 - INFO - Epoch 612, Loss: 315.14919
2023-04-30 16:30:45,559 - INFO - Epoch 613, Loss: 314.64855
2023-04-30 16:30:46,404 - INFO - Epoch 614, Loss: 312.59119
2023-04-30 16:30:47,251 - INFO - Epoch 615, Loss: 311.93855
2023-04-30 16:30:48,092 - INFO - Epoch 616, Loss: 312.68511
2023-04-30 16:30:48,933 - INFO - Epoch 617, Loss: 309.34271
2023-04-30 16:30:49,773 - INFO - Epoch 618, Loss: 310.73069
2023-04-30 16:30:50,615 - INFO - Epoch 619, Loss: 308.47300
2023-04-30 16:30:51,458 - INFO - Epoch 620, Loss: 308.89039
2023-04-30 16:30:52,297 - INFO - Epoch 621, Loss: 307.17114
2023-04-30 16:30:53,139 - INFO - Epoch 622, Loss: 308.18905
2023-04-30 16:30:53,979 - INFO - Epoch 623, Loss: 307.62788
2023-04-30 16:30:54,818 - INFO - Epoch 624, Loss: 305.21573
2023-04-30 16:30:55,659 - INFO - Epoch 625, Loss: 305.07811
2023-04-30 16:30:56,501 - INFO - Epoch 626, Loss: 304.42788
2023-04-30 16:30:57,343 - INFO - Epoch 627, Loss: 303.86933
2023-04-30 16:30:58,184 - INFO - Epoch 628, Loss: 300.28913
2023-04-30 16:30:59,026 - INFO - Epoch 629, Loss: 302.33651
2023-04-30 16:30:59,867 - INFO - Epoch 630, Loss: 301.38893
2023-04-30 16:31:00,708 - INFO - Epoch 631, Loss: 298.68030
2023-04-30 16:31:01,550 - INFO - Epoch 632, Loss: 300.26957
2023-04-30 16:31:02,389 - INFO - Epoch 633, Loss: 299.30866
2023-04-30 16:31:03,228 - INFO - Epoch 634, Loss: 297.20614
2023-04-30 16:31:04,069 - INFO - Epoch 635, Loss: 297.28522
2023-04-30 16:31:04,911 - INFO - Epoch 636, Loss: 297.89762
2023-04-30 16:31:05,751 - INFO - Epoch 637, Loss: 295.17627
2023-04-30 16:31:06,596 - INFO - Epoch 638, Loss: 293.96779
2023-04-30 16:31:07,435 - INFO - Epoch 639, Loss: 295.57692
2023-04-30 16:31:08,276 - INFO - Epoch 640, Loss: 293.04079
2023-04-30 16:31:09,117 - INFO - Epoch 641, Loss: 291.98372
2023-04-30 16:31:09,957 - INFO - Epoch 642, Loss: 292.38305
2023-04-30 16:31:10,798 - INFO - Epoch 643, Loss: 291.77264
2023-04-30 16:31:11,640 - INFO - Epoch 644, Loss: 291.56612
2023-04-30 16:31:12,480 - INFO - Epoch 645, Loss: 290.16573
2023-04-30 16:31:13,321 - INFO - Epoch 646, Loss: 288.15924
2023-04-30 16:31:14,161 - INFO - Epoch 647, Loss: 289.04098
2023-04-30 16:31:15,002 - INFO - Epoch 648, Loss: 287.90738
2023-04-30 16:31:15,842 - INFO - Epoch 649, Loss: 288.07648
2023-04-30 16:31:16,683 - INFO - Epoch 650, Loss: 286.76284
2023-04-30 16:31:17,525 - INFO - Epoch 651, Loss: 285.41472
2023-04-30 16:31:18,365 - INFO - Epoch 652, Loss: 284.64636
2023-04-30 16:31:19,209 - INFO - Epoch 653, Loss: 285.20488
2023-04-30 16:31:20,050 - INFO - Epoch 654, Loss: 281.65510
2023-04-30 16:31:20,888 - INFO - Epoch 655, Loss: 281.74846
2023-04-30 16:31:21,730 - INFO - Epoch 656, Loss: 281.74729
2023-04-30 16:31:22,572 - INFO - Epoch 657, Loss: 278.70526
2023-04-30 16:31:23,413 - INFO - Epoch 658, Loss: 279.70726
2023-04-30 16:31:24,254 - INFO - Epoch 659, Loss: 278.35332
2023-04-30 16:31:25,095 - INFO - Epoch 660, Loss: 278.87871
2023-04-30 16:31:25,936 - INFO - Epoch 661, Loss: 276.16545
2023-04-30 16:31:26,777 - INFO - Epoch 662, Loss: 277.03116
2023-04-30 16:31:27,619 - INFO - Epoch 663, Loss: 276.92600
2023-04-30 16:31:28,460 - INFO - Epoch 664, Loss: 274.46103
2023-04-30 16:31:29,299 - INFO - Epoch 665, Loss: 274.38446
2023-04-30 16:31:30,139 - INFO - Epoch 666, Loss: 274.05513
2023-04-30 16:31:30,980 - INFO - Epoch 667, Loss: 272.84459
2023-04-30 16:31:31,819 - INFO - Epoch 668, Loss: 272.23865
2023-04-30 16:31:32,663 - INFO - Epoch 669, Loss: 271.84047
2023-04-30 16:31:33,504 - INFO - Epoch 670, Loss: 269.86025
2023-04-30 16:31:34,342 - INFO - Epoch 671, Loss: 269.48144
2023-04-30 16:31:35,182 - INFO - Epoch 672, Loss: 268.53407
2023-04-30 16:31:36,024 - INFO - Epoch 673, Loss: 268.85905
2023-04-30 16:31:36,863 - INFO - Epoch 674, Loss: 267.16370
2023-04-30 16:31:37,706 - INFO - Epoch 675, Loss: 267.77264
2023-04-30 16:31:38,546 - INFO - Epoch 676, Loss: 266.37601
2023-04-30 16:31:39,384 - INFO - Epoch 677, Loss: 265.12605
2023-04-30 16:31:40,227 - INFO - Epoch 678, Loss: 264.31754
2023-04-30 16:31:41,067 - INFO - Epoch 679, Loss: 265.26730
2023-04-30 16:31:41,907 - INFO - Epoch 680, Loss: 264.19632
2023-04-30 16:31:42,746 - INFO - Epoch 681, Loss: 263.06422
2023-04-30 16:31:43,588 - INFO - Epoch 682, Loss: 261.91537
2023-04-30 16:31:44,426 - INFO - Epoch 683, Loss: 261.62052
2023-04-30 16:31:45,265 - INFO - Epoch 684, Loss: 260.98591
2023-04-30 16:31:46,108 - INFO - Epoch 685, Loss: 260.16620
2023-04-30 16:31:46,946 - INFO - Epoch 686, Loss: 258.72909
2023-04-30 16:31:47,785 - INFO - Epoch 687, Loss: 258.09007
2023-04-30 16:31:48,625 - INFO - Epoch 688, Loss: 258.86500
2023-04-30 16:31:49,465 - INFO - Epoch 689, Loss: 258.30386
2023-04-30 16:31:50,304 - INFO - Epoch 690, Loss: 255.65677
2023-04-30 16:31:51,144 - INFO - Epoch 691, Loss: 258.34436
2023-04-30 16:31:51,984 - INFO - Epoch 692, Loss: 256.26372
2023-04-30 16:31:52,825 - INFO - Epoch 693, Loss: 254.76094
2023-04-30 16:31:53,671 - INFO - Epoch 694, Loss: 254.30233
2023-04-30 16:31:54,511 - INFO - Epoch 695, Loss: 253.88917
2023-04-30 16:31:55,349 - INFO - Epoch 696, Loss: 253.55822
2023-04-30 16:31:56,192 - INFO - Epoch 697, Loss: 252.16422
2023-04-30 16:31:57,032 - INFO - Epoch 698, Loss: 252.45496
2023-04-30 16:31:57,870 - INFO - Epoch 699, Loss: 250.43332
2023-04-30 16:31:58,713 - INFO - Epoch 700, Loss: 249.89168
2023-04-30 16:32:01,515 - INFO - Epoch 700: [0.8s + 2.8s] Loss: 0.80610, Recall: 0.13201, Precision: 0.02772, Hit Ratio: 0.36266, NDCG: 0.16590
2023-04-30 16:32:02,450 - INFO - Epoch 701, Loss: 248.79468
2023-04-30 16:32:03,292 - INFO - Epoch 702, Loss: 247.83208
2023-04-30 16:32:04,133 - INFO - Epoch 703, Loss: 247.20740
2023-04-30 16:32:04,973 - INFO - Epoch 704, Loss: 248.36463
2023-04-30 16:32:05,811 - INFO - Epoch 705, Loss: 246.90501
2023-04-30 16:32:06,650 - INFO - Epoch 706, Loss: 243.83475
2023-04-30 16:32:07,489 - INFO - Epoch 707, Loss: 244.21447
2023-04-30 16:32:08,331 - INFO - Epoch 708, Loss: 243.67462
2023-04-30 16:32:09,169 - INFO - Epoch 709, Loss: 243.32174
2023-04-30 16:32:10,010 - INFO - Epoch 710, Loss: 243.21857
2023-04-30 16:32:10,849 - INFO - Epoch 711, Loss: 242.84066
2023-04-30 16:32:11,689 - INFO - Epoch 712, Loss: 242.32039
2023-04-30 16:32:12,528 - INFO - Epoch 713, Loss: 239.86813
2023-04-30 16:32:13,367 - INFO - Epoch 714, Loss: 240.68142
2023-04-30 16:32:14,208 - INFO - Epoch 715, Loss: 238.54981
2023-04-30 16:32:15,049 - INFO - Epoch 716, Loss: 238.50645
2023-04-30 16:32:15,887 - INFO - Epoch 717, Loss: 237.24884
2023-04-30 16:32:16,730 - INFO - Epoch 718, Loss: 238.04241
2023-04-30 16:32:17,570 - INFO - Epoch 719, Loss: 235.11867
2023-04-30 16:32:18,411 - INFO - Epoch 720, Loss: 237.62780
2023-04-30 16:32:19,256 - INFO - Epoch 721, Loss: 234.88936
2023-04-30 16:32:20,098 - INFO - Epoch 722, Loss: 235.05598
2023-04-30 16:32:20,937 - INFO - Epoch 723, Loss: 233.38970
2023-04-30 16:32:21,778 - INFO - Epoch 724, Loss: 234.06133
2023-04-30 16:32:22,617 - INFO - Epoch 725, Loss: 230.87904
2023-04-30 16:32:23,459 - INFO - Epoch 726, Loss: 232.28047
2023-04-30 16:32:24,300 - INFO - Epoch 727, Loss: 232.48423
2023-04-30 16:32:25,139 - INFO - Epoch 728, Loss: 229.30863
2023-04-30 16:32:25,979 - INFO - Epoch 729, Loss: 230.69141
2023-04-30 16:32:26,818 - INFO - Epoch 730, Loss: 230.09091
2023-04-30 16:32:27,659 - INFO - Epoch 731, Loss: 227.52576
2023-04-30 16:32:28,499 - INFO - Epoch 732, Loss: 227.66489
2023-04-30 16:32:29,338 - INFO - Epoch 733, Loss: 227.92971
2023-04-30 16:32:30,179 - INFO - Epoch 734, Loss: 227.26898
2023-04-30 16:32:31,017 - INFO - Epoch 735, Loss: 225.93485
2023-04-30 16:32:31,860 - INFO - Epoch 736, Loss: 226.25152
2023-04-30 16:32:32,700 - INFO - Epoch 737, Loss: 225.02163
2023-04-30 16:32:33,540 - INFO - Epoch 738, Loss: 224.29037
2023-04-30 16:32:34,378 - INFO - Epoch 739, Loss: 224.64032
2023-04-30 16:32:35,218 - INFO - Epoch 740, Loss: 224.09062
2023-04-30 16:32:36,058 - INFO - Epoch 741, Loss: 222.31452
2023-04-30 16:32:36,898 - INFO - Epoch 742, Loss: 222.76706
2023-04-30 16:32:37,739 - INFO - Epoch 743, Loss: 222.26786
2023-04-30 16:32:38,581 - INFO - Epoch 744, Loss: 221.41128
2023-04-30 16:32:39,420 - INFO - Epoch 745, Loss: 220.56621
2023-04-30 16:32:40,262 - INFO - Epoch 746, Loss: 219.41412
2023-04-30 16:32:41,102 - INFO - Epoch 747, Loss: 219.05276
2023-04-30 16:32:41,942 - INFO - Epoch 748, Loss: 219.97374
2023-04-30 16:32:42,782 - INFO - Epoch 749, Loss: 218.25330
2023-04-30 16:32:43,623 - INFO - Epoch 750, Loss: 216.17062
2023-04-30 16:32:44,463 - INFO - Epoch 751, Loss: 215.96870
2023-04-30 16:32:45,303 - INFO - Epoch 752, Loss: 216.49621
2023-04-30 16:32:46,146 - INFO - Epoch 753, Loss: 216.44110
2023-04-30 16:32:46,990 - INFO - Epoch 754, Loss: 215.50558
2023-04-30 16:32:47,831 - INFO - Epoch 755, Loss: 215.23726
2023-04-30 16:32:48,673 - INFO - Epoch 756, Loss: 212.16746
2023-04-30 16:32:49,514 - INFO - Epoch 757, Loss: 212.45048
2023-04-30 16:32:50,357 - INFO - Epoch 758, Loss: 211.95583
2023-04-30 16:32:51,198 - INFO - Epoch 759, Loss: 211.52006
2023-04-30 16:32:52,038 - INFO - Epoch 760, Loss: 210.96080
2023-04-30 16:32:52,877 - INFO - Epoch 761, Loss: 210.85871
2023-04-30 16:32:53,722 - INFO - Epoch 762, Loss: 208.02308
2023-04-30 16:32:54,560 - INFO - Epoch 763, Loss: 209.04671
2023-04-30 16:32:55,399 - INFO - Epoch 764, Loss: 207.99286
2023-04-30 16:32:56,240 - INFO - Epoch 765, Loss: 207.28305
2023-04-30 16:32:57,085 - INFO - Epoch 766, Loss: 206.95056
2023-04-30 16:32:57,927 - INFO - Epoch 767, Loss: 206.04556
2023-04-30 16:32:58,770 - INFO - Epoch 768, Loss: 205.77084
2023-04-30 16:32:59,613 - INFO - Epoch 769, Loss: 205.25385
2023-04-30 16:33:00,453 - INFO - Epoch 770, Loss: 205.83319
2023-04-30 16:33:01,294 - INFO - Epoch 771, Loss: 203.46629
2023-04-30 16:33:02,138 - INFO - Epoch 772, Loss: 200.73997
2023-04-30 16:33:02,978 - INFO - Epoch 773, Loss: 202.04480
2023-04-30 16:33:03,817 - INFO - Epoch 774, Loss: 202.74918
2023-04-30 16:33:04,659 - INFO - Epoch 775, Loss: 202.70662
2023-04-30 16:33:05,501 - INFO - Epoch 776, Loss: 199.92152
2023-04-30 16:33:06,340 - INFO - Epoch 777, Loss: 200.97921
2023-04-30 16:33:07,180 - INFO - Epoch 778, Loss: 200.71446
2023-04-30 16:33:08,021 - INFO - Epoch 779, Loss: 199.80339
2023-04-30 16:33:08,863 - INFO - Epoch 780, Loss: 198.06815
2023-04-30 16:33:09,703 - INFO - Epoch 781, Loss: 198.03037
2023-04-30 16:33:10,543 - INFO - Epoch 782, Loss: 197.62599
2023-04-30 16:33:11,386 - INFO - Epoch 783, Loss: 197.73416
2023-04-30 16:33:12,228 - INFO - Epoch 784, Loss: 195.99055
2023-04-30 16:33:13,068 - INFO - Epoch 785, Loss: 193.63301
2023-04-30 16:33:13,907 - INFO - Epoch 786, Loss: 195.95230
2023-04-30 16:33:14,748 - INFO - Epoch 787, Loss: 193.55559
2023-04-30 16:33:15,587 - INFO - Epoch 788, Loss: 195.03047
2023-04-30 16:33:16,428 - INFO - Epoch 789, Loss: 192.69617
2023-04-30 16:33:17,272 - INFO - Epoch 790, Loss: 193.70873
2023-04-30 16:33:18,111 - INFO - Epoch 791, Loss: 190.84233
2023-04-30 16:33:18,951 - INFO - Epoch 792, Loss: 190.91757
2023-04-30 16:33:19,793 - INFO - Epoch 793, Loss: 189.98437
2023-04-30 16:33:20,633 - INFO - Epoch 794, Loss: 191.04109
2023-04-30 16:33:21,475 - INFO - Epoch 795, Loss: 190.28608
2023-04-30 16:33:22,316 - INFO - Epoch 796, Loss: 188.49185
2023-04-30 16:33:23,156 - INFO - Epoch 797, Loss: 191.15199
2023-04-30 16:33:23,999 - INFO - Epoch 798, Loss: 187.83373
2023-04-30 16:33:24,838 - INFO - Epoch 799, Loss: 186.26380
2023-04-30 16:33:25,677 - INFO - Epoch 800, Loss: 188.52205
2023-04-30 16:33:28,478 - INFO - Epoch 800: [0.8s + 2.8s] Loss: 0.60814, Recall: 0.13055, Precision: 0.02723, Hit Ratio: 0.36326, NDCG: 0.16580
2023-04-30 16:33:29,411 - INFO - Epoch 801, Loss: 185.70364
2023-04-30 16:33:30,253 - INFO - Epoch 802, Loss: 185.31289
2023-04-30 16:33:31,097 - INFO - Epoch 803, Loss: 186.18176
2023-04-30 16:33:31,938 - INFO - Epoch 804, Loss: 184.34451
2023-04-30 16:33:32,780 - INFO - Epoch 805, Loss: 185.11785
2023-04-30 16:33:33,619 - INFO - Epoch 806, Loss: 183.06041
2023-04-30 16:33:34,467 - INFO - Epoch 807, Loss: 184.93971
2023-04-30 16:33:35,310 - INFO - Epoch 808, Loss: 183.33741
2023-04-30 16:33:36,149 - INFO - Epoch 809, Loss: 182.77627
2023-04-30 16:33:37,000 - INFO - Epoch 810, Loss: 182.63582
2023-04-30 16:33:37,844 - INFO - Epoch 811, Loss: 181.90074
2023-04-30 16:33:38,685 - INFO - Epoch 812, Loss: 182.24232
2023-04-30 16:33:39,525 - INFO - Epoch 813, Loss: 181.07343
2023-04-30 16:33:40,365 - INFO - Epoch 814, Loss: 179.89969
2023-04-30 16:33:41,206 - INFO - Epoch 815, Loss: 177.92391
2023-04-30 16:33:42,047 - INFO - Epoch 816, Loss: 179.21776
2023-04-30 16:33:42,888 - INFO - Epoch 817, Loss: 178.50526
2023-04-30 16:33:43,733 - INFO - Epoch 818, Loss: 177.87054
2023-04-30 16:33:44,588 - INFO - Epoch 819, Loss: 176.97741
2023-04-30 16:33:45,426 - INFO - Epoch 820, Loss: 177.86783
2023-04-30 16:33:46,267 - INFO - Epoch 821, Loss: 176.50660
2023-04-30 16:33:47,108 - INFO - Epoch 822, Loss: 175.11563
2023-04-30 16:33:47,947 - INFO - Epoch 823, Loss: 173.19179
2023-04-30 16:33:48,787 - INFO - Epoch 824, Loss: 174.21841
2023-04-30 16:33:49,630 - INFO - Epoch 825, Loss: 174.12893
2023-04-30 16:33:50,483 - INFO - Epoch 826, Loss: 173.60208
2023-04-30 16:33:51,333 - INFO - Epoch 827, Loss: 172.44728
2023-04-30 16:33:52,188 - INFO - Epoch 828, Loss: 172.74561
2023-04-30 16:33:53,150 - INFO - Epoch 829, Loss: 170.85369
2023-04-30 16:33:54,047 - INFO - Epoch 830, Loss: 171.56007
2023-04-30 16:33:54,890 - INFO - Epoch 831, Loss: 170.98170
2023-04-30 16:33:55,779 - INFO - Epoch 832, Loss: 171.00516
2023-04-30 16:33:56,647 - INFO - Epoch 833, Loss: 169.06917
2023-04-30 16:33:57,538 - INFO - Epoch 834, Loss: 169.17407
2023-04-30 16:33:58,415 - INFO - Epoch 835, Loss: 169.43914
2023-04-30 16:33:59,286 - INFO - Epoch 836, Loss: 169.76003
2023-04-30 16:34:00,162 - INFO - Epoch 837, Loss: 167.44916
2023-04-30 16:34:01,037 - INFO - Epoch 838, Loss: 167.97086
2023-04-30 16:34:01,914 - INFO - Epoch 839, Loss: 169.45199
2023-04-30 16:34:02,791 - INFO - Epoch 840, Loss: 166.12833
2023-04-30 16:34:03,644 - INFO - Epoch 841, Loss: 166.68224
2023-04-30 16:34:04,498 - INFO - Epoch 842, Loss: 166.16113
2023-04-30 16:34:05,344 - INFO - Epoch 843, Loss: 163.81264
2023-04-30 16:34:06,207 - INFO - Epoch 844, Loss: 163.96759
2023-04-30 16:34:07,052 - INFO - Epoch 845, Loss: 163.86125
2023-04-30 16:34:07,894 - INFO - Epoch 846, Loss: 164.64515
2023-04-30 16:34:08,766 - INFO - Epoch 847, Loss: 163.92829
2023-04-30 16:34:09,619 - INFO - Epoch 848, Loss: 161.62701
2023-04-30 16:34:10,470 - INFO - Epoch 849, Loss: 161.27040
2023-04-30 16:34:11,321 - INFO - Epoch 850, Loss: 160.66873
2023-04-30 16:34:12,254 - INFO - Epoch 851, Loss: 159.85347
2023-04-30 16:34:13,130 - INFO - Epoch 852, Loss: 159.26284
2023-04-30 16:34:13,992 - INFO - Epoch 853, Loss: 161.09962
2023-04-30 16:34:14,879 - INFO - Epoch 854, Loss: 158.97017
2023-04-30 16:34:15,792 - INFO - Epoch 855, Loss: 159.67646
2023-04-30 16:34:16,709 - INFO - Epoch 856, Loss: 160.34104
2023-04-30 16:34:17,565 - INFO - Epoch 857, Loss: 156.47453
2023-04-30 16:34:18,406 - INFO - Epoch 858, Loss: 157.69271
2023-04-30 16:34:19,255 - INFO - Epoch 859, Loss: 157.76673
2023-04-30 16:34:20,109 - INFO - Epoch 860, Loss: 156.32766
2023-04-30 16:34:20,953 - INFO - Epoch 861, Loss: 157.19417
2023-04-30 16:34:21,798 - INFO - Epoch 862, Loss: 156.13070
2023-04-30 16:34:22,646 - INFO - Epoch 863, Loss: 154.50531
2023-04-30 16:34:23,489 - INFO - Epoch 864, Loss: 155.29366
2023-04-30 16:34:24,332 - INFO - Epoch 865, Loss: 154.32198
2023-04-30 16:34:25,175 - INFO - Epoch 866, Loss: 152.95362
2023-04-30 16:34:26,015 - INFO - Epoch 867, Loss: 153.92511
2023-04-30 16:34:26,855 - INFO - Epoch 868, Loss: 152.67725
2023-04-30 16:34:27,701 - INFO - Epoch 869, Loss: 152.92184
2023-04-30 16:34:28,545 - INFO - Epoch 870, Loss: 152.54199
2023-04-30 16:34:29,387 - INFO - Epoch 871, Loss: 151.48968
2023-04-30 16:34:30,233 - INFO - Epoch 872, Loss: 150.08493
2023-04-30 16:34:31,074 - INFO - Epoch 873, Loss: 150.57857
2023-04-30 16:34:31,913 - INFO - Epoch 874, Loss: 150.67536
2023-04-30 16:34:32,754 - INFO - Epoch 875, Loss: 150.29395
2023-04-30 16:34:33,595 - INFO - Epoch 876, Loss: 149.46691
2023-04-30 16:34:34,435 - INFO - Epoch 877, Loss: 149.83748
2023-04-30 16:34:35,275 - INFO - Epoch 878, Loss: 147.96821
2023-04-30 16:34:36,117 - INFO - Epoch 879, Loss: 146.70191
2023-04-30 16:34:36,956 - INFO - Epoch 880, Loss: 145.99906
2023-04-30 16:34:37,797 - INFO - Epoch 881, Loss: 146.31853
2023-04-30 16:34:38,639 - INFO - Epoch 882, Loss: 147.73595
2023-04-30 16:34:39,480 - INFO - Epoch 883, Loss: 145.58621
2023-04-30 16:34:40,319 - INFO - Epoch 884, Loss: 147.39540
2023-04-30 16:34:41,160 - INFO - Epoch 885, Loss: 145.44997
2023-04-30 16:34:42,000 - INFO - Epoch 886, Loss: 144.80530
2023-04-30 16:34:42,842 - INFO - Epoch 887, Loss: 144.23641
2023-04-30 16:34:43,684 - INFO - Epoch 888, Loss: 145.37561
2023-04-30 16:34:44,525 - INFO - Epoch 889, Loss: 143.90385
2023-04-30 16:34:45,365 - INFO - Epoch 890, Loss: 142.69829
2023-04-30 16:34:46,207 - INFO - Epoch 891, Loss: 143.34559
2023-04-30 16:34:47,048 - INFO - Epoch 892, Loss: 141.14659
2023-04-30 16:34:47,886 - INFO - Epoch 893, Loss: 141.27160
2023-04-30 16:34:48,726 - INFO - Epoch 894, Loss: 141.60288
2023-04-30 16:34:49,566 - INFO - Epoch 895, Loss: 141.61799
2023-04-30 16:34:50,405 - INFO - Epoch 896, Loss: 142.17168
2023-04-30 16:34:51,247 - INFO - Epoch 897, Loss: 140.63280
2023-04-30 16:34:52,088 - INFO - Epoch 898, Loss: 139.48988
2023-04-30 16:34:52,927 - INFO - Epoch 899, Loss: 138.42087
2023-04-30 16:34:53,769 - INFO - Epoch 900, Loss: 139.60336
2023-04-30 16:34:56,588 - INFO - Epoch 900: [0.8s + 2.8s] Loss: 0.45033, Recall: 0.12712, Precision: 0.02660, Hit Ratio: 0.35757, NDCG: 0.16355
2023-04-30 16:34:57,535 - INFO - Epoch 901, Loss: 136.64050
2023-04-30 16:34:58,374 - INFO - Epoch 902, Loss: 138.81100
2023-04-30 16:34:59,216 - INFO - Epoch 903, Loss: 136.57549
2023-04-30 16:35:00,060 - INFO - Epoch 904, Loss: 136.38975
2023-04-30 16:35:00,899 - INFO - Epoch 905, Loss: 135.65762
2023-04-30 16:35:01,747 - INFO - Epoch 906, Loss: 138.36057
2023-04-30 16:35:02,595 - INFO - Epoch 907, Loss: 135.45100
2023-04-30 16:35:03,440 - INFO - Epoch 908, Loss: 136.39445
2023-04-30 16:35:04,285 - INFO - Epoch 909, Loss: 134.57838
2023-04-30 16:35:05,132 - INFO - Epoch 910, Loss: 135.08818
2023-04-30 16:35:05,980 - INFO - Epoch 911, Loss: 135.05682
2023-04-30 16:35:06,825 - INFO - Epoch 912, Loss: 133.79021
2023-04-30 16:35:07,676 - INFO - Epoch 913, Loss: 134.17421
2023-04-30 16:35:08,526 - INFO - Epoch 914, Loss: 133.58890
2023-04-30 16:35:09,372 - INFO - Epoch 915, Loss: 132.88851
2023-04-30 16:35:10,225 - INFO - Epoch 916, Loss: 133.71093
2023-04-30 16:35:11,071 - INFO - Epoch 917, Loss: 132.81837
2023-04-30 16:35:11,913 - INFO - Epoch 918, Loss: 132.08765
2023-04-30 16:35:12,777 - INFO - Epoch 919, Loss: 130.84313
2023-04-30 16:35:13,637 - INFO - Epoch 920, Loss: 133.52621
2023-04-30 16:35:14,553 - INFO - Epoch 921, Loss: 131.56165
2023-04-30 16:35:15,399 - INFO - Epoch 922, Loss: 131.49898
2023-04-30 16:35:16,289 - INFO - Epoch 923, Loss: 131.09516
2023-04-30 16:35:17,181 - INFO - Epoch 924, Loss: 130.59033
2023-04-30 16:35:18,062 - INFO - Epoch 925, Loss: 128.83802
2023-04-30 16:35:18,941 - INFO - Epoch 926, Loss: 128.80323
2023-04-30 16:35:19,799 - INFO - Epoch 927, Loss: 129.82938
2023-04-30 16:35:20,659 - INFO - Epoch 928, Loss: 128.26286
2023-04-30 16:35:21,522 - INFO - Epoch 929, Loss: 128.52752
2023-04-30 16:35:22,435 - INFO - Epoch 930, Loss: 128.79215
2023-04-30 16:35:23,325 - INFO - Epoch 931, Loss: 127.85236
2023-04-30 16:35:24,200 - INFO - Epoch 932, Loss: 127.74818
2023-04-30 16:35:25,059 - INFO - Epoch 933, Loss: 126.79086
2023-04-30 16:35:25,910 - INFO - Epoch 934, Loss: 125.76096
2023-04-30 16:35:26,813 - INFO - Epoch 935, Loss: 125.30430
2023-04-30 16:35:27,663 - INFO - Epoch 936, Loss: 125.02770
2023-04-30 16:35:28,528 - INFO - Epoch 937, Loss: 124.57758
2023-04-30 16:35:29,390 - INFO - Epoch 938, Loss: 124.54221
2023-04-30 16:35:30,237 - INFO - Epoch 939, Loss: 126.53226
2023-04-30 16:35:31,083 - INFO - Epoch 940, Loss: 125.94079
2023-04-30 16:35:31,923 - INFO - Epoch 941, Loss: 121.95138
2023-04-30 16:35:32,766 - INFO - Epoch 942, Loss: 122.09672
2023-04-30 16:35:33,608 - INFO - Epoch 943, Loss: 124.18173
2023-04-30 16:35:34,460 - INFO - Epoch 944, Loss: 123.24043
2023-04-30 16:35:35,302 - INFO - Epoch 945, Loss: 122.75204
2023-04-30 16:35:36,144 - INFO - Epoch 946, Loss: 121.53570
2023-04-30 16:35:36,984 - INFO - Epoch 947, Loss: 120.56317
2023-04-30 16:35:37,823 - INFO - Epoch 948, Loss: 121.13490
2023-04-30 16:35:38,661 - INFO - Epoch 949, Loss: 121.78973
2023-04-30 16:35:39,502 - INFO - Epoch 950, Loss: 121.50173
2023-04-30 16:35:40,341 - INFO - Epoch 951, Loss: 120.87149
2023-04-30 16:35:41,185 - INFO - Epoch 952, Loss: 119.20633
2023-04-30 16:35:42,024 - INFO - Epoch 953, Loss: 118.84408
2023-04-30 16:35:42,863 - INFO - Epoch 954, Loss: 119.10314
2023-04-30 16:35:43,705 - INFO - Epoch 955, Loss: 119.21975
2023-04-30 16:35:44,544 - INFO - Epoch 956, Loss: 118.15022
2023-04-30 16:35:45,381 - INFO - Epoch 957, Loss: 116.85994
2023-04-30 16:35:46,221 - INFO - Epoch 958, Loss: 118.04470
2023-04-30 16:35:47,060 - INFO - Epoch 959, Loss: 119.50183
2023-04-30 16:35:47,898 - INFO - Epoch 960, Loss: 117.17832
2023-04-30 16:35:48,743 - INFO - Epoch 961, Loss: 116.35034
2023-04-30 16:35:49,584 - INFO - Epoch 962, Loss: 116.35926
2023-04-30 16:35:50,428 - INFO - Epoch 963, Loss: 116.17937
2023-04-30 16:35:51,313 - INFO - Epoch 964, Loss: 116.29830
2023-04-30 16:35:52,170 - INFO - Epoch 965, Loss: 115.70520
2023-04-30 16:35:53,040 - INFO - Epoch 966, Loss: 115.91412
2023-04-30 16:35:53,887 - INFO - Epoch 967, Loss: 116.36246
2023-04-30 16:35:54,776 - INFO - Epoch 968, Loss: 114.28339
2023-04-30 16:35:55,675 - INFO - Epoch 969, Loss: 114.42425
2023-04-30 16:35:56,561 - INFO - Epoch 970, Loss: 114.27026
2023-04-30 16:35:57,425 - INFO - Epoch 971, Loss: 113.03517
2023-04-30 16:35:58,290 - INFO - Epoch 972, Loss: 114.08131
2023-04-30 16:35:59,174 - INFO - Epoch 973, Loss: 113.17000
2023-04-30 16:36:00,034 - INFO - Epoch 974, Loss: 113.15709
2023-04-30 16:36:00,897 - INFO - Epoch 975, Loss: 112.74594
2023-04-30 16:36:01,767 - INFO - Epoch 976, Loss: 110.64928
2023-04-30 16:36:02,689 - INFO - Epoch 977, Loss: 113.36925
2023-04-30 16:36:03,563 - INFO - Epoch 978, Loss: 111.12552
2023-04-30 16:36:04,481 - INFO - Epoch 979, Loss: 112.75270
2023-04-30 16:36:05,378 - INFO - Epoch 980, Loss: 109.81015
2023-04-30 16:36:06,235 - INFO - Epoch 981, Loss: 110.65182
2023-04-30 16:36:07,083 - INFO - Epoch 982, Loss: 109.69585
2023-04-30 16:36:07,941 - INFO - Epoch 983, Loss: 109.16472
2023-04-30 16:36:08,784 - INFO - Epoch 984, Loss: 109.31344
2023-04-30 16:36:09,627 - INFO - Epoch 985, Loss: 108.51995
2023-04-30 16:36:10,466 - INFO - Epoch 986, Loss: 108.74121
2023-04-30 16:36:11,308 - INFO - Epoch 987, Loss: 107.38355
2023-04-30 16:36:12,149 - INFO - Epoch 988, Loss: 107.80655
2023-04-30 16:36:12,990 - INFO - Epoch 989, Loss: 107.99220
2023-04-30 16:36:13,830 - INFO - Epoch 990, Loss: 107.10798
2023-04-30 16:36:14,673 - INFO - Epoch 991, Loss: 106.54432
2023-04-30 16:36:15,555 - INFO - Epoch 992, Loss: 107.75749
2023-04-30 16:36:16,465 - INFO - Epoch 993, Loss: 106.02132
2023-04-30 16:36:17,330 - INFO - Epoch 994, Loss: 106.26255
2023-04-30 16:36:18,223 - INFO - Epoch 995, Loss: 104.37334
2023-04-30 16:36:19,121 - INFO - Epoch 996, Loss: 105.53634
2023-04-30 16:36:19,992 - INFO - Epoch 997, Loss: 104.45450
2023-04-30 16:36:20,837 - INFO - Epoch 998, Loss: 105.15604
2023-04-30 16:36:21,677 - INFO - Epoch 999, Loss: 103.99979
2023-04-30 16:36:22,517 - INFO - Epoch 1000, Loss: 104.62322
2023-04-30 16:36:25,368 - INFO - Epoch 1000: [0.8s + 2.9s] Loss: 0.33749, Recall: 0.12320, Precision: 0.02572, Hit Ratio: 0.34800, NDCG: 0.15907
2023-04-30 16:36:26,314 - INFO - Epoch 1001, Loss: 105.04749
2023-04-30 16:36:27,156 - INFO - Epoch 1002, Loss: 105.97011
2023-04-30 16:36:27,995 - INFO - Epoch 1003, Loss: 103.73104
2023-04-30 16:36:28,834 - INFO - Epoch 1004, Loss: 104.30228
2023-04-30 16:36:29,674 - INFO - Epoch 1005, Loss: 105.39144
2023-04-30 16:36:30,514 - INFO - Epoch 1006, Loss: 102.61620
2023-04-30 16:36:31,355 - INFO - Epoch 1007, Loss: 102.77230
2023-04-30 16:36:32,196 - INFO - Epoch 1008, Loss: 103.05126
2023-04-30 16:36:33,035 - INFO - Epoch 1009, Loss: 100.92951
2023-04-30 16:36:33,878 - INFO - Epoch 1010, Loss: 102.12775
2023-04-30 16:36:34,749 - INFO - Epoch 1011, Loss: 101.15065
2023-04-30 16:36:35,604 - INFO - Epoch 1012, Loss: 101.59908
2023-04-30 16:36:36,454 - INFO - Epoch 1013, Loss: 101.17651
2023-04-30 16:36:37,302 - INFO - Epoch 1014, Loss: 100.35879
2023-04-30 16:36:38,152 - INFO - Epoch 1015, Loss: 99.75430
2023-04-30 16:36:39,002 - INFO - Epoch 1016, Loss: 101.46020
2023-04-30 16:36:39,854 - INFO - Epoch 1017, Loss: 99.18832
2023-04-30 16:36:40,701 - INFO - Epoch 1018, Loss: 99.13038
2023-04-30 16:36:41,542 - INFO - Epoch 1019, Loss: 99.08176
2023-04-30 16:36:42,382 - INFO - Epoch 1020, Loss: 98.35354
2023-04-30 16:36:43,223 - INFO - Epoch 1021, Loss: 98.71560
2023-04-30 16:36:44,097 - INFO - Epoch 1022, Loss: 98.37195
2023-04-30 16:36:44,986 - INFO - Epoch 1023, Loss: 99.56641
2023-04-30 16:36:45,837 - INFO - Epoch 1024, Loss: 96.85222
2023-04-30 16:36:46,680 - INFO - Epoch 1025, Loss: 98.39343
2023-04-30 16:36:47,546 - INFO - Epoch 1026, Loss: 98.82831
2023-04-30 16:36:48,399 - INFO - Epoch 1027, Loss: 97.99663
2023-04-30 16:36:49,258 - INFO - Epoch 1028, Loss: 97.02332
2023-04-30 16:36:50,110 - INFO - Epoch 1029, Loss: 97.79358
2023-04-30 16:36:50,988 - INFO - Epoch 1030, Loss: 95.42136
2023-04-30 16:36:51,861 - INFO - Epoch 1031, Loss: 96.52253
2023-04-30 16:36:52,753 - INFO - Epoch 1032, Loss: 95.43574
2023-04-30 16:36:53,615 - INFO - Epoch 1033, Loss: 96.46623
2023-04-30 16:36:54,480 - INFO - Epoch 1034, Loss: 96.99620
2023-04-30 16:36:55,326 - INFO - Epoch 1035, Loss: 94.64602
2023-04-30 16:36:56,274 - INFO - Epoch 1036, Loss: 95.20260
2023-04-30 16:36:57,159 - INFO - Epoch 1037, Loss: 94.53207
2023-04-30 16:36:58,016 - INFO - Epoch 1038, Loss: 94.10597
2023-04-30 16:36:58,863 - INFO - Epoch 1039, Loss: 94.78290
2023-04-30 16:36:59,716 - INFO - Epoch 1040, Loss: 93.23571
2023-04-30 16:37:00,559 - INFO - Epoch 1041, Loss: 93.70481
2023-04-30 16:37:01,410 - INFO - Epoch 1042, Loss: 93.82495
2023-04-30 16:37:02,280 - INFO - Epoch 1043, Loss: 93.11963
2023-04-30 16:37:03,155 - INFO - Epoch 1044, Loss: 93.76756
2023-04-30 16:37:04,064 - INFO - Epoch 1045, Loss: 94.22654
2023-04-30 16:37:04,933 - INFO - Epoch 1046, Loss: 91.62076
2023-04-30 16:37:05,797 - INFO - Epoch 1047, Loss: 93.49368
2023-04-30 16:37:06,648 - INFO - Epoch 1048, Loss: 92.84711
2023-04-30 16:37:07,526 - INFO - Epoch 1049, Loss: 92.15853
2023-04-30 16:37:08,386 - INFO - Epoch 1050, Loss: 90.93385
2023-04-30 16:37:09,231 - INFO - Epoch 1051, Loss: 93.19994
2023-04-30 16:37:10,072 - INFO - Epoch 1052, Loss: 91.27763
2023-04-30 16:37:10,930 - INFO - Epoch 1053, Loss: 90.65868
2023-04-30 16:37:11,793 - INFO - Epoch 1054, Loss: 91.25289
2023-04-30 16:37:12,638 - INFO - Epoch 1055, Loss: 90.17570
2023-04-30 16:37:13,480 - INFO - Epoch 1056, Loss: 90.04111
2023-04-30 16:37:14,344 - INFO - Epoch 1057, Loss: 91.15947
2023-04-30 16:37:15,199 - INFO - Epoch 1058, Loss: 89.32808
2023-04-30 16:37:16,052 - INFO - Epoch 1059, Loss: 90.54058
2023-04-30 16:37:16,894 - INFO - Epoch 1060, Loss: 87.61248
2023-04-30 16:37:17,742 - INFO - Epoch 1061, Loss: 89.78482
2023-04-30 16:37:18,616 - INFO - Epoch 1062, Loss: 89.37109
2023-04-30 16:37:19,474 - INFO - Epoch 1063, Loss: 88.54952
2023-04-30 16:37:20,315 - INFO - Epoch 1064, Loss: 88.74263
2023-04-30 16:37:21,171 - INFO - Epoch 1065, Loss: 87.67172
2023-04-30 16:37:22,020 - INFO - Epoch 1066, Loss: 89.08565
2023-04-30 16:37:22,873 - INFO - Epoch 1067, Loss: 88.32320
2023-04-30 16:37:23,752 - INFO - Epoch 1068, Loss: 88.24005
2023-04-30 16:37:24,628 - INFO - Epoch 1069, Loss: 89.03999
2023-04-30 16:37:25,499 - INFO - Epoch 1070, Loss: 87.24573
2023-04-30 16:37:26,365 - INFO - Epoch 1071, Loss: 88.11865
2023-04-30 16:37:27,228 - INFO - Epoch 1072, Loss: 87.69008
2023-04-30 16:37:28,091 - INFO - Epoch 1073, Loss: 87.27699
2023-04-30 16:37:28,957 - INFO - Epoch 1074, Loss: 86.59083
2023-04-30 16:37:29,813 - INFO - Epoch 1075, Loss: 85.63598
2023-04-30 16:37:30,651 - INFO - Epoch 1076, Loss: 85.16449
2023-04-30 16:37:31,489 - INFO - Epoch 1077, Loss: 86.80007
2023-04-30 16:37:32,327 - INFO - Epoch 1078, Loss: 86.42879
2023-04-30 16:37:33,176 - INFO - Epoch 1079, Loss: 87.00429
2023-04-30 16:37:34,035 - INFO - Epoch 1080, Loss: 85.66933
2023-04-30 16:37:34,885 - INFO - Epoch 1081, Loss: 85.79784
2023-04-30 16:37:35,749 - INFO - Epoch 1082, Loss: 83.97369
2023-04-30 16:37:36,626 - INFO - Epoch 1083, Loss: 84.61139
2023-04-30 16:37:37,485 - INFO - Epoch 1084, Loss: 85.35478
2023-04-30 16:37:38,351 - INFO - Epoch 1085, Loss: 84.59405
2023-04-30 16:37:39,218 - INFO - Epoch 1086, Loss: 84.65503
2023-04-30 16:37:40,079 - INFO - Epoch 1087, Loss: 83.55851
2023-04-30 16:37:40,947 - INFO - Epoch 1088, Loss: 83.43767
2023-04-30 16:37:41,795 - INFO - Epoch 1089, Loss: 85.22858
2023-04-30 16:37:42,655 - INFO - Epoch 1090, Loss: 82.43630
2023-04-30 16:37:43,496 - INFO - Epoch 1091, Loss: 83.04965
2023-04-30 16:37:44,342 - INFO - Epoch 1092, Loss: 81.92689
2023-04-30 16:37:45,194 - INFO - Epoch 1093, Loss: 84.04713
2023-04-30 16:37:46,072 - INFO - Epoch 1094, Loss: 83.70477
2023-04-30 16:37:46,951 - INFO - Epoch 1095, Loss: 82.42049
2023-04-30 16:37:47,803 - INFO - Epoch 1096, Loss: 80.75424
2023-04-30 16:37:48,646 - INFO - Epoch 1097, Loss: 82.00934
2023-04-30 16:37:49,485 - INFO - Epoch 1098, Loss: 80.75587
2023-04-30 16:37:50,343 - INFO - Epoch 1099, Loss: 81.76304
2023-04-30 16:37:51,218 - INFO - Epoch 1100, Loss: 81.76751
2023-04-30 16:37:54,010 - INFO - Epoch 1100: [0.9s + 2.8s] Loss: 0.26377, Recall: 0.12251, Precision: 0.02548, Hit Ratio: 0.34770, NDCG: 0.15748
2023-04-30 16:37:54,010 - INFO - Best Iter = recall:0.13279, pres:0.02783, hr:0.36206, ndcg:0.16624
