2023-04-30 17:17:39,583 - INFO - Loaded Data/Office/train.csv with 3508 users and 2318 items.
2023-04-30 17:17:39,583 - INFO - Matrix size: (3509, 2319), total ratings: 31193
2023-04-30 17:17:40,027 - INFO - Loaded Data/Office/test.csv with 3508 users and 2334 items.
2023-04-30 17:17:40,027 - INFO - Matrix size: (3509, 2335), total ratings: 13396
2023-04-30 17:17:40,784 - INFO - Loaded dataset with 3509 users and 2319 items.
2023-04-30 17:17:40,784 - INFO - Training set contains 31193 ratings and test set contains 13396 ratings.
2023-04-30 17:17:43,047 - INFO - Epoch 1, Loss: 693.81088
2023-04-30 17:17:43,979 - INFO - Epoch 2, Loss: 692.91822
2023-04-30 17:17:44,890 - INFO - Epoch 3, Loss: 692.40028
2023-04-30 17:17:45,745 - INFO - Epoch 4, Loss: 691.95252
2023-04-30 17:17:46,599 - INFO - Epoch 5, Loss: 691.62799
2023-04-30 17:17:47,521 - INFO - Epoch 6, Loss: 691.37749
2023-04-30 17:17:48,419 - INFO - Epoch 7, Loss: 691.17057
2023-04-30 17:17:49,289 - INFO - Epoch 8, Loss: 690.95287
2023-04-30 17:17:50,139 - INFO - Epoch 9, Loss: 690.72829
2023-04-30 17:17:50,986 - INFO - Epoch 10, Loss: 690.53103
2023-04-30 17:17:53,813 - INFO - Epoch 10: [0.8s + 2.8s] Loss: 2.22752, Recall: 0.01072, Precision: 0.00245, Hit Ratio: 0.04638, NDCG: 0.01743
2023-04-30 17:17:54,808 - INFO - Epoch 11, Loss: 690.32904
2023-04-30 17:17:55,685 - INFO - Epoch 12, Loss: 690.15989
2023-04-30 17:17:56,530 - INFO - Epoch 13, Loss: 689.92994
2023-04-30 17:17:57,378 - INFO - Epoch 14, Loss: 689.76642
2023-04-30 17:17:58,227 - INFO - Epoch 15, Loss: 689.59162
2023-04-30 17:17:59,077 - INFO - Epoch 16, Loss: 689.44819
2023-04-30 17:17:59,926 - INFO - Epoch 17, Loss: 689.27212
2023-04-30 17:18:00,780 - INFO - Epoch 18, Loss: 689.08845
2023-04-30 17:18:01,622 - INFO - Epoch 19, Loss: 688.89690
2023-04-30 17:18:02,481 - INFO - Epoch 20, Loss: 688.75686
2023-04-30 17:18:05,399 - INFO - Epoch 20: [0.9s + 2.9s] Loss: 2.22180, Recall: 0.01468, Precision: 0.00337, Hit Ratio: 0.06014, NDCG: 0.02328
2023-04-30 17:18:06,347 - INFO - Epoch 21, Loss: 688.62344
2023-04-30 17:18:07,191 - INFO - Epoch 22, Loss: 688.45314
2023-04-30 17:18:08,037 - INFO - Epoch 23, Loss: 688.25992
2023-04-30 17:18:08,882 - INFO - Epoch 24, Loss: 688.11127
2023-04-30 17:18:09,726 - INFO - Epoch 25, Loss: 687.97633
2023-04-30 17:18:10,569 - INFO - Epoch 26, Loss: 687.81385
2023-04-30 17:18:11,414 - INFO - Epoch 27, Loss: 687.61792
2023-04-30 17:18:12,255 - INFO - Epoch 28, Loss: 687.45777
2023-04-30 17:18:13,097 - INFO - Epoch 29, Loss: 687.34333
2023-04-30 17:18:13,940 - INFO - Epoch 30, Loss: 687.17598
2023-04-30 17:18:16,777 - INFO - Epoch 30: [0.8s + 2.8s] Loss: 2.21670, Recall: 0.02133, Precision: 0.00489, Hit Ratio: 0.08348, NDCG: 0.03344
2023-04-30 17:18:17,715 - INFO - Epoch 31, Loss: 687.03587
2023-04-30 17:18:18,562 - INFO - Epoch 32, Loss: 686.87018
2023-04-30 17:18:19,403 - INFO - Epoch 33, Loss: 686.73414
2023-04-30 17:18:20,245 - INFO - Epoch 34, Loss: 686.57826
2023-04-30 17:18:21,088 - INFO - Epoch 35, Loss: 686.43814
2023-04-30 17:18:21,933 - INFO - Epoch 36, Loss: 686.28545
2023-04-30 17:18:22,776 - INFO - Epoch 37, Loss: 686.10615
2023-04-30 17:18:23,617 - INFO - Epoch 38, Loss: 686.00197
2023-04-30 17:18:24,458 - INFO - Epoch 39, Loss: 685.81436
2023-04-30 17:18:25,300 - INFO - Epoch 40, Loss: 685.66562
2023-04-30 17:18:28,160 - INFO - Epoch 40: [0.8s + 2.9s] Loss: 2.21182, Recall: 0.02772, Precision: 0.00633, Hit Ratio: 0.10293, NDCG: 0.04369
2023-04-30 17:18:29,102 - INFO - Epoch 41, Loss: 685.52130
2023-04-30 17:18:29,944 - INFO - Epoch 42, Loss: 685.39008
2023-04-30 17:18:30,785 - INFO - Epoch 43, Loss: 685.20947
2023-04-30 17:18:31,629 - INFO - Epoch 44, Loss: 685.09279
2023-04-30 17:18:32,472 - INFO - Epoch 45, Loss: 684.88964
2023-04-30 17:18:33,314 - INFO - Epoch 46, Loss: 684.78783
2023-04-30 17:18:34,156 - INFO - Epoch 47, Loss: 684.62896
2023-04-30 17:18:35,002 - INFO - Epoch 48, Loss: 684.47273
2023-04-30 17:18:35,846 - INFO - Epoch 49, Loss: 684.28539
2023-04-30 17:18:36,689 - INFO - Epoch 50, Loss: 684.17861
2023-04-30 17:18:39,527 - INFO - Epoch 50: [0.8s + 2.8s] Loss: 2.20703, Recall: 0.03582, Precision: 0.00785, Hit Ratio: 0.12717, NDCG: 0.05446
2023-04-30 17:18:40,475 - INFO - Epoch 51, Loss: 684.03859
2023-04-30 17:18:41,318 - INFO - Epoch 52, Loss: 683.85690
2023-04-30 17:18:42,163 - INFO - Epoch 53, Loss: 683.68257
2023-04-30 17:18:43,007 - INFO - Epoch 54, Loss: 683.56142
2023-04-30 17:18:43,849 - INFO - Epoch 55, Loss: 683.41914
2023-04-30 17:18:44,691 - INFO - Epoch 56, Loss: 683.24215
2023-04-30 17:18:45,532 - INFO - Epoch 57, Loss: 683.05134
2023-04-30 17:18:46,375 - INFO - Epoch 58, Loss: 682.89807
2023-04-30 17:18:47,218 - INFO - Epoch 59, Loss: 682.75529
2023-04-30 17:18:48,060 - INFO - Epoch 60, Loss: 682.55497
2023-04-30 17:18:50,951 - INFO - Epoch 60: [0.8s + 2.9s] Loss: 2.20179, Recall: 0.04405, Precision: 0.00983, Hit Ratio: 0.15649, NDCG: 0.06640
2023-04-30 17:18:51,894 - INFO - Epoch 61, Loss: 682.44216
2023-04-30 17:18:52,735 - INFO - Epoch 62, Loss: 682.23906
2023-04-30 17:18:53,579 - INFO - Epoch 63, Loss: 682.07069
2023-04-30 17:18:54,420 - INFO - Epoch 64, Loss: 681.90408
2023-04-30 17:18:55,260 - INFO - Epoch 65, Loss: 681.74984
2023-04-30 17:18:56,103 - INFO - Epoch 66, Loss: 681.57762
2023-04-30 17:18:56,943 - INFO - Epoch 67, Loss: 681.36055
2023-04-30 17:18:57,786 - INFO - Epoch 68, Loss: 681.19449
2023-04-30 17:18:58,627 - INFO - Epoch 69, Loss: 680.99592
2023-04-30 17:18:59,469 - INFO - Epoch 70, Loss: 680.81536
2023-04-30 17:19:02,318 - INFO - Epoch 70: [0.8s + 2.8s] Loss: 2.19618, Recall: 0.05388, Precision: 0.01177, Hit Ratio: 0.18582, NDCG: 0.07822
2023-04-30 17:19:03,265 - INFO - Epoch 71, Loss: 680.69300
2023-04-30 17:19:04,112 - INFO - Epoch 72, Loss: 680.46862
2023-04-30 17:19:04,954 - INFO - Epoch 73, Loss: 680.24880
2023-04-30 17:19:05,795 - INFO - Epoch 74, Loss: 680.07164
2023-04-30 17:19:06,638 - INFO - Epoch 75, Loss: 679.90084
2023-04-30 17:19:07,492 - INFO - Epoch 76, Loss: 679.74398
2023-04-30 17:19:08,336 - INFO - Epoch 77, Loss: 679.55263
2023-04-30 17:19:09,180 - INFO - Epoch 78, Loss: 679.39069
2023-04-30 17:19:10,024 - INFO - Epoch 79, Loss: 679.16638
2023-04-30 17:19:10,866 - INFO - Epoch 80, Loss: 678.94802
2023-04-30 17:19:13,714 - INFO - Epoch 80: [0.8s + 2.8s] Loss: 2.19015, Recall: 0.06168, Precision: 0.01345, Hit Ratio: 0.21035, NDCG: 0.08887
2023-04-30 17:19:14,662 - INFO - Epoch 81, Loss: 678.75986
2023-04-30 17:19:15,506 - INFO - Epoch 82, Loss: 678.50115
2023-04-30 17:19:16,349 - INFO - Epoch 83, Loss: 678.28834
2023-04-30 17:19:17,192 - INFO - Epoch 84, Loss: 678.04922
2023-04-30 17:19:18,036 - INFO - Epoch 85, Loss: 677.88778
2023-04-30 17:19:18,883 - INFO - Epoch 86, Loss: 677.69877
2023-04-30 17:19:19,727 - INFO - Epoch 87, Loss: 677.48564
2023-04-30 17:19:20,573 - INFO - Epoch 88, Loss: 677.28023
2023-04-30 17:19:21,417 - INFO - Epoch 89, Loss: 677.00588
2023-04-30 17:19:22,262 - INFO - Epoch 90, Loss: 676.74575
2023-04-30 17:19:25,116 - INFO - Epoch 90: [0.8s + 2.9s] Loss: 2.18305, Recall: 0.06756, Precision: 0.01493, Hit Ratio: 0.22711, NDCG: 0.09683
2023-04-30 17:19:26,064 - INFO - Epoch 91, Loss: 676.54096
2023-04-30 17:19:26,907 - INFO - Epoch 92, Loss: 676.33253
2023-04-30 17:19:27,751 - INFO - Epoch 93, Loss: 676.13831
2023-04-30 17:19:28,595 - INFO - Epoch 94, Loss: 675.89844
2023-04-30 17:19:29,439 - INFO - Epoch 95, Loss: 675.61325
2023-04-30 17:19:30,278 - INFO - Epoch 96, Loss: 675.36570
2023-04-30 17:19:31,124 - INFO - Epoch 97, Loss: 675.15761
2023-04-30 17:19:31,971 - INFO - Epoch 98, Loss: 674.92951
2023-04-30 17:19:32,813 - INFO - Epoch 99, Loss: 674.65481
2023-04-30 17:19:33,656 - INFO - Epoch 100, Loss: 674.47213
2023-04-30 17:19:36,500 - INFO - Epoch 100: [0.8s + 2.8s] Loss: 2.17572, Recall: 0.07356, Precision: 0.01635, Hit Ratio: 0.24327, NDCG: 0.10527
2023-04-30 17:19:37,448 - INFO - Epoch 101, Loss: 674.26714
2023-04-30 17:19:38,290 - INFO - Epoch 102, Loss: 673.91050
2023-04-30 17:19:39,134 - INFO - Epoch 103, Loss: 673.66352
2023-04-30 17:19:39,977 - INFO - Epoch 104, Loss: 673.40164
2023-04-30 17:19:40,821 - INFO - Epoch 105, Loss: 673.11263
2023-04-30 17:19:41,664 - INFO - Epoch 106, Loss: 672.78426
2023-04-30 17:19:42,508 - INFO - Epoch 107, Loss: 672.50792
2023-04-30 17:19:43,348 - INFO - Epoch 108, Loss: 672.26735
2023-04-30 17:19:44,192 - INFO - Epoch 109, Loss: 671.93185
2023-04-30 17:19:45,036 - INFO - Epoch 110, Loss: 671.73726
2023-04-30 17:19:47,923 - INFO - Epoch 110: [0.8s + 2.9s] Loss: 2.16689, Recall: 0.07916, Precision: 0.01755, Hit Ratio: 0.25344, NDCG: 0.11033
2023-04-30 17:19:48,866 - INFO - Epoch 111, Loss: 671.47409
2023-04-30 17:19:49,709 - INFO - Epoch 112, Loss: 671.15143
2023-04-30 17:19:50,553 - INFO - Epoch 113, Loss: 670.87059
2023-04-30 17:19:51,393 - INFO - Epoch 114, Loss: 670.65324
2023-04-30 17:19:52,236 - INFO - Epoch 115, Loss: 670.26689
2023-04-30 17:19:53,081 - INFO - Epoch 116, Loss: 669.99347
2023-04-30 17:19:53,924 - INFO - Epoch 117, Loss: 669.73831
2023-04-30 17:19:54,770 - INFO - Epoch 118, Loss: 669.45501
2023-04-30 17:19:55,614 - INFO - Epoch 119, Loss: 669.06553
2023-04-30 17:19:56,457 - INFO - Epoch 120, Loss: 668.83184
2023-04-30 17:19:59,302 - INFO - Epoch 120: [0.8s + 2.8s] Loss: 2.15752, Recall: 0.08712, Precision: 0.01921, Hit Ratio: 0.27139, NDCG: 0.11738
2023-04-30 17:20:00,251 - INFO - Epoch 121, Loss: 668.55064
2023-04-30 17:20:01,102 - INFO - Epoch 122, Loss: 668.16478
2023-04-30 17:20:01,945 - INFO - Epoch 123, Loss: 667.88113
2023-04-30 17:20:02,786 - INFO - Epoch 124, Loss: 667.48730
2023-04-30 17:20:03,629 - INFO - Epoch 125, Loss: 667.15423
2023-04-30 17:20:04,470 - INFO - Epoch 126, Loss: 666.84537
2023-04-30 17:20:05,314 - INFO - Epoch 127, Loss: 666.53174
2023-04-30 17:20:06,158 - INFO - Epoch 128, Loss: 666.21520
2023-04-30 17:20:07,004 - INFO - Epoch 129, Loss: 665.93944
2023-04-30 17:20:07,847 - INFO - Epoch 130, Loss: 665.44433
2023-04-30 17:20:10,680 - INFO - Epoch 130: [0.8s + 2.8s] Loss: 2.14659, Recall: 0.08963, Precision: 0.01985, Hit Ratio: 0.27858, NDCG: 0.12152
2023-04-30 17:20:11,632 - INFO - Epoch 131, Loss: 665.13695
2023-04-30 17:20:12,476 - INFO - Epoch 132, Loss: 664.82334
2023-04-30 17:20:13,320 - INFO - Epoch 133, Loss: 664.47200
2023-04-30 17:20:14,166 - INFO - Epoch 134, Loss: 664.16087
2023-04-30 17:20:15,009 - INFO - Epoch 135, Loss: 663.68801
2023-04-30 17:20:15,852 - INFO - Epoch 136, Loss: 663.41740
2023-04-30 17:20:16,699 - INFO - Epoch 137, Loss: 663.04152
2023-04-30 17:20:17,543 - INFO - Epoch 138, Loss: 662.72577
2023-04-30 17:20:18,387 - INFO - Epoch 139, Loss: 662.32208
2023-04-30 17:20:19,230 - INFO - Epoch 140, Loss: 661.94552
2023-04-30 17:20:22,060 - INFO - Epoch 140: [0.8s + 2.8s] Loss: 2.13531, Recall: 0.09259, Precision: 0.02054, Hit Ratio: 0.28396, NDCG: 0.12471
2023-04-30 17:20:23,013 - INFO - Epoch 141, Loss: 661.53071
2023-04-30 17:20:23,856 - INFO - Epoch 142, Loss: 661.22272
2023-04-30 17:20:24,698 - INFO - Epoch 143, Loss: 660.76014
2023-04-30 17:20:25,541 - INFO - Epoch 144, Loss: 660.54080
2023-04-30 17:20:26,382 - INFO - Epoch 145, Loss: 660.12502
2023-04-30 17:20:27,225 - INFO - Epoch 146, Loss: 659.72958
2023-04-30 17:20:28,068 - INFO - Epoch 147, Loss: 659.52619
2023-04-30 17:20:28,910 - INFO - Epoch 148, Loss: 658.85109
2023-04-30 17:20:29,754 - INFO - Epoch 149, Loss: 658.38589
2023-04-30 17:20:30,596 - INFO - Epoch 150, Loss: 658.08675
2023-04-30 17:20:33,472 - INFO - Epoch 150: [0.8s + 2.9s] Loss: 2.12286, Recall: 0.09631, Precision: 0.02120, Hit Ratio: 0.29054, NDCG: 0.12788
2023-04-30 17:20:34,429 - INFO - Epoch 151, Loss: 657.63292
2023-04-30 17:20:35,280 - INFO - Epoch 152, Loss: 657.13147
2023-04-30 17:20:36,127 - INFO - Epoch 153, Loss: 656.84867
2023-04-30 17:20:36,973 - INFO - Epoch 154, Loss: 656.26141
2023-04-30 17:20:37,817 - INFO - Epoch 155, Loss: 656.13123
2023-04-30 17:20:38,661 - INFO - Epoch 156, Loss: 655.74194
2023-04-30 17:20:39,505 - INFO - Epoch 157, Loss: 655.20856
2023-04-30 17:20:40,349 - INFO - Epoch 158, Loss: 654.77497
2023-04-30 17:20:41,193 - INFO - Epoch 159, Loss: 654.41912
2023-04-30 17:20:42,038 - INFO - Epoch 160, Loss: 653.89164
2023-04-30 17:20:44,859 - INFO - Epoch 160: [0.8s + 2.8s] Loss: 2.10933, Recall: 0.09860, Precision: 0.02169, Hit Ratio: 0.29623, NDCG: 0.13054
2023-04-30 17:20:45,807 - INFO - Epoch 161, Loss: 653.43910
2023-04-30 17:20:46,650 - INFO - Epoch 162, Loss: 652.75233
2023-04-30 17:20:47,491 - INFO - Epoch 163, Loss: 652.63900
2023-04-30 17:20:48,333 - INFO - Epoch 164, Loss: 652.08766
2023-04-30 17:20:49,175 - INFO - Epoch 165, Loss: 651.52289
2023-04-30 17:20:50,020 - INFO - Epoch 166, Loss: 651.00155
2023-04-30 17:20:50,865 - INFO - Epoch 167, Loss: 650.91510
2023-04-30 17:20:51,708 - INFO - Epoch 168, Loss: 650.39960
2023-04-30 17:20:52,552 - INFO - Epoch 169, Loss: 649.60035
2023-04-30 17:20:53,395 - INFO - Epoch 170, Loss: 649.30692
2023-04-30 17:20:56,219 - INFO - Epoch 170: [0.8s + 2.8s] Loss: 2.09454, Recall: 0.10012, Precision: 0.02213, Hit Ratio: 0.29803, NDCG: 0.13261
2023-04-30 17:20:57,141 - INFO - Epoch 171, Loss: 649.06581
2023-04-30 17:20:57,986 - INFO - Epoch 172, Loss: 648.52542
2023-04-30 17:20:58,832 - INFO - Epoch 173, Loss: 648.30902
2023-04-30 17:20:59,678 - INFO - Epoch 174, Loss: 647.41350
2023-04-30 17:21:00,525 - INFO - Epoch 175, Loss: 646.90642
2023-04-30 17:21:01,371 - INFO - Epoch 176, Loss: 646.42831
2023-04-30 17:21:02,216 - INFO - Epoch 177, Loss: 646.10232
2023-04-30 17:21:03,060 - INFO - Epoch 178, Loss: 645.57395
2023-04-30 17:21:03,904 - INFO - Epoch 179, Loss: 644.97322
2023-04-30 17:21:04,748 - INFO - Epoch 180, Loss: 644.63498
2023-04-30 17:21:07,566 - INFO - Epoch 180: [0.8s + 2.8s] Loss: 2.07947, Recall: 0.10319, Precision: 0.02262, Hit Ratio: 0.30461, NDCG: 0.13617
2023-04-30 17:21:08,496 - INFO - Epoch 181, Loss: 644.13534
2023-04-30 17:21:09,343 - INFO - Epoch 182, Loss: 643.49426
2023-04-30 17:21:10,186 - INFO - Epoch 183, Loss: 642.95034
2023-04-30 17:21:11,028 - INFO - Epoch 184, Loss: 642.39350
2023-04-30 17:21:11,873 - INFO - Epoch 185, Loss: 641.99401
2023-04-30 17:21:12,719 - INFO - Epoch 186, Loss: 641.44424
2023-04-30 17:21:13,564 - INFO - Epoch 187, Loss: 640.87975
2023-04-30 17:21:14,408 - INFO - Epoch 188, Loss: 640.30024
2023-04-30 17:21:15,253 - INFO - Epoch 189, Loss: 639.84009
2023-04-30 17:21:16,096 - INFO - Epoch 190, Loss: 639.55882
2023-04-30 17:21:18,938 - INFO - Epoch 190: [0.8s + 2.8s] Loss: 2.06309, Recall: 0.10682, Precision: 0.02316, Hit Ratio: 0.31119, NDCG: 0.13816
2023-04-30 17:21:19,876 - INFO - Epoch 191, Loss: 638.75529
2023-04-30 17:21:20,719 - INFO - Epoch 192, Loss: 638.20179
2023-04-30 17:21:21,564 - INFO - Epoch 193, Loss: 637.81924
2023-04-30 17:21:22,408 - INFO - Epoch 194, Loss: 637.27173
2023-04-30 17:21:23,250 - INFO - Epoch 195, Loss: 636.66739
2023-04-30 17:21:24,096 - INFO - Epoch 196, Loss: 636.01337
2023-04-30 17:21:24,940 - INFO - Epoch 197, Loss: 635.63831
2023-04-30 17:21:25,783 - INFO - Epoch 198, Loss: 634.87168
2023-04-30 17:21:26,628 - INFO - Epoch 199, Loss: 634.52875
2023-04-30 17:21:27,470 - INFO - Epoch 200, Loss: 633.87870
2023-04-30 17:21:30,350 - INFO - Epoch 200: [0.8s + 2.9s] Loss: 2.04477, Recall: 0.10735, Precision: 0.02334, Hit Ratio: 0.31179, NDCG: 0.14016
2023-04-30 17:21:31,282 - INFO - Epoch 201, Loss: 633.63371
2023-04-30 17:21:32,126 - INFO - Epoch 202, Loss: 632.77464
2023-04-30 17:21:32,970 - INFO - Epoch 203, Loss: 632.25084
2023-04-30 17:21:33,813 - INFO - Epoch 204, Loss: 631.61376
2023-04-30 17:21:34,657 - INFO - Epoch 205, Loss: 630.99292
2023-04-30 17:21:35,501 - INFO - Epoch 206, Loss: 630.47530
2023-04-30 17:21:36,347 - INFO - Epoch 207, Loss: 630.20942
2023-04-30 17:21:37,191 - INFO - Epoch 208, Loss: 629.09377
2023-04-30 17:21:38,035 - INFO - Epoch 209, Loss: 628.89270
2023-04-30 17:21:38,878 - INFO - Epoch 210, Loss: 628.21635
2023-04-30 17:21:41,724 - INFO - Epoch 210: [0.8s + 2.8s] Loss: 2.02650, Recall: 0.10942, Precision: 0.02370, Hit Ratio: 0.31718, NDCG: 0.14254
2023-04-30 17:21:42,664 - INFO - Epoch 211, Loss: 627.40231
2023-04-30 17:21:43,511 - INFO - Epoch 212, Loss: 626.84547
2023-04-30 17:21:44,356 - INFO - Epoch 213, Loss: 626.63506
2023-04-30 17:21:45,198 - INFO - Epoch 214, Loss: 625.64778
2023-04-30 17:21:46,058 - INFO - Epoch 215, Loss: 624.58316
2023-04-30 17:21:46,913 - INFO - Epoch 216, Loss: 624.45453
2023-04-30 17:21:47,804 - INFO - Epoch 217, Loss: 623.68320
2023-04-30 17:21:48,790 - INFO - Epoch 218, Loss: 623.19084
2023-04-30 17:21:49,652 - INFO - Epoch 219, Loss: 622.46089
2023-04-30 17:21:50,567 - INFO - Epoch 220, Loss: 621.96310
2023-04-30 17:21:53,437 - INFO - Epoch 220: [0.9s + 2.9s] Loss: 2.00633, Recall: 0.11048, Precision: 0.02394, Hit Ratio: 0.31867, NDCG: 0.14357
2023-04-30 17:21:54,421 - INFO - Epoch 221, Loss: 621.75018
2023-04-30 17:21:55,299 - INFO - Epoch 222, Loss: 620.88644
2023-04-30 17:21:56,190 - INFO - Epoch 223, Loss: 620.27650
2023-04-30 17:21:57,063 - INFO - Epoch 224, Loss: 619.54515
2023-04-30 17:21:57,951 - INFO - Epoch 225, Loss: 619.33516
2023-04-30 17:21:58,802 - INFO - Epoch 226, Loss: 618.61857
2023-04-30 17:21:59,650 - INFO - Epoch 227, Loss: 617.74083
2023-04-30 17:22:00,494 - INFO - Epoch 228, Loss: 617.23412
2023-04-30 17:22:01,342 - INFO - Epoch 229, Loss: 616.60349
2023-04-30 17:22:02,188 - INFO - Epoch 230, Loss: 615.38172
2023-04-30 17:22:05,041 - INFO - Epoch 230: [0.8s + 2.9s] Loss: 1.98510, Recall: 0.11111, Precision: 0.02403, Hit Ratio: 0.31747, NDCG: 0.14440
2023-04-30 17:22:06,003 - INFO - Epoch 231, Loss: 615.16077
2023-04-30 17:22:06,871 - INFO - Epoch 232, Loss: 614.30138
2023-04-30 17:22:07,722 - INFO - Epoch 233, Loss: 613.85015
2023-04-30 17:22:08,603 - INFO - Epoch 234, Loss: 613.41150
2023-04-30 17:22:09,455 - INFO - Epoch 235, Loss: 612.74164
2023-04-30 17:22:10,302 - INFO - Epoch 236, Loss: 611.77388
2023-04-30 17:22:11,149 - INFO - Epoch 237, Loss: 611.46970
2023-04-30 17:22:11,995 - INFO - Epoch 238, Loss: 610.63386
2023-04-30 17:22:12,841 - INFO - Epoch 239, Loss: 610.48103
2023-04-30 17:22:13,684 - INFO - Epoch 240, Loss: 609.03366
2023-04-30 17:22:16,574 - INFO - Epoch 240: [0.8s + 2.9s] Loss: 1.96462, Recall: 0.11171, Precision: 0.02418, Hit Ratio: 0.31867, NDCG: 0.14540
2023-04-30 17:22:17,664 - INFO - Epoch 241, Loss: 608.43384
2023-04-30 17:22:18,598 - INFO - Epoch 242, Loss: 607.77811
2023-04-30 17:22:19,470 - INFO - Epoch 243, Loss: 607.03011
2023-04-30 17:22:20,386 - INFO - Epoch 244, Loss: 606.40010
2023-04-30 17:22:21,273 - INFO - Epoch 245, Loss: 605.96401
2023-04-30 17:22:22,152 - INFO - Epoch 246, Loss: 605.65247
2023-04-30 17:22:23,020 - INFO - Epoch 247, Loss: 604.43498
2023-04-30 17:22:23,886 - INFO - Epoch 248, Loss: 603.73220
2023-04-30 17:22:24,744 - INFO - Epoch 249, Loss: 602.84249
2023-04-30 17:22:25,599 - INFO - Epoch 250, Loss: 602.95848
2023-04-30 17:22:28,503 - INFO - Epoch 250: [0.9s + 2.9s] Loss: 1.94503, Recall: 0.11308, Precision: 0.02439, Hit Ratio: 0.32136, NDCG: 0.14689
2023-04-30 17:22:29,478 - INFO - Epoch 251, Loss: 602.23106
2023-04-30 17:22:30,330 - INFO - Epoch 252, Loss: 601.57941
2023-04-30 17:22:31,195 - INFO - Epoch 253, Loss: 600.27515
2023-04-30 17:22:32,057 - INFO - Epoch 254, Loss: 600.09295
2023-04-30 17:22:32,905 - INFO - Epoch 255, Loss: 599.38844
2023-04-30 17:22:33,752 - INFO - Epoch 256, Loss: 598.92369
2023-04-30 17:22:34,595 - INFO - Epoch 257, Loss: 597.74741
2023-04-30 17:22:35,439 - INFO - Epoch 258, Loss: 596.96667
2023-04-30 17:22:36,314 - INFO - Epoch 259, Loss: 596.66301
2023-04-30 17:22:37,168 - INFO - Epoch 260, Loss: 595.78788
2023-04-30 17:22:39,958 - INFO - Epoch 260: [0.9s + 2.8s] Loss: 1.92190, Recall: 0.11373, Precision: 0.02455, Hit Ratio: 0.32436, NDCG: 0.14879
2023-04-30 17:22:40,827 - INFO - Epoch 261, Loss: 595.43805
2023-04-30 17:22:41,751 - INFO - Epoch 262, Loss: 594.17414
2023-04-30 17:22:42,628 - INFO - Epoch 263, Loss: 593.49936
2023-04-30 17:22:43,474 - INFO - Epoch 264, Loss: 592.91206
2023-04-30 17:22:44,337 - INFO - Epoch 265, Loss: 591.82772
2023-04-30 17:22:45,242 - INFO - Epoch 266, Loss: 591.51144
2023-04-30 17:22:46,139 - INFO - Epoch 267, Loss: 591.66203
2023-04-30 17:22:46,999 - INFO - Epoch 268, Loss: 589.67280
2023-04-30 17:22:47,888 - INFO - Epoch 269, Loss: 589.20779
2023-04-30 17:22:48,748 - INFO - Epoch 270, Loss: 588.50371
2023-04-30 17:22:51,589 - INFO - Epoch 270: [0.9s + 2.8s] Loss: 1.89840, Recall: 0.11477, Precision: 0.02478, Hit Ratio: 0.32496, NDCG: 0.14961
2023-04-30 17:22:52,558 - INFO - Epoch 271, Loss: 587.61411
2023-04-30 17:22:53,406 - INFO - Epoch 272, Loss: 586.72424
2023-04-30 17:22:54,252 - INFO - Epoch 273, Loss: 586.43575
2023-04-30 17:22:55,100 - INFO - Epoch 274, Loss: 585.71317
2023-04-30 17:22:55,950 - INFO - Epoch 275, Loss: 584.74108
2023-04-30 17:22:56,798 - INFO - Epoch 276, Loss: 584.64850
2023-04-30 17:22:57,663 - INFO - Epoch 277, Loss: 583.88245
2023-04-30 17:22:58,524 - INFO - Epoch 278, Loss: 582.78126
2023-04-30 17:22:59,384 - INFO - Epoch 279, Loss: 581.73235
2023-04-30 17:23:00,284 - INFO - Epoch 280, Loss: 581.57322
2023-04-30 17:23:03,117 - INFO - Epoch 280: [0.9s + 2.8s] Loss: 1.87604, Recall: 0.11624, Precision: 0.02503, Hit Ratio: 0.32885, NDCG: 0.15131
2023-04-30 17:23:04,043 - INFO - Epoch 281, Loss: 580.81726
2023-04-30 17:23:04,885 - INFO - Epoch 282, Loss: 579.63788
2023-04-30 17:23:05,745 - INFO - Epoch 283, Loss: 578.63565
2023-04-30 17:23:06,617 - INFO - Epoch 284, Loss: 577.25743
2023-04-30 17:23:07,468 - INFO - Epoch 285, Loss: 578.27631
2023-04-30 17:23:08,321 - INFO - Epoch 286, Loss: 577.24326
2023-04-30 17:23:09,184 - INFO - Epoch 287, Loss: 576.24366
2023-04-30 17:23:10,035 - INFO - Epoch 288, Loss: 575.67579
2023-04-30 17:23:10,897 - INFO - Epoch 289, Loss: 574.77950
2023-04-30 17:23:11,762 - INFO - Epoch 290, Loss: 574.31748
2023-04-30 17:23:14,614 - INFO - Epoch 290: [0.9s + 2.9s] Loss: 1.85264, Recall: 0.11688, Precision: 0.02518, Hit Ratio: 0.32974, NDCG: 0.15239
2023-04-30 17:23:15,572 - INFO - Epoch 291, Loss: 573.99116
2023-04-30 17:23:16,452 - INFO - Epoch 292, Loss: 572.13532
2023-04-30 17:23:17,301 - INFO - Epoch 293, Loss: 571.75561
2023-04-30 17:23:18,159 - INFO - Epoch 294, Loss: 570.94348
2023-04-30 17:23:19,009 - INFO - Epoch 295, Loss: 570.40359
2023-04-30 17:23:19,864 - INFO - Epoch 296, Loss: 569.50772
2023-04-30 17:23:20,713 - INFO - Epoch 297, Loss: 568.70188
2023-04-30 17:23:21,565 - INFO - Epoch 298, Loss: 568.28207
2023-04-30 17:23:22,426 - INFO - Epoch 299, Loss: 567.11009
2023-04-30 17:23:23,271 - INFO - Epoch 300, Loss: 566.45358
2023-04-30 17:23:26,080 - INFO - Epoch 300: [0.8s + 2.8s] Loss: 1.82727, Recall: 0.11716, Precision: 0.02519, Hit Ratio: 0.33004, NDCG: 0.15270
2023-04-30 17:23:27,008 - INFO - Epoch 301, Loss: 565.66855
2023-04-30 17:23:27,850 - INFO - Epoch 302, Loss: 565.11030
2023-04-30 17:23:28,693 - INFO - Epoch 303, Loss: 564.03409
2023-04-30 17:23:29,538 - INFO - Epoch 304, Loss: 563.28800
2023-04-30 17:23:30,380 - INFO - Epoch 305, Loss: 562.66660
2023-04-30 17:23:31,229 - INFO - Epoch 306, Loss: 561.20345
2023-04-30 17:23:32,081 - INFO - Epoch 307, Loss: 561.60907
2023-04-30 17:23:32,965 - INFO - Epoch 308, Loss: 560.27794
2023-04-30 17:23:33,850 - INFO - Epoch 309, Loss: 559.81635
2023-04-30 17:23:34,695 - INFO - Epoch 310, Loss: 558.73887
2023-04-30 17:23:37,495 - INFO - Epoch 310: [0.8s + 2.8s] Loss: 1.80238, Recall: 0.11804, Precision: 0.02549, Hit Ratio: 0.33184, NDCG: 0.15418
2023-04-30 17:23:38,438 - INFO - Epoch 311, Loss: 558.55327
2023-04-30 17:23:39,283 - INFO - Epoch 312, Loss: 557.67090
2023-04-30 17:23:40,130 - INFO - Epoch 313, Loss: 557.06994
2023-04-30 17:23:40,977 - INFO - Epoch 314, Loss: 555.57634
2023-04-30 17:23:41,822 - INFO - Epoch 315, Loss: 554.02786
2023-04-30 17:23:42,665 - INFO - Epoch 316, Loss: 554.20176
2023-04-30 17:23:43,520 - INFO - Epoch 317, Loss: 553.60450
2023-04-30 17:23:44,433 - INFO - Epoch 318, Loss: 553.08302
2023-04-30 17:23:45,307 - INFO - Epoch 319, Loss: 552.06535
2023-04-30 17:23:46,166 - INFO - Epoch 320, Loss: 551.14436
2023-04-30 17:23:49,007 - INFO - Epoch 320: [0.9s + 2.8s] Loss: 1.77789, Recall: 0.11883, Precision: 0.02569, Hit Ratio: 0.33393, NDCG: 0.15474
2023-04-30 17:23:50,017 - INFO - Epoch 321, Loss: 550.82802
2023-04-30 17:23:50,910 - INFO - Epoch 322, Loss: 550.09329
2023-04-30 17:23:51,778 - INFO - Epoch 323, Loss: 548.29875
2023-04-30 17:23:52,655 - INFO - Epoch 324, Loss: 548.30061
2023-04-30 17:23:53,562 - INFO - Epoch 325, Loss: 546.72487
2023-04-30 17:23:54,461 - INFO - Epoch 326, Loss: 546.58532
2023-04-30 17:23:55,331 - INFO - Epoch 327, Loss: 545.92840
2023-04-30 17:23:56,175 - INFO - Epoch 328, Loss: 545.18125
2023-04-30 17:23:57,019 - INFO - Epoch 329, Loss: 544.22615
2023-04-30 17:23:57,862 - INFO - Epoch 330, Loss: 543.71134
2023-04-30 17:24:00,701 - INFO - Epoch 330: [0.8s + 2.8s] Loss: 1.75391, Recall: 0.11838, Precision: 0.02560, Hit Ratio: 0.33244, NDCG: 0.15451
2023-04-30 17:24:01,637 - INFO - Epoch 331, Loss: 542.25572
2023-04-30 17:24:02,482 - INFO - Epoch 332, Loss: 540.79666
2023-04-30 17:24:03,325 - INFO - Epoch 333, Loss: 541.67085
2023-04-30 17:24:04,168 - INFO - Epoch 334, Loss: 540.52316
2023-04-30 17:24:05,010 - INFO - Epoch 335, Loss: 540.12872
2023-04-30 17:24:05,853 - INFO - Epoch 336, Loss: 538.16918
2023-04-30 17:24:06,699 - INFO - Epoch 337, Loss: 537.42136
2023-04-30 17:24:07,543 - INFO - Epoch 338, Loss: 537.83480
2023-04-30 17:24:08,388 - INFO - Epoch 339, Loss: 535.65763
2023-04-30 17:24:09,231 - INFO - Epoch 340, Loss: 535.22472
2023-04-30 17:24:12,122 - INFO - Epoch 340: [0.8s + 2.9s] Loss: 1.72653, Recall: 0.11911, Precision: 0.02572, Hit Ratio: 0.33483, NDCG: 0.15603
2023-04-30 17:24:13,046 - INFO - Epoch 341, Loss: 534.80189
2023-04-30 17:24:13,891 - INFO - Epoch 342, Loss: 534.76259
2023-04-30 17:24:14,735 - INFO - Epoch 343, Loss: 533.38448
2023-04-30 17:24:15,578 - INFO - Epoch 344, Loss: 532.65330
2023-04-30 17:24:16,424 - INFO - Epoch 345, Loss: 532.42262
2023-04-30 17:24:17,271 - INFO - Epoch 346, Loss: 530.32914
2023-04-30 17:24:18,114 - INFO - Epoch 347, Loss: 528.86865
2023-04-30 17:24:18,958 - INFO - Epoch 348, Loss: 529.10210
2023-04-30 17:24:19,805 - INFO - Epoch 349, Loss: 528.86109
2023-04-30 17:24:20,649 - INFO - Epoch 350, Loss: 527.77295
2023-04-30 17:24:23,463 - INFO - Epoch 350: [0.8s + 2.8s] Loss: 1.70249, Recall: 0.12034, Precision: 0.02582, Hit Ratio: 0.33573, NDCG: 0.15684
2023-04-30 17:24:24,403 - INFO - Epoch 351, Loss: 527.08588
2023-04-30 17:24:25,245 - INFO - Epoch 352, Loss: 526.27653
2023-04-30 17:24:26,087 - INFO - Epoch 353, Loss: 525.98344
2023-04-30 17:24:26,932 - INFO - Epoch 354, Loss: 524.24667
2023-04-30 17:24:27,776 - INFO - Epoch 355, Loss: 524.94838
2023-04-30 17:24:28,620 - INFO - Epoch 356, Loss: 524.31040
2023-04-30 17:24:29,463 - INFO - Epoch 357, Loss: 522.30134
2023-04-30 17:24:30,308 - INFO - Epoch 358, Loss: 522.67535
2023-04-30 17:24:31,152 - INFO - Epoch 359, Loss: 521.60811
2023-04-30 17:24:31,995 - INFO - Epoch 360, Loss: 519.68342
2023-04-30 17:24:34,833 - INFO - Epoch 360: [0.8s + 2.8s] Loss: 1.67640, Recall: 0.12132, Precision: 0.02602, Hit Ratio: 0.33782, NDCG: 0.15749
2023-04-30 17:24:35,775 - INFO - Epoch 361, Loss: 519.36012
2023-04-30 17:24:36,618 - INFO - Epoch 362, Loss: 518.48984
2023-04-30 17:24:37,463 - INFO - Epoch 363, Loss: 516.93465
2023-04-30 17:24:38,305 - INFO - Epoch 364, Loss: 516.17550
2023-04-30 17:24:39,164 - INFO - Epoch 365, Loss: 515.60299
2023-04-30 17:24:40,008 - INFO - Epoch 366, Loss: 514.54406
2023-04-30 17:24:40,852 - INFO - Epoch 367, Loss: 514.16506
2023-04-30 17:24:41,693 - INFO - Epoch 368, Loss: 513.88693
2023-04-30 17:24:42,536 - INFO - Epoch 369, Loss: 512.59191
2023-04-30 17:24:43,380 - INFO - Epoch 370, Loss: 512.27824
2023-04-30 17:24:46,189 - INFO - Epoch 370: [0.8s + 2.8s] Loss: 1.65251, Recall: 0.12157, Precision: 0.02615, Hit Ratio: 0.33902, NDCG: 0.15867
2023-04-30 17:24:47,133 - INFO - Epoch 371, Loss: 510.87183
2023-04-30 17:24:47,975 - INFO - Epoch 372, Loss: 511.20191
2023-04-30 17:24:48,819 - INFO - Epoch 373, Loss: 509.07978
2023-04-30 17:24:49,660 - INFO - Epoch 374, Loss: 509.25324
2023-04-30 17:24:50,505 - INFO - Epoch 375, Loss: 508.19413
2023-04-30 17:24:51,347 - INFO - Epoch 376, Loss: 506.65230
2023-04-30 17:24:52,191 - INFO - Epoch 377, Loss: 506.40333
2023-04-30 17:24:53,033 - INFO - Epoch 378, Loss: 504.81201
2023-04-30 17:24:53,877 - INFO - Epoch 379, Loss: 504.59446
2023-04-30 17:24:54,723 - INFO - Epoch 380, Loss: 502.89624
2023-04-30 17:24:57,596 - INFO - Epoch 380: [0.8s + 2.9s] Loss: 1.62225, Recall: 0.12257, Precision: 0.02635, Hit Ratio: 0.34231, NDCG: 0.15956
2023-04-30 17:24:58,547 - INFO - Epoch 381, Loss: 503.32085
2023-04-30 17:24:59,392 - INFO - Epoch 382, Loss: 503.56984
2023-04-30 17:25:00,238 - INFO - Epoch 383, Loss: 501.89227
2023-04-30 17:25:01,082 - INFO - Epoch 384, Loss: 500.54591
2023-04-30 17:25:01,928 - INFO - Epoch 385, Loss: 500.17563
2023-04-30 17:25:02,772 - INFO - Epoch 386, Loss: 499.73305
2023-04-30 17:25:03,612 - INFO - Epoch 387, Loss: 497.45769
2023-04-30 17:25:04,457 - INFO - Epoch 388, Loss: 497.77056
2023-04-30 17:25:05,299 - INFO - Epoch 389, Loss: 496.57793
2023-04-30 17:25:06,142 - INFO - Epoch 390, Loss: 495.27116
2023-04-30 17:25:08,962 - INFO - Epoch 390: [0.8s + 2.8s] Loss: 1.59765, Recall: 0.12390, Precision: 0.02653, Hit Ratio: 0.34351, NDCG: 0.16003
2023-04-30 17:25:09,914 - INFO - Epoch 391, Loss: 495.48664
2023-04-30 17:25:10,760 - INFO - Epoch 392, Loss: 494.60416
2023-04-30 17:25:11,603 - INFO - Epoch 393, Loss: 493.04924
2023-04-30 17:25:12,445 - INFO - Epoch 394, Loss: 492.56834
2023-04-30 17:25:13,292 - INFO - Epoch 395, Loss: 492.13965
2023-04-30 17:25:14,135 - INFO - Epoch 396, Loss: 491.20998
2023-04-30 17:25:14,977 - INFO - Epoch 397, Loss: 490.80992
2023-04-30 17:25:15,823 - INFO - Epoch 398, Loss: 490.31163
2023-04-30 17:25:16,669 - INFO - Epoch 399, Loss: 489.07839
2023-04-30 17:25:17,514 - INFO - Epoch 400, Loss: 488.50170
2023-04-30 17:25:20,347 - INFO - Epoch 400: [0.8s + 2.8s] Loss: 1.57581, Recall: 0.12362, Precision: 0.02657, Hit Ratio: 0.34381, NDCG: 0.16076
2023-04-30 17:25:21,308 - INFO - Epoch 401, Loss: 487.39291
2023-04-30 17:25:22,154 - INFO - Epoch 402, Loss: 486.68514
2023-04-30 17:25:22,999 - INFO - Epoch 403, Loss: 484.87048
2023-04-30 17:25:23,844 - INFO - Epoch 404, Loss: 483.48909
2023-04-30 17:25:24,686 - INFO - Epoch 405, Loss: 484.78273
2023-04-30 17:25:25,531 - INFO - Epoch 406, Loss: 482.73960
2023-04-30 17:25:26,374 - INFO - Epoch 407, Loss: 481.37966
2023-04-30 17:25:27,220 - INFO - Epoch 408, Loss: 481.54237
2023-04-30 17:25:28,062 - INFO - Epoch 409, Loss: 481.95914
2023-04-30 17:25:28,905 - INFO - Epoch 410, Loss: 479.54328
2023-04-30 17:25:31,725 - INFO - Epoch 410: [0.8s + 2.8s] Loss: 1.54691, Recall: 0.12503, Precision: 0.02677, Hit Ratio: 0.34560, NDCG: 0.16141
2023-04-30 17:25:32,647 - INFO - Epoch 411, Loss: 480.25823
2023-04-30 17:25:33,490 - INFO - Epoch 412, Loss: 478.10576
2023-04-30 17:25:34,332 - INFO - Epoch 413, Loss: 477.53538
2023-04-30 17:25:35,175 - INFO - Epoch 414, Loss: 475.80108
2023-04-30 17:25:36,018 - INFO - Epoch 415, Loss: 474.41649
2023-04-30 17:25:36,862 - INFO - Epoch 416, Loss: 474.11738
2023-04-30 17:25:37,705 - INFO - Epoch 417, Loss: 473.72953
2023-04-30 17:25:38,549 - INFO - Epoch 418, Loss: 473.37552
2023-04-30 17:25:39,394 - INFO - Epoch 419, Loss: 472.58278
2023-04-30 17:25:40,238 - INFO - Epoch 420, Loss: 472.76671
2023-04-30 17:25:43,042 - INFO - Epoch 420: [0.8s + 2.8s] Loss: 1.52505, Recall: 0.12546, Precision: 0.02683, Hit Ratio: 0.34620, NDCG: 0.16205
2023-04-30 17:25:43,982 - INFO - Epoch 421, Loss: 469.82065
2023-04-30 17:25:44,827 - INFO - Epoch 422, Loss: 469.59981
2023-04-30 17:25:45,677 - INFO - Epoch 423, Loss: 468.34292
2023-04-30 17:25:46,524 - INFO - Epoch 424, Loss: 468.66820
2023-04-30 17:25:47,370 - INFO - Epoch 425, Loss: 467.41006
2023-04-30 17:25:48,219 - INFO - Epoch 426, Loss: 467.06011
2023-04-30 17:25:49,067 - INFO - Epoch 427, Loss: 465.57587
2023-04-30 17:25:49,911 - INFO - Epoch 428, Loss: 464.61226
2023-04-30 17:25:50,756 - INFO - Epoch 429, Loss: 465.19093
2023-04-30 17:25:51,598 - INFO - Epoch 430, Loss: 462.82119
2023-04-30 17:25:54,477 - INFO - Epoch 430: [0.8s + 2.9s] Loss: 1.49297, Recall: 0.12600, Precision: 0.02690, Hit Ratio: 0.34680, NDCG: 0.16282
2023-04-30 17:25:55,406 - INFO - Epoch 431, Loss: 462.81399
2023-04-30 17:25:56,251 - INFO - Epoch 432, Loss: 460.96199
2023-04-30 17:25:57,096 - INFO - Epoch 433, Loss: 461.73162
2023-04-30 17:25:57,941 - INFO - Epoch 434, Loss: 459.64141
2023-04-30 17:25:58,783 - INFO - Epoch 435, Loss: 458.47599
2023-04-30 17:25:59,628 - INFO - Epoch 436, Loss: 459.26139
2023-04-30 17:26:00,475 - INFO - Epoch 437, Loss: 457.63719
2023-04-30 17:26:01,318 - INFO - Epoch 438, Loss: 456.62040
2023-04-30 17:26:02,165 - INFO - Epoch 439, Loss: 455.12696
2023-04-30 17:26:03,009 - INFO - Epoch 440, Loss: 454.57317
2023-04-30 17:26:05,806 - INFO - Epoch 440: [0.8s + 2.8s] Loss: 1.46637, Recall: 0.12641, Precision: 0.02699, Hit Ratio: 0.34710, NDCG: 0.16290
2023-04-30 17:26:06,745 - INFO - Epoch 441, Loss: 454.22393
2023-04-30 17:26:07,590 - INFO - Epoch 442, Loss: 453.71398
2023-04-30 17:26:08,435 - INFO - Epoch 443, Loss: 454.35652
2023-04-30 17:26:09,278 - INFO - Epoch 444, Loss: 452.66979
2023-04-30 17:26:10,119 - INFO - Epoch 445, Loss: 449.49020
2023-04-30 17:26:10,964 - INFO - Epoch 446, Loss: 450.35858
2023-04-30 17:26:11,807 - INFO - Epoch 447, Loss: 450.11787
2023-04-30 17:26:12,653 - INFO - Epoch 448, Loss: 448.21154
2023-04-30 17:26:13,497 - INFO - Epoch 449, Loss: 447.25887
2023-04-30 17:26:14,343 - INFO - Epoch 450, Loss: 446.41267
2023-04-30 17:26:17,186 - INFO - Epoch 450: [0.8s + 2.8s] Loss: 1.44004, Recall: 0.12694, Precision: 0.02717, Hit Ratio: 0.34859, NDCG: 0.16394
2023-04-30 17:26:18,133 - INFO - Epoch 451, Loss: 445.71838
2023-04-30 17:26:18,979 - INFO - Epoch 452, Loss: 445.20252
2023-04-30 17:26:19,825 - INFO - Epoch 453, Loss: 445.02144
2023-04-30 17:26:20,668 - INFO - Epoch 454, Loss: 442.56560
2023-04-30 17:26:21,510 - INFO - Epoch 455, Loss: 442.05320
2023-04-30 17:26:22,356 - INFO - Epoch 456, Loss: 441.02861
2023-04-30 17:26:23,199 - INFO - Epoch 457, Loss: 442.79482
2023-04-30 17:26:24,043 - INFO - Epoch 458, Loss: 440.49226
2023-04-30 17:26:24,888 - INFO - Epoch 459, Loss: 438.81547
2023-04-30 17:26:25,733 - INFO - Epoch 460, Loss: 438.88680
2023-04-30 17:26:28,569 - INFO - Epoch 460: [0.8s + 2.8s] Loss: 1.41576, Recall: 0.12691, Precision: 0.02720, Hit Ratio: 0.35009, NDCG: 0.16420
2023-04-30 17:26:29,517 - INFO - Epoch 461, Loss: 438.51177
2023-04-30 17:26:30,362 - INFO - Epoch 462, Loss: 437.38189
2023-04-30 17:26:31,205 - INFO - Epoch 463, Loss: 435.93422
2023-04-30 17:26:32,049 - INFO - Epoch 464, Loss: 434.73561
2023-04-30 17:26:32,894 - INFO - Epoch 465, Loss: 434.57043
2023-04-30 17:26:33,737 - INFO - Epoch 466, Loss: 433.60980
2023-04-30 17:26:34,580 - INFO - Epoch 467, Loss: 432.67297
2023-04-30 17:26:35,423 - INFO - Epoch 468, Loss: 432.02755
2023-04-30 17:26:36,266 - INFO - Epoch 469, Loss: 431.95835
2023-04-30 17:26:37,112 - INFO - Epoch 470, Loss: 429.82565
2023-04-30 17:26:39,989 - INFO - Epoch 470: [0.8s + 2.9s] Loss: 1.38653, Recall: 0.12737, Precision: 0.02736, Hit Ratio: 0.34979, NDCG: 0.16447
2023-04-30 17:26:40,935 - INFO - Epoch 471, Loss: 428.82549
2023-04-30 17:26:41,782 - INFO - Epoch 472, Loss: 429.41489
2023-04-30 17:26:42,625 - INFO - Epoch 473, Loss: 426.85736
2023-04-30 17:26:43,467 - INFO - Epoch 474, Loss: 427.81551
2023-04-30 17:26:44,308 - INFO - Epoch 475, Loss: 426.18494
2023-04-30 17:26:45,151 - INFO - Epoch 476, Loss: 425.64412
2023-04-30 17:26:45,995 - INFO - Epoch 477, Loss: 424.95895
2023-04-30 17:26:46,836 - INFO - Epoch 478, Loss: 426.16548
2023-04-30 17:26:47,681 - INFO - Epoch 479, Loss: 422.45955
2023-04-30 17:26:48,523 - INFO - Epoch 480, Loss: 422.55745
2023-04-30 17:26:51,375 - INFO - Epoch 480: [0.8s + 2.9s] Loss: 1.36309, Recall: 0.12819, Precision: 0.02745, Hit Ratio: 0.35218, NDCG: 0.16532
2023-04-30 17:26:52,319 - INFO - Epoch 481, Loss: 419.74574
2023-04-30 17:26:53,160 - INFO - Epoch 482, Loss: 420.09350
2023-04-30 17:26:54,003 - INFO - Epoch 483, Loss: 419.37112
2023-04-30 17:26:54,842 - INFO - Epoch 484, Loss: 418.76201
2023-04-30 17:26:55,685 - INFO - Epoch 485, Loss: 417.06789
2023-04-30 17:26:56,529 - INFO - Epoch 486, Loss: 416.44193
2023-04-30 17:26:57,374 - INFO - Epoch 487, Loss: 415.40588
2023-04-30 17:26:58,215 - INFO - Epoch 488, Loss: 415.84089
2023-04-30 17:26:59,060 - INFO - Epoch 489, Loss: 414.26341
2023-04-30 17:26:59,903 - INFO - Epoch 490, Loss: 412.60158
2023-04-30 17:27:02,729 - INFO - Epoch 490: [0.8s + 2.8s] Loss: 1.33097, Recall: 0.12808, Precision: 0.02747, Hit Ratio: 0.35278, NDCG: 0.16555
2023-04-30 17:27:03,680 - INFO - Epoch 491, Loss: 412.29893
2023-04-30 17:27:04,524 - INFO - Epoch 492, Loss: 412.03356
2023-04-30 17:27:05,366 - INFO - Epoch 493, Loss: 412.08165
2023-04-30 17:27:06,210 - INFO - Epoch 494, Loss: 410.38281
2023-04-30 17:27:07,054 - INFO - Epoch 495, Loss: 411.10714
2023-04-30 17:27:07,897 - INFO - Epoch 496, Loss: 407.56735
2023-04-30 17:27:08,738 - INFO - Epoch 497, Loss: 407.15021
2023-04-30 17:27:09,583 - INFO - Epoch 498, Loss: 406.36513
2023-04-30 17:27:10,425 - INFO - Epoch 499, Loss: 406.55803
2023-04-30 17:27:11,267 - INFO - Epoch 500, Loss: 404.74125
2023-04-30 17:27:14,090 - INFO - Epoch 500: [0.8s + 2.8s] Loss: 1.30562, Recall: 0.12856, Precision: 0.02756, Hit Ratio: 0.35428, NDCG: 0.16656
2023-04-30 17:27:15,010 - INFO - Epoch 501, Loss: 405.23386
2023-04-30 17:27:15,855 - INFO - Epoch 502, Loss: 402.92881
2023-04-30 17:27:16,700 - INFO - Epoch 503, Loss: 402.95388
2023-04-30 17:27:17,544 - INFO - Epoch 504, Loss: 401.21632
2023-04-30 17:27:18,389 - INFO - Epoch 505, Loss: 401.95395
2023-04-30 17:27:19,234 - INFO - Epoch 506, Loss: 400.06485
2023-04-30 17:27:20,077 - INFO - Epoch 507, Loss: 399.48472
2023-04-30 17:27:20,922 - INFO - Epoch 508, Loss: 398.26530
2023-04-30 17:27:21,764 - INFO - Epoch 509, Loss: 397.12931
2023-04-30 17:27:22,608 - INFO - Epoch 510, Loss: 395.65919
2023-04-30 17:27:25,420 - INFO - Epoch 510: [0.8s + 2.8s] Loss: 1.27632, Recall: 0.12860, Precision: 0.02763, Hit Ratio: 0.35518, NDCG: 0.16742
2023-04-30 17:27:26,355 - INFO - Epoch 511, Loss: 396.03405
2023-04-30 17:27:27,198 - INFO - Epoch 512, Loss: 395.39890
2023-04-30 17:27:28,040 - INFO - Epoch 513, Loss: 394.31637
2023-04-30 17:27:28,881 - INFO - Epoch 514, Loss: 395.03315
2023-04-30 17:27:29,724 - INFO - Epoch 515, Loss: 392.49330
2023-04-30 17:27:30,569 - INFO - Epoch 516, Loss: 390.56349
2023-04-30 17:27:31,416 - INFO - Epoch 517, Loss: 390.89822
2023-04-30 17:27:32,258 - INFO - Epoch 518, Loss: 390.33901
2023-04-30 17:27:33,103 - INFO - Epoch 519, Loss: 388.94200
2023-04-30 17:27:33,945 - INFO - Epoch 520, Loss: 389.52688
2023-04-30 17:27:36,832 - INFO - Epoch 520: [0.8s + 2.9s] Loss: 1.25654, Recall: 0.12832, Precision: 0.02745, Hit Ratio: 0.35518, NDCG: 0.16756
2023-04-30 17:27:37,760 - INFO - Epoch 521, Loss: 387.73655
2023-04-30 17:27:38,604 - INFO - Epoch 522, Loss: 387.23761
2023-04-30 17:27:39,448 - INFO - Epoch 523, Loss: 386.28119
2023-04-30 17:27:40,291 - INFO - Epoch 524, Loss: 387.72949
2023-04-30 17:27:41,133 - INFO - Epoch 525, Loss: 384.17936
2023-04-30 17:27:41,978 - INFO - Epoch 526, Loss: 384.44869
2023-04-30 17:27:42,820 - INFO - Epoch 527, Loss: 383.44405
2023-04-30 17:27:43,664 - INFO - Epoch 528, Loss: 381.02352
2023-04-30 17:27:44,539 - INFO - Epoch 529, Loss: 382.04205
2023-04-30 17:27:45,407 - INFO - Epoch 530, Loss: 379.79825
2023-04-30 17:27:48,554 - INFO - Epoch 530: [0.9s + 3.1s] Loss: 1.22516, Recall: 0.12867, Precision: 0.02751, Hit Ratio: 0.35518, NDCG: 0.16780
2023-04-30 17:27:49,507 - INFO - Epoch 531, Loss: 381.55388
2023-04-30 17:27:50,354 - INFO - Epoch 532, Loss: 377.53510
2023-04-30 17:27:51,200 - INFO - Epoch 533, Loss: 378.36072
2023-04-30 17:27:52,046 - INFO - Epoch 534, Loss: 375.87148
2023-04-30 17:27:52,892 - INFO - Epoch 535, Loss: 376.81034
2023-04-30 17:27:53,764 - INFO - Epoch 536, Loss: 375.96066
2023-04-30 17:27:54,625 - INFO - Epoch 537, Loss: 373.86943
2023-04-30 17:27:55,472 - INFO - Epoch 538, Loss: 375.90563
2023-04-30 17:27:56,326 - INFO - Epoch 539, Loss: 370.26626
2023-04-30 17:27:57,176 - INFO - Epoch 540, Loss: 371.18251
2023-04-30 17:28:00,003 - INFO - Epoch 540: [0.8s + 2.8s] Loss: 1.19736, Recall: 0.12894, Precision: 0.02766, Hit Ratio: 0.35667, NDCG: 0.16908
2023-04-30 17:28:00,943 - INFO - Epoch 541, Loss: 370.19096
2023-04-30 17:28:01,788 - INFO - Epoch 542, Loss: 369.29813
2023-04-30 17:28:02,637 - INFO - Epoch 543, Loss: 369.16768
2023-04-30 17:28:03,481 - INFO - Epoch 544, Loss: 369.20099
2023-04-30 17:28:04,323 - INFO - Epoch 545, Loss: 367.10631
2023-04-30 17:28:05,165 - INFO - Epoch 546, Loss: 367.28064
2023-04-30 17:28:06,009 - INFO - Epoch 547, Loss: 366.30593
2023-04-30 17:28:06,855 - INFO - Epoch 548, Loss: 364.03905
2023-04-30 17:28:07,698 - INFO - Epoch 549, Loss: 364.72608
2023-04-30 17:28:08,545 - INFO - Epoch 550, Loss: 363.88649
2023-04-30 17:28:11,385 - INFO - Epoch 550: [0.8s + 2.8s] Loss: 1.17383, Recall: 0.13034, Precision: 0.02781, Hit Ratio: 0.36026, NDCG: 0.16955
2023-04-30 17:28:12,326 - INFO - Epoch 551, Loss: 363.93594
2023-04-30 17:28:13,172 - INFO - Epoch 552, Loss: 362.04276
2023-04-30 17:28:14,017 - INFO - Epoch 553, Loss: 361.67512
2023-04-30 17:28:14,858 - INFO - Epoch 554, Loss: 359.62347
2023-04-30 17:28:15,702 - INFO - Epoch 555, Loss: 360.33653
2023-04-30 17:28:16,547 - INFO - Epoch 556, Loss: 358.28060
2023-04-30 17:28:17,392 - INFO - Epoch 557, Loss: 358.63197
2023-04-30 17:28:18,234 - INFO - Epoch 558, Loss: 358.09273
2023-04-30 17:28:19,079 - INFO - Epoch 559, Loss: 355.41271
2023-04-30 17:28:19,923 - INFO - Epoch 560, Loss: 355.36894
2023-04-30 17:28:22,811 - INFO - Epoch 560: [0.8s + 2.9s] Loss: 1.14635, Recall: 0.13030, Precision: 0.02771, Hit Ratio: 0.35966, NDCG: 0.16966
2023-04-30 17:28:23,745 - INFO - Epoch 561, Loss: 353.14107
2023-04-30 17:28:24,587 - INFO - Epoch 562, Loss: 354.09838
2023-04-30 17:28:25,430 - INFO - Epoch 563, Loss: 355.28297
2023-04-30 17:28:26,274 - INFO - Epoch 564, Loss: 352.92104
2023-04-30 17:28:27,121 - INFO - Epoch 565, Loss: 351.05440
2023-04-30 17:28:27,963 - INFO - Epoch 566, Loss: 350.68393
2023-04-30 17:28:28,806 - INFO - Epoch 567, Loss: 349.37255
2023-04-30 17:28:29,649 - INFO - Epoch 568, Loss: 348.44019
2023-04-30 17:28:30,492 - INFO - Epoch 569, Loss: 346.51442
2023-04-30 17:28:31,336 - INFO - Epoch 570, Loss: 349.72163
2023-04-30 17:28:34,181 - INFO - Epoch 570: [0.8s + 2.8s] Loss: 1.12813, Recall: 0.12975, Precision: 0.02765, Hit Ratio: 0.35817, NDCG: 0.16960
2023-04-30 17:28:35,120 - INFO - Epoch 571, Loss: 345.96096
2023-04-30 17:28:35,964 - INFO - Epoch 572, Loss: 345.49895
2023-04-30 17:28:36,809 - INFO - Epoch 573, Loss: 345.98785
2023-04-30 17:28:37,651 - INFO - Epoch 574, Loss: 343.00942
2023-04-30 17:28:38,496 - INFO - Epoch 575, Loss: 342.41732
2023-04-30 17:28:39,338 - INFO - Epoch 576, Loss: 342.54475
2023-04-30 17:28:40,188 - INFO - Epoch 577, Loss: 342.96057
2023-04-30 17:28:41,032 - INFO - Epoch 578, Loss: 341.35900
2023-04-30 17:28:41,877 - INFO - Epoch 579, Loss: 340.19454
2023-04-30 17:28:42,722 - INFO - Epoch 580, Loss: 338.71559
2023-04-30 17:28:45,579 - INFO - Epoch 580: [0.8s + 2.9s] Loss: 1.09263, Recall: 0.13059, Precision: 0.02771, Hit Ratio: 0.35907, NDCG: 0.16939
2023-04-30 17:28:46,519 - INFO - Epoch 581, Loss: 339.18880
2023-04-30 17:28:47,365 - INFO - Epoch 582, Loss: 337.96746
2023-04-30 17:28:48,210 - INFO - Epoch 583, Loss: 336.47479
2023-04-30 17:28:49,056 - INFO - Epoch 584, Loss: 335.27812
2023-04-30 17:28:49,900 - INFO - Epoch 585, Loss: 336.34586
2023-04-30 17:28:50,744 - INFO - Epoch 586, Loss: 334.15538
2023-04-30 17:28:51,587 - INFO - Epoch 587, Loss: 334.46927
2023-04-30 17:28:52,432 - INFO - Epoch 588, Loss: 333.04559
2023-04-30 17:28:53,278 - INFO - Epoch 589, Loss: 330.90597
2023-04-30 17:28:54,121 - INFO - Epoch 590, Loss: 331.30792
2023-04-30 17:28:56,967 - INFO - Epoch 590: [0.8s + 2.8s] Loss: 1.06874, Recall: 0.13108, Precision: 0.02787, Hit Ratio: 0.36206, NDCG: 0.17082
2023-04-30 17:28:57,907 - INFO - Epoch 591, Loss: 330.55618
2023-04-30 17:28:58,752 - INFO - Epoch 592, Loss: 330.18233
2023-04-30 17:28:59,596 - INFO - Epoch 593, Loss: 328.48785
2023-04-30 17:29:00,442 - INFO - Epoch 594, Loss: 326.72912
2023-04-30 17:29:01,287 - INFO - Epoch 595, Loss: 328.37336
2023-04-30 17:29:02,135 - INFO - Epoch 596, Loss: 327.63711
2023-04-30 17:29:02,978 - INFO - Epoch 597, Loss: 328.06973
2023-04-30 17:29:03,824 - INFO - Epoch 598, Loss: 326.67917
2023-04-30 17:29:04,667 - INFO - Epoch 599, Loss: 323.50848
2023-04-30 17:29:05,512 - INFO - Epoch 600, Loss: 322.61815
2023-04-30 17:29:08,343 - INFO - Epoch 600: [0.8s + 2.8s] Loss: 1.04070, Recall: 0.13064, Precision: 0.02771, Hit Ratio: 0.35877, NDCG: 0.16973
2023-04-30 17:29:09,286 - INFO - Epoch 601, Loss: 321.61466
2023-04-30 17:29:10,132 - INFO - Epoch 602, Loss: 320.65914
2023-04-30 17:29:10,975 - INFO - Epoch 603, Loss: 320.35344
2023-04-30 17:29:11,819 - INFO - Epoch 604, Loss: 321.05245
2023-04-30 17:29:12,663 - INFO - Epoch 605, Loss: 319.01388
2023-04-30 17:29:13,507 - INFO - Epoch 606, Loss: 318.53461
2023-04-30 17:29:14,352 - INFO - Epoch 607, Loss: 317.97261
2023-04-30 17:29:15,194 - INFO - Epoch 608, Loss: 316.46759
2023-04-30 17:29:16,038 - INFO - Epoch 609, Loss: 316.18121
2023-04-30 17:29:16,885 - INFO - Epoch 610, Loss: 315.23483
2023-04-30 17:29:19,774 - INFO - Epoch 610: [0.8s + 2.9s] Loss: 1.01689, Recall: 0.13067, Precision: 0.02784, Hit Ratio: 0.35996, NDCG: 0.17091
2023-04-30 17:29:20,716 - INFO - Epoch 611, Loss: 314.40871
2023-04-30 17:29:21,561 - INFO - Epoch 612, Loss: 312.52366
2023-04-30 17:29:22,406 - INFO - Epoch 613, Loss: 314.07552
2023-04-30 17:29:23,251 - INFO - Epoch 614, Loss: 311.74682
2023-04-30 17:29:24,095 - INFO - Epoch 615, Loss: 313.25609
2023-04-30 17:29:24,939 - INFO - Epoch 616, Loss: 308.47471
2023-04-30 17:29:25,783 - INFO - Epoch 617, Loss: 311.35944
2023-04-30 17:29:26,629 - INFO - Epoch 618, Loss: 308.77012
2023-04-30 17:29:27,472 - INFO - Epoch 619, Loss: 307.86687
2023-04-30 17:29:28,316 - INFO - Epoch 620, Loss: 307.88893
2023-04-30 17:29:31,145 - INFO - Epoch 620: [0.8s + 2.8s] Loss: 0.99319, Recall: 0.13151, Precision: 0.02795, Hit Ratio: 0.36146, NDCG: 0.17110
2023-04-30 17:29:32,085 - INFO - Epoch 621, Loss: 306.68948
2023-04-30 17:29:32,930 - INFO - Epoch 622, Loss: 304.24627
2023-04-30 17:29:33,776 - INFO - Epoch 623, Loss: 305.65143
2023-04-30 17:29:34,621 - INFO - Epoch 624, Loss: 303.75377
2023-04-30 17:29:35,466 - INFO - Epoch 625, Loss: 304.40435
2023-04-30 17:29:36,312 - INFO - Epoch 626, Loss: 302.37794
2023-04-30 17:29:37,157 - INFO - Epoch 627, Loss: 302.73392
2023-04-30 17:29:38,000 - INFO - Epoch 628, Loss: 303.25916
2023-04-30 17:29:38,843 - INFO - Epoch 629, Loss: 299.93707
2023-04-30 17:29:39,686 - INFO - Epoch 630, Loss: 300.33127
2023-04-30 17:29:42,520 - INFO - Epoch 630: [0.8s + 2.8s] Loss: 0.96881, Recall: 0.13215, Precision: 0.02801, Hit Ratio: 0.36146, NDCG: 0.17116
2023-04-30 17:29:43,460 - INFO - Epoch 631, Loss: 299.81892
2023-04-30 17:29:44,305 - INFO - Epoch 632, Loss: 298.06445
2023-04-30 17:29:45,149 - INFO - Epoch 633, Loss: 297.91029
2023-04-30 17:29:45,991 - INFO - Epoch 634, Loss: 298.11672
2023-04-30 17:29:46,833 - INFO - Epoch 635, Loss: 297.09421
2023-04-30 17:29:47,678 - INFO - Epoch 636, Loss: 294.63201
2023-04-30 17:29:48,520 - INFO - Epoch 637, Loss: 295.77388
2023-04-30 17:29:49,365 - INFO - Epoch 638, Loss: 293.97311
2023-04-30 17:29:50,209 - INFO - Epoch 639, Loss: 292.70345
2023-04-30 17:29:51,051 - INFO - Epoch 640, Loss: 291.37921
2023-04-30 17:29:53,884 - INFO - Epoch 640: [0.8s + 2.8s] Loss: 0.93993, Recall: 0.13149, Precision: 0.02789, Hit Ratio: 0.36116, NDCG: 0.17153
2023-04-30 17:29:54,833 - INFO - Epoch 641, Loss: 290.91377
2023-04-30 17:29:55,676 - INFO - Epoch 642, Loss: 292.91671
2023-04-30 17:29:56,520 - INFO - Epoch 643, Loss: 288.82821
2023-04-30 17:29:57,365 - INFO - Epoch 644, Loss: 288.78307
2023-04-30 17:29:58,208 - INFO - Epoch 645, Loss: 287.70718
2023-04-30 17:29:59,053 - INFO - Epoch 646, Loss: 287.33404
2023-04-30 17:29:59,896 - INFO - Epoch 647, Loss: 285.19092
2023-04-30 17:30:00,741 - INFO - Epoch 648, Loss: 287.36235
2023-04-30 17:30:01,585 - INFO - Epoch 649, Loss: 284.79181
2023-04-30 17:30:02,431 - INFO - Epoch 650, Loss: 284.96348
2023-04-30 17:30:05,307 - INFO - Epoch 650: [0.8s + 2.9s] Loss: 0.91924, Recall: 0.12961, Precision: 0.02774, Hit Ratio: 0.35697, NDCG: 0.17035
2023-04-30 17:30:06,254 - INFO - Epoch 651, Loss: 285.89554
2023-04-30 17:30:07,098 - INFO - Epoch 652, Loss: 282.69523
2023-04-30 17:30:07,939 - INFO - Epoch 653, Loss: 282.77011
2023-04-30 17:30:08,783 - INFO - Epoch 654, Loss: 281.89122
2023-04-30 17:30:09,627 - INFO - Epoch 655, Loss: 280.94703
2023-04-30 17:30:10,472 - INFO - Epoch 656, Loss: 280.69531
2023-04-30 17:30:11,315 - INFO - Epoch 657, Loss: 279.13873
2023-04-30 17:30:12,158 - INFO - Epoch 658, Loss: 280.19412
2023-04-30 17:30:13,000 - INFO - Epoch 659, Loss: 279.16054
2023-04-30 17:30:13,842 - INFO - Epoch 660, Loss: 278.16894
2023-04-30 17:30:16,665 - INFO - Epoch 660: [0.8s + 2.8s] Loss: 0.89732, Recall: 0.13130, Precision: 0.02789, Hit Ratio: 0.36176, NDCG: 0.17099
2023-04-30 17:30:17,617 - INFO - Epoch 661, Loss: 277.21160
2023-04-30 17:30:18,459 - INFO - Epoch 662, Loss: 277.38202
2023-04-30 17:30:19,305 - INFO - Epoch 663, Loss: 275.13058
2023-04-30 17:30:20,151 - INFO - Epoch 664, Loss: 274.83754
2023-04-30 17:30:20,995 - INFO - Epoch 665, Loss: 274.52838
2023-04-30 17:30:21,837 - INFO - Epoch 666, Loss: 271.76480
2023-04-30 17:30:22,681 - INFO - Epoch 667, Loss: 273.28403
2023-04-30 17:30:23,525 - INFO - Epoch 668, Loss: 272.40918
2023-04-30 17:30:24,367 - INFO - Epoch 669, Loss: 270.99977
2023-04-30 17:30:25,210 - INFO - Epoch 670, Loss: 267.65667
2023-04-30 17:30:28,047 - INFO - Epoch 670: [0.8s + 2.8s] Loss: 0.86341, Recall: 0.13216, Precision: 0.02813, Hit Ratio: 0.36445, NDCG: 0.17209
2023-04-30 17:30:29,024 - INFO - Epoch 671, Loss: 269.96381
2023-04-30 17:30:29,895 - INFO - Epoch 672, Loss: 267.65602
2023-04-30 17:30:30,798 - INFO - Epoch 673, Loss: 266.52117
2023-04-30 17:30:31,659 - INFO - Epoch 674, Loss: 266.48814
2023-04-30 17:30:32,515 - INFO - Epoch 675, Loss: 266.04726
2023-04-30 17:30:33,365 - INFO - Epoch 676, Loss: 265.61798
2023-04-30 17:30:34,209 - INFO - Epoch 677, Loss: 265.81146
2023-04-30 17:30:35,052 - INFO - Epoch 678, Loss: 264.29582
2023-04-30 17:30:35,895 - INFO - Epoch 679, Loss: 262.51030
2023-04-30 17:30:36,737 - INFO - Epoch 680, Loss: 263.76988
2023-04-30 17:30:39,552 - INFO - Epoch 680: [0.8s + 2.8s] Loss: 0.85087, Recall: 0.13162, Precision: 0.02799, Hit Ratio: 0.36355, NDCG: 0.17184
2023-04-30 17:30:40,490 - INFO - Epoch 681, Loss: 262.33250
2023-04-30 17:30:41,333 - INFO - Epoch 682, Loss: 261.06261
2023-04-30 17:30:42,175 - INFO - Epoch 683, Loss: 259.26879
2023-04-30 17:30:43,018 - INFO - Epoch 684, Loss: 259.92011
2023-04-30 17:30:43,860 - INFO - Epoch 685, Loss: 258.41701
2023-04-30 17:30:44,704 - INFO - Epoch 686, Loss: 258.26063
2023-04-30 17:30:45,546 - INFO - Epoch 687, Loss: 256.48491
2023-04-30 17:30:46,388 - INFO - Epoch 688, Loss: 256.75420
2023-04-30 17:30:47,231 - INFO - Epoch 689, Loss: 255.45524
2023-04-30 17:30:48,075 - INFO - Epoch 690, Loss: 254.96236
2023-04-30 17:30:50,909 - INFO - Epoch 690: [0.8s + 2.8s] Loss: 0.82246, Recall: 0.13141, Precision: 0.02792, Hit Ratio: 0.36385, NDCG: 0.17235
2023-04-30 17:30:51,851 - INFO - Epoch 691, Loss: 255.77851
2023-04-30 17:30:52,693 - INFO - Epoch 692, Loss: 254.83425
2023-04-30 17:30:53,536 - INFO - Epoch 693, Loss: 252.74734
2023-04-30 17:30:54,379 - INFO - Epoch 694, Loss: 251.67344
2023-04-30 17:30:55,221 - INFO - Epoch 695, Loss: 252.63232
2023-04-30 17:30:56,064 - INFO - Epoch 696, Loss: 251.69901
2023-04-30 17:30:56,909 - INFO - Epoch 697, Loss: 250.93284
2023-04-30 17:30:57,754 - INFO - Epoch 698, Loss: 250.88205
2023-04-30 17:30:58,598 - INFO - Epoch 699, Loss: 249.49970
2023-04-30 17:30:59,441 - INFO - Epoch 700, Loss: 248.03033
2023-04-30 17:31:02,332 - INFO - Epoch 700: [0.8s + 2.9s] Loss: 0.80010, Recall: 0.13054, Precision: 0.02775, Hit Ratio: 0.36146, NDCG: 0.17161
2023-04-30 17:31:03,273 - INFO - Epoch 701, Loss: 248.07685
2023-04-30 17:31:04,119 - INFO - Epoch 702, Loss: 247.14055
2023-04-30 17:31:04,961 - INFO - Epoch 703, Loss: 244.94468
2023-04-30 17:31:05,804 - INFO - Epoch 704, Loss: 246.07463
2023-04-30 17:31:06,645 - INFO - Epoch 705, Loss: 244.96138
2023-04-30 17:31:07,487 - INFO - Epoch 706, Loss: 245.46445
2023-04-30 17:31:08,330 - INFO - Epoch 707, Loss: 243.47984
2023-04-30 17:31:09,172 - INFO - Epoch 708, Loss: 243.89495
2023-04-30 17:31:10,015 - INFO - Epoch 709, Loss: 242.12805
2023-04-30 17:31:10,858 - INFO - Epoch 710, Loss: 242.58956
2023-04-30 17:31:13,683 - INFO - Epoch 710: [0.8s + 2.8s] Loss: 0.78255, Recall: 0.13145, Precision: 0.02798, Hit Ratio: 0.36385, NDCG: 0.17268
2023-04-30 17:31:14,625 - INFO - Epoch 711, Loss: 240.98259
2023-04-30 17:31:15,466 - INFO - Epoch 712, Loss: 240.88850
2023-04-30 17:31:16,308 - INFO - Epoch 713, Loss: 238.91767
2023-04-30 17:31:17,150 - INFO - Epoch 714, Loss: 238.87827
2023-04-30 17:31:17,994 - INFO - Epoch 715, Loss: 237.19598
2023-04-30 17:31:18,836 - INFO - Epoch 716, Loss: 236.47300
2023-04-30 17:31:19,677 - INFO - Epoch 717, Loss: 238.45717
2023-04-30 17:31:20,520 - INFO - Epoch 718, Loss: 237.14317
2023-04-30 17:31:21,361 - INFO - Epoch 719, Loss: 235.00328
2023-04-30 17:31:22,203 - INFO - Epoch 720, Loss: 235.03999
2023-04-30 17:31:25,030 - INFO - Epoch 720: [0.8s + 2.8s] Loss: 0.75819, Recall: 0.13079, Precision: 0.02774, Hit Ratio: 0.36296, NDCG: 0.17238
2023-04-30 17:31:25,030 - INFO - Best Iter = recall:0.13216, pres:0.02813, hr:0.36445, ndcg:0.17209
