2023-04-30 17:46:10,437 - INFO - Loaded Data/Office/train.csv with 3508 users and 2318 items.
2023-04-30 17:46:10,437 - INFO - Matrix size: (3509, 2319), total ratings: 31193
2023-04-30 17:46:10,874 - INFO - Loaded Data/Office/test.csv with 3508 users and 2334 items.
2023-04-30 17:46:10,874 - INFO - Matrix size: (3509, 2335), total ratings: 13396
2023-04-30 17:46:11,614 - INFO - Loaded dataset with 3509 users and 2319 items.
2023-04-30 17:46:11,614 - INFO - Training set contains 31193 ratings and test set contains 13396 ratings.
2023-04-30 17:46:13,826 - INFO - Epoch 1, Loss: 694.22928
2023-04-30 17:46:14,774 - INFO - Epoch 2, Loss: 693.25561
2023-04-30 17:46:15,616 - INFO - Epoch 3, Loss: 692.58068
2023-04-30 17:46:16,463 - INFO - Epoch 4, Loss: 692.17147
2023-04-30 17:46:17,311 - INFO - Epoch 5, Loss: 691.84970
2023-04-30 17:46:18,157 - INFO - Epoch 6, Loss: 691.57402
2023-04-30 17:46:19,012 - INFO - Epoch 7, Loss: 691.32180
2023-04-30 17:46:19,906 - INFO - Epoch 8, Loss: 691.04501
2023-04-30 17:46:20,791 - INFO - Epoch 9, Loss: 690.88689
2023-04-30 17:46:21,725 - INFO - Epoch 10, Loss: 690.70626
2023-04-30 17:46:22,586 - INFO - Epoch 11, Loss: 690.49583
2023-04-30 17:46:23,447 - INFO - Epoch 12, Loss: 690.32039
2023-04-30 17:46:24,347 - INFO - Epoch 13, Loss: 690.13944
2023-04-30 17:46:25,225 - INFO - Epoch 14, Loss: 689.93587
2023-04-30 17:46:26,088 - INFO - Epoch 15, Loss: 689.75416
2023-04-30 17:46:26,950 - INFO - Epoch 16, Loss: 689.54857
2023-04-30 17:46:27,821 - INFO - Epoch 17, Loss: 689.42994
2023-04-30 17:46:28,687 - INFO - Epoch 18, Loss: 689.23057
2023-04-30 17:46:29,540 - INFO - Epoch 19, Loss: 689.08158
2023-04-30 17:46:30,405 - INFO - Epoch 20, Loss: 688.90418
2023-04-30 17:46:33,275 - INFO - Epoch 20: [0.9s + 2.9s] Loss: 2.22227, Recall: 0.01688, Precision: 0.00334, Hit Ratio: 0.06194, NDCG: 0.02211
2023-04-30 17:46:34,242 - INFO - Epoch 21, Loss: 688.72254
2023-04-30 17:46:35,176 - INFO - Epoch 22, Loss: 688.54650
2023-04-30 17:46:36,021 - INFO - Epoch 23, Loss: 688.36785
2023-04-30 17:46:36,862 - INFO - Epoch 24, Loss: 688.20319
2023-04-30 17:46:37,705 - INFO - Epoch 25, Loss: 688.04981
2023-04-30 17:46:38,546 - INFO - Epoch 26, Loss: 687.88903
2023-04-30 17:46:39,386 - INFO - Epoch 27, Loss: 687.76089
2023-04-30 17:46:40,225 - INFO - Epoch 28, Loss: 687.57016
2023-04-30 17:46:41,066 - INFO - Epoch 29, Loss: 687.38484
2023-04-30 17:46:41,909 - INFO - Epoch 30, Loss: 687.27345
2023-04-30 17:46:42,752 - INFO - Epoch 31, Loss: 687.12928
2023-04-30 17:46:43,606 - INFO - Epoch 32, Loss: 686.96201
2023-04-30 17:46:44,453 - INFO - Epoch 33, Loss: 686.78227
2023-04-30 17:46:45,291 - INFO - Epoch 34, Loss: 686.65602
2023-04-30 17:46:46,136 - INFO - Epoch 35, Loss: 686.51073
2023-04-30 17:46:46,989 - INFO - Epoch 36, Loss: 686.32291
2023-04-30 17:46:47,838 - INFO - Epoch 37, Loss: 686.15864
2023-04-30 17:46:48,697 - INFO - Epoch 38, Loss: 686.00912
2023-04-30 17:46:49,542 - INFO - Epoch 39, Loss: 685.84975
2023-04-30 17:46:50,420 - INFO - Epoch 40, Loss: 685.68927
2023-04-30 17:46:53,336 - INFO - Epoch 40: [0.9s + 2.9s] Loss: 2.21190, Recall: 0.03129, Precision: 0.00658, Hit Ratio: 0.11041, NDCG: 0.04220
2023-04-30 17:46:54,290 - INFO - Epoch 41, Loss: 685.55348
2023-04-30 17:46:55,132 - INFO - Epoch 42, Loss: 685.35364
2023-04-30 17:46:55,975 - INFO - Epoch 43, Loss: 685.23158
2023-04-30 17:46:56,827 - INFO - Epoch 44, Loss: 685.07126
2023-04-30 17:46:57,697 - INFO - Epoch 45, Loss: 684.92372
2023-04-30 17:46:58,549 - INFO - Epoch 46, Loss: 684.78265
2023-04-30 17:46:59,417 - INFO - Epoch 47, Loss: 684.64731
2023-04-30 17:47:00,272 - INFO - Epoch 48, Loss: 684.51996
2023-04-30 17:47:01,121 - INFO - Epoch 49, Loss: 684.33486
2023-04-30 17:47:01,992 - INFO - Epoch 50, Loss: 684.12163
2023-04-30 17:47:02,837 - INFO - Epoch 51, Loss: 683.99976
2023-04-30 17:47:03,680 - INFO - Epoch 52, Loss: 683.81685
2023-04-30 17:47:04,523 - INFO - Epoch 53, Loss: 683.64525
2023-04-30 17:47:05,371 - INFO - Epoch 54, Loss: 683.46915
2023-04-30 17:47:06,216 - INFO - Epoch 55, Loss: 683.33503
2023-04-30 17:47:07,058 - INFO - Epoch 56, Loss: 683.18978
2023-04-30 17:47:07,988 - INFO - Epoch 57, Loss: 683.03073
2023-04-30 17:47:08,841 - INFO - Epoch 58, Loss: 682.86104
2023-04-30 17:47:09,696 - INFO - Epoch 59, Loss: 682.68278
2023-04-30 17:47:10,544 - INFO - Epoch 60, Loss: 682.46106
2023-04-30 17:47:13,449 - INFO - Epoch 60: [0.8s + 2.9s] Loss: 2.20149, Recall: 0.04912, Precision: 0.01046, Hit Ratio: 0.16577, NDCG: 0.06927
2023-04-30 17:47:14,378 - INFO - Epoch 61, Loss: 682.30091
2023-04-30 17:47:15,220 - INFO - Epoch 62, Loss: 682.17584
2023-04-30 17:47:16,061 - INFO - Epoch 63, Loss: 681.93103
2023-04-30 17:47:16,903 - INFO - Epoch 64, Loss: 681.80427
2023-04-30 17:47:17,745 - INFO - Epoch 65, Loss: 681.62199
2023-04-30 17:47:18,587 - INFO - Epoch 66, Loss: 681.43474
2023-04-30 17:47:19,427 - INFO - Epoch 67, Loss: 681.22875
2023-04-30 17:47:20,268 - INFO - Epoch 68, Loss: 681.03924
2023-04-30 17:47:21,110 - INFO - Epoch 69, Loss: 680.88505
2023-04-30 17:47:21,953 - INFO - Epoch 70, Loss: 680.65784
2023-04-30 17:47:22,793 - INFO - Epoch 71, Loss: 680.52681
2023-04-30 17:47:23,634 - INFO - Epoch 72, Loss: 680.33846
2023-04-30 17:47:24,475 - INFO - Epoch 73, Loss: 680.13362
2023-04-30 17:47:25,315 - INFO - Epoch 74, Loss: 679.92500
2023-04-30 17:47:26,154 - INFO - Epoch 75, Loss: 679.75121
2023-04-30 17:47:26,996 - INFO - Epoch 76, Loss: 679.53631
2023-04-30 17:47:27,835 - INFO - Epoch 77, Loss: 679.36433
2023-04-30 17:47:28,676 - INFO - Epoch 78, Loss: 679.13429
2023-04-30 17:47:29,517 - INFO - Epoch 79, Loss: 678.93422
2023-04-30 17:47:30,356 - INFO - Epoch 80, Loss: 678.74535
2023-04-30 17:47:33,173 - INFO - Epoch 80: [0.8s + 2.8s] Loss: 2.18950, Recall: 0.06378, Precision: 0.01384, Hit Ratio: 0.21155, NDCG: 0.09002
2023-04-30 17:47:34,113 - INFO - Epoch 81, Loss: 678.49089
2023-04-30 17:47:34,954 - INFO - Epoch 82, Loss: 678.32568
2023-04-30 17:47:35,795 - INFO - Epoch 83, Loss: 678.09396
2023-04-30 17:47:36,635 - INFO - Epoch 84, Loss: 677.86828
2023-04-30 17:47:37,476 - INFO - Epoch 85, Loss: 677.64812
2023-04-30 17:47:38,318 - INFO - Epoch 86, Loss: 677.42028
2023-04-30 17:47:39,157 - INFO - Epoch 87, Loss: 677.26574
2023-04-30 17:47:39,996 - INFO - Epoch 88, Loss: 677.03897
2023-04-30 17:47:40,838 - INFO - Epoch 89, Loss: 676.84426
2023-04-30 17:47:41,678 - INFO - Epoch 90, Loss: 676.54123
2023-04-30 17:47:42,519 - INFO - Epoch 91, Loss: 676.30220
2023-04-30 17:47:43,360 - INFO - Epoch 92, Loss: 676.16138
2023-04-30 17:47:44,199 - INFO - Epoch 93, Loss: 675.82149
2023-04-30 17:47:45,039 - INFO - Epoch 94, Loss: 675.58306
2023-04-30 17:47:45,877 - INFO - Epoch 95, Loss: 675.44720
2023-04-30 17:47:46,716 - INFO - Epoch 96, Loss: 675.17259
2023-04-30 17:47:47,557 - INFO - Epoch 97, Loss: 674.81328
2023-04-30 17:47:48,395 - INFO - Epoch 98, Loss: 674.59877
2023-04-30 17:47:49,236 - INFO - Epoch 99, Loss: 674.38890
2023-04-30 17:47:50,074 - INFO - Epoch 100, Loss: 674.16576
2023-04-30 17:47:52,871 - INFO - Epoch 100: [0.8s + 2.8s] Loss: 2.17473, Recall: 0.07651, Precision: 0.01665, Hit Ratio: 0.24746, NDCG: 0.10540
2023-04-30 17:47:53,794 - INFO - Epoch 101, Loss: 673.86243
2023-04-30 17:47:54,635 - INFO - Epoch 102, Loss: 673.59258
2023-04-30 17:47:55,476 - INFO - Epoch 103, Loss: 673.44261
2023-04-30 17:47:56,318 - INFO - Epoch 104, Loss: 673.04383
2023-04-30 17:47:57,158 - INFO - Epoch 105, Loss: 672.75619
2023-04-30 17:47:57,999 - INFO - Epoch 106, Loss: 672.48742
2023-04-30 17:47:58,840 - INFO - Epoch 107, Loss: 672.22683
2023-04-30 17:47:59,681 - INFO - Epoch 108, Loss: 671.98991
2023-04-30 17:48:00,524 - INFO - Epoch 109, Loss: 671.79108
2023-04-30 17:48:01,366 - INFO - Epoch 110, Loss: 671.57562
2023-04-30 17:48:02,206 - INFO - Epoch 111, Loss: 671.21650
2023-04-30 17:48:03,048 - INFO - Epoch 112, Loss: 670.84077
2023-04-30 17:48:03,889 - INFO - Epoch 113, Loss: 670.74003
2023-04-30 17:48:04,728 - INFO - Epoch 114, Loss: 670.27508
2023-04-30 17:48:05,575 - INFO - Epoch 115, Loss: 669.94486
2023-04-30 17:48:06,416 - INFO - Epoch 116, Loss: 669.84312
2023-04-30 17:48:07,255 - INFO - Epoch 117, Loss: 669.49523
2023-04-30 17:48:08,099 - INFO - Epoch 118, Loss: 669.12020
2023-04-30 17:48:08,939 - INFO - Epoch 119, Loss: 668.83504
2023-04-30 17:48:09,779 - INFO - Epoch 120, Loss: 668.59033
2023-04-30 17:48:12,625 - INFO - Epoch 120: [0.8s + 2.8s] Loss: 2.15674, Recall: 0.08505, Precision: 0.01869, Hit Ratio: 0.27259, NDCG: 0.11811
2023-04-30 17:48:13,560 - INFO - Epoch 121, Loss: 668.11674
2023-04-30 17:48:14,400 - INFO - Epoch 122, Loss: 667.86465
2023-04-30 17:48:15,242 - INFO - Epoch 123, Loss: 667.72045
2023-04-30 17:48:16,082 - INFO - Epoch 124, Loss: 667.13891
2023-04-30 17:48:16,922 - INFO - Epoch 125, Loss: 666.85455
2023-04-30 17:48:17,762 - INFO - Epoch 126, Loss: 666.59925
2023-04-30 17:48:18,602 - INFO - Epoch 127, Loss: 666.18323
2023-04-30 17:48:19,443 - INFO - Epoch 128, Loss: 665.95037
2023-04-30 17:48:20,283 - INFO - Epoch 129, Loss: 665.55227
2023-04-30 17:48:21,124 - INFO - Epoch 130, Loss: 665.34042
2023-04-30 17:48:21,963 - INFO - Epoch 131, Loss: 664.96535
2023-04-30 17:48:22,802 - INFO - Epoch 132, Loss: 664.60596
2023-04-30 17:48:23,645 - INFO - Epoch 133, Loss: 664.08998
2023-04-30 17:48:24,486 - INFO - Epoch 134, Loss: 663.92864
2023-04-30 17:48:25,328 - INFO - Epoch 135, Loss: 663.65173
2023-04-30 17:48:26,170 - INFO - Epoch 136, Loss: 663.05609
2023-04-30 17:48:27,013 - INFO - Epoch 137, Loss: 662.72362
2023-04-30 17:48:27,854 - INFO - Epoch 138, Loss: 662.44186
2023-04-30 17:48:28,694 - INFO - Epoch 139, Loss: 662.14196
2023-04-30 17:48:29,536 - INFO - Epoch 140, Loss: 661.74900
2023-04-30 17:48:32,345 - INFO - Epoch 140: [0.8s + 2.8s] Loss: 2.13467, Recall: 0.09475, Precision: 0.02006, Hit Ratio: 0.29324, NDCG: 0.12683
2023-04-30 17:48:33,286 - INFO - Epoch 141, Loss: 661.26343
2023-04-30 17:48:34,129 - INFO - Epoch 142, Loss: 660.97892
2023-04-30 17:48:34,971 - INFO - Epoch 143, Loss: 660.62558
2023-04-30 17:48:35,813 - INFO - Epoch 144, Loss: 660.20066
2023-04-30 17:48:36,656 - INFO - Epoch 145, Loss: 659.71598
2023-04-30 17:48:37,497 - INFO - Epoch 146, Loss: 659.32590
2023-04-30 17:48:38,338 - INFO - Epoch 147, Loss: 658.99261
2023-04-30 17:48:39,180 - INFO - Epoch 148, Loss: 658.64712
2023-04-30 17:48:40,020 - INFO - Epoch 149, Loss: 658.22747
2023-04-30 17:48:40,861 - INFO - Epoch 150, Loss: 657.85176
2023-04-30 17:48:41,704 - INFO - Epoch 151, Loss: 657.37677
2023-04-30 17:48:42,546 - INFO - Epoch 152, Loss: 656.80675
2023-04-30 17:48:43,388 - INFO - Epoch 153, Loss: 656.66492
2023-04-30 17:48:44,229 - INFO - Epoch 154, Loss: 656.09842
2023-04-30 17:48:45,071 - INFO - Epoch 155, Loss: 655.81402
2023-04-30 17:48:45,912 - INFO - Epoch 156, Loss: 655.35131
2023-04-30 17:48:46,753 - INFO - Epoch 157, Loss: 655.06036
2023-04-30 17:48:47,596 - INFO - Epoch 158, Loss: 654.64091
2023-04-30 17:48:48,439 - INFO - Epoch 159, Loss: 654.18700
2023-04-30 17:48:49,281 - INFO - Epoch 160, Loss: 653.71712
2023-04-30 17:48:52,091 - INFO - Epoch 160: [0.8s + 2.8s] Loss: 2.10876, Recall: 0.09880, Precision: 0.02118, Hit Ratio: 0.29922, NDCG: 0.13104
2023-04-30 17:48:53,039 - INFO - Epoch 161, Loss: 653.46219
2023-04-30 17:48:53,882 - INFO - Epoch 162, Loss: 652.76564
2023-04-30 17:48:54,725 - INFO - Epoch 163, Loss: 652.41390
2023-04-30 17:48:55,568 - INFO - Epoch 164, Loss: 651.94999
2023-04-30 17:48:56,411 - INFO - Epoch 165, Loss: 651.37446
2023-04-30 17:48:57,251 - INFO - Epoch 166, Loss: 650.97059
2023-04-30 17:48:58,092 - INFO - Epoch 167, Loss: 650.55491
2023-04-30 17:48:58,934 - INFO - Epoch 168, Loss: 650.42339
2023-04-30 17:48:59,774 - INFO - Epoch 169, Loss: 649.89984
2023-04-30 17:49:00,617 - INFO - Epoch 170, Loss: 649.20065
2023-04-30 17:49:01,458 - INFO - Epoch 171, Loss: 648.87807
2023-04-30 17:49:02,301 - INFO - Epoch 172, Loss: 648.39270
2023-04-30 17:49:03,142 - INFO - Epoch 173, Loss: 647.90396
2023-04-30 17:49:03,983 - INFO - Epoch 174, Loss: 647.34310
2023-04-30 17:49:04,825 - INFO - Epoch 175, Loss: 647.00982
2023-04-30 17:49:05,672 - INFO - Epoch 176, Loss: 646.08206
2023-04-30 17:49:06,511 - INFO - Epoch 177, Loss: 645.82778
2023-04-30 17:49:07,353 - INFO - Epoch 178, Loss: 645.51870
2023-04-30 17:49:08,193 - INFO - Epoch 179, Loss: 644.84520
2023-04-30 17:49:09,034 - INFO - Epoch 180, Loss: 644.57045
2023-04-30 17:49:11,837 - INFO - Epoch 180: [0.8s + 2.8s] Loss: 2.07926, Recall: 0.10305, Precision: 0.02202, Hit Ratio: 0.30640, NDCG: 0.13452
2023-04-30 17:49:12,762 - INFO - Epoch 181, Loss: 644.02879
2023-04-30 17:49:13,605 - INFO - Epoch 182, Loss: 643.33045
2023-04-30 17:49:14,450 - INFO - Epoch 183, Loss: 642.85102
2023-04-30 17:49:15,291 - INFO - Epoch 184, Loss: 642.22080
2023-04-30 17:49:16,133 - INFO - Epoch 185, Loss: 642.15680
2023-04-30 17:49:16,974 - INFO - Epoch 186, Loss: 641.48393
2023-04-30 17:49:17,818 - INFO - Epoch 187, Loss: 640.91252
2023-04-30 17:49:18,659 - INFO - Epoch 188, Loss: 640.21471
2023-04-30 17:49:19,501 - INFO - Epoch 189, Loss: 639.92072
2023-04-30 17:49:20,342 - INFO - Epoch 190, Loss: 639.03181
2023-04-30 17:49:21,183 - INFO - Epoch 191, Loss: 638.98581
2023-04-30 17:49:22,025 - INFO - Epoch 192, Loss: 638.22933
2023-04-30 17:49:22,867 - INFO - Epoch 193, Loss: 637.69950
2023-04-30 17:49:23,709 - INFO - Epoch 194, Loss: 637.15474
2023-04-30 17:49:24,551 - INFO - Epoch 195, Loss: 636.95613
2023-04-30 17:49:25,391 - INFO - Epoch 196, Loss: 636.45118
2023-04-30 17:49:26,234 - INFO - Epoch 197, Loss: 635.71073
2023-04-30 17:49:27,078 - INFO - Epoch 198, Loss: 634.99706
2023-04-30 17:49:27,920 - INFO - Epoch 199, Loss: 634.63423
2023-04-30 17:49:28,764 - INFO - Epoch 200, Loss: 634.13907
2023-04-30 17:49:31,562 - INFO - Epoch 200: [0.8s + 2.8s] Loss: 2.04561, Recall: 0.10724, Precision: 0.02292, Hit Ratio: 0.31508, NDCG: 0.13811
2023-04-30 17:49:32,500 - INFO - Epoch 201, Loss: 633.61104
2023-04-30 17:49:33,342 - INFO - Epoch 202, Loss: 633.03210
2023-04-30 17:49:34,183 - INFO - Epoch 203, Loss: 632.28660
2023-04-30 17:49:35,024 - INFO - Epoch 204, Loss: 631.93673
2023-04-30 17:49:35,867 - INFO - Epoch 205, Loss: 631.00993
2023-04-30 17:49:36,709 - INFO - Epoch 206, Loss: 630.76950
2023-04-30 17:49:37,551 - INFO - Epoch 207, Loss: 629.92591
2023-04-30 17:49:38,393 - INFO - Epoch 208, Loss: 629.47577
2023-04-30 17:49:39,233 - INFO - Epoch 209, Loss: 629.01735
2023-04-30 17:49:40,074 - INFO - Epoch 210, Loss: 628.45446
2023-04-30 17:49:40,915 - INFO - Epoch 211, Loss: 627.55912
2023-04-30 17:49:41,756 - INFO - Epoch 212, Loss: 627.41888
2023-04-30 17:49:42,597 - INFO - Epoch 213, Loss: 626.45700
2023-04-30 17:49:43,437 - INFO - Epoch 214, Loss: 626.03488
2023-04-30 17:49:44,280 - INFO - Epoch 215, Loss: 625.22154
2023-04-30 17:49:45,120 - INFO - Epoch 216, Loss: 624.67705
2023-04-30 17:49:45,962 - INFO - Epoch 217, Loss: 624.01403
2023-04-30 17:49:46,802 - INFO - Epoch 218, Loss: 623.32250
2023-04-30 17:49:47,644 - INFO - Epoch 219, Loss: 623.25121
2023-04-30 17:49:48,484 - INFO - Epoch 220, Loss: 622.48921
2023-04-30 17:49:51,346 - INFO - Epoch 220: [0.8s + 2.9s] Loss: 2.00803, Recall: 0.11057, Precision: 0.02362, Hit Ratio: 0.31957, NDCG: 0.14010
2023-04-30 17:49:52,289 - INFO - Epoch 221, Loss: 622.02686
2023-04-30 17:49:53,130 - INFO - Epoch 222, Loss: 621.34971
2023-04-30 17:49:53,972 - INFO - Epoch 223, Loss: 620.85554
2023-04-30 17:49:54,816 - INFO - Epoch 224, Loss: 620.06143
2023-04-30 17:49:55,657 - INFO - Epoch 225, Loss: 619.43698
2023-04-30 17:49:56,499 - INFO - Epoch 226, Loss: 618.54082
2023-04-30 17:49:57,340 - INFO - Epoch 227, Loss: 618.05711
2023-04-30 17:49:58,181 - INFO - Epoch 228, Loss: 617.45831
2023-04-30 17:49:59,020 - INFO - Epoch 229, Loss: 616.67696
2023-04-30 17:49:59,864 - INFO - Epoch 230, Loss: 616.61859
2023-04-30 17:50:00,708 - INFO - Epoch 231, Loss: 615.46883
2023-04-30 17:50:01,551 - INFO - Epoch 232, Loss: 615.05633
2023-04-30 17:50:02,394 - INFO - Epoch 233, Loss: 614.31096
2023-04-30 17:50:03,237 - INFO - Epoch 234, Loss: 613.61291
2023-04-30 17:50:04,079 - INFO - Epoch 235, Loss: 612.50128
2023-04-30 17:50:04,918 - INFO - Epoch 236, Loss: 612.10240
2023-04-30 17:50:05,763 - INFO - Epoch 237, Loss: 612.07782
2023-04-30 17:50:06,607 - INFO - Epoch 238, Loss: 610.97109
2023-04-30 17:50:07,448 - INFO - Epoch 239, Loss: 610.22152
2023-04-30 17:50:08,291 - INFO - Epoch 240, Loss: 610.37469
2023-04-30 17:50:11,092 - INFO - Epoch 240: [0.8s + 2.8s] Loss: 1.96895, Recall: 0.11402, Precision: 0.02413, Hit Ratio: 0.32645, NDCG: 0.14263
2023-04-30 17:50:12,039 - INFO - Epoch 241, Loss: 609.39965
2023-04-30 17:50:12,880 - INFO - Epoch 242, Loss: 608.57797
2023-04-30 17:50:13,723 - INFO - Epoch 243, Loss: 607.59843
2023-04-30 17:50:14,565 - INFO - Epoch 244, Loss: 607.31714
2023-04-30 17:50:15,408 - INFO - Epoch 245, Loss: 606.06056
2023-04-30 17:50:16,251 - INFO - Epoch 246, Loss: 605.51938
2023-04-30 17:50:17,095 - INFO - Epoch 247, Loss: 605.48071
2023-04-30 17:50:17,937 - INFO - Epoch 248, Loss: 604.47551
2023-04-30 17:50:18,779 - INFO - Epoch 249, Loss: 603.66579
2023-04-30 17:50:19,619 - INFO - Epoch 250, Loss: 603.11197
2023-04-30 17:50:20,461 - INFO - Epoch 251, Loss: 602.09034
2023-04-30 17:50:21,304 - INFO - Epoch 252, Loss: 601.57133
2023-04-30 17:50:22,146 - INFO - Epoch 253, Loss: 601.21966
2023-04-30 17:50:22,988 - INFO - Epoch 254, Loss: 600.22114
2023-04-30 17:50:23,832 - INFO - Epoch 255, Loss: 599.74000
2023-04-30 17:50:24,673 - INFO - Epoch 256, Loss: 599.39300
2023-04-30 17:50:25,513 - INFO - Epoch 257, Loss: 598.18529
2023-04-30 17:50:26,356 - INFO - Epoch 258, Loss: 598.40265
2023-04-30 17:50:27,196 - INFO - Epoch 259, Loss: 596.85847
2023-04-30 17:50:28,035 - INFO - Epoch 260, Loss: 596.12356
2023-04-30 17:50:30,844 - INFO - Epoch 260: [0.8s + 2.8s] Loss: 1.92298, Recall: 0.11683, Precision: 0.02469, Hit Ratio: 0.33094, NDCG: 0.14531
2023-04-30 17:50:31,800 - INFO - Epoch 261, Loss: 595.45229
2023-04-30 17:50:32,642 - INFO - Epoch 262, Loss: 595.20913
2023-04-30 17:50:33,484 - INFO - Epoch 263, Loss: 594.36374
2023-04-30 17:50:34,323 - INFO - Epoch 264, Loss: 593.39235
2023-04-30 17:50:35,163 - INFO - Epoch 265, Loss: 592.76038
2023-04-30 17:50:36,005 - INFO - Epoch 266, Loss: 592.42087
2023-04-30 17:50:36,847 - INFO - Epoch 267, Loss: 591.84952
2023-04-30 17:50:37,688 - INFO - Epoch 268, Loss: 590.60100
2023-04-30 17:50:38,528 - INFO - Epoch 269, Loss: 589.98901
2023-04-30 17:50:39,370 - INFO - Epoch 270, Loss: 589.71845
2023-04-30 17:50:40,213 - INFO - Epoch 271, Loss: 588.46668
2023-04-30 17:50:41,053 - INFO - Epoch 272, Loss: 587.70755
2023-04-30 17:50:41,892 - INFO - Epoch 273, Loss: 587.32095
2023-04-30 17:50:42,735 - INFO - Epoch 274, Loss: 587.19961
2023-04-30 17:50:43,576 - INFO - Epoch 275, Loss: 586.15777
2023-04-30 17:50:44,418 - INFO - Epoch 276, Loss: 584.92532
2023-04-30 17:50:45,260 - INFO - Epoch 277, Loss: 584.38948
2023-04-30 17:50:46,100 - INFO - Epoch 278, Loss: 583.98197
2023-04-30 17:50:46,940 - INFO - Epoch 279, Loss: 582.99442
2023-04-30 17:50:47,781 - INFO - Epoch 280, Loss: 583.06402
2023-04-30 17:50:50,561 - INFO - Epoch 280: [0.8s + 2.8s] Loss: 1.88085, Recall: 0.11854, Precision: 0.02513, Hit Ratio: 0.33573, NDCG: 0.14768
2023-04-30 17:50:51,495 - INFO - Epoch 281, Loss: 580.41725
2023-04-30 17:50:52,337 - INFO - Epoch 282, Loss: 581.28242
2023-04-30 17:50:53,176 - INFO - Epoch 283, Loss: 580.07343
2023-04-30 17:50:54,016 - INFO - Epoch 284, Loss: 579.60978
2023-04-30 17:50:54,855 - INFO - Epoch 285, Loss: 578.38698
2023-04-30 17:50:55,695 - INFO - Epoch 286, Loss: 577.44224
2023-04-30 17:50:56,536 - INFO - Epoch 287, Loss: 577.13852
2023-04-30 17:50:57,377 - INFO - Epoch 288, Loss: 576.88737
2023-04-30 17:50:58,219 - INFO - Epoch 289, Loss: 575.66491
2023-04-30 17:50:59,057 - INFO - Epoch 290, Loss: 575.86810
2023-04-30 17:50:59,897 - INFO - Epoch 291, Loss: 573.69291
2023-04-30 17:51:00,736 - INFO - Epoch 292, Loss: 574.55881
2023-04-30 17:51:01,576 - INFO - Epoch 293, Loss: 572.63116
2023-04-30 17:51:02,416 - INFO - Epoch 294, Loss: 572.20767
2023-04-30 17:51:03,256 - INFO - Epoch 295, Loss: 571.46197
2023-04-30 17:51:04,096 - INFO - Epoch 296, Loss: 570.18313
2023-04-30 17:51:04,935 - INFO - Epoch 297, Loss: 569.68021
2023-04-30 17:51:05,781 - INFO - Epoch 298, Loss: 569.14974
2023-04-30 17:51:06,621 - INFO - Epoch 299, Loss: 568.59116
2023-04-30 17:51:07,463 - INFO - Epoch 300, Loss: 567.39693
2023-04-30 17:51:10,317 - INFO - Epoch 300: [0.8s + 2.9s] Loss: 1.83031, Recall: 0.11960, Precision: 0.02539, Hit Ratio: 0.33902, NDCG: 0.15011
2023-04-30 17:51:11,256 - INFO - Epoch 301, Loss: 567.09391
2023-04-30 17:51:12,096 - INFO - Epoch 302, Loss: 565.55465
2023-04-30 17:51:12,935 - INFO - Epoch 303, Loss: 565.56315
2023-04-30 17:51:13,776 - INFO - Epoch 304, Loss: 564.25210
2023-04-30 17:51:14,634 - INFO - Epoch 305, Loss: 563.78680
2023-04-30 17:51:15,492 - INFO - Epoch 306, Loss: 563.43580
2023-04-30 17:51:16,353 - INFO - Epoch 307, Loss: 562.77650
2023-04-30 17:51:17,218 - INFO - Epoch 308, Loss: 560.77040
2023-04-30 17:51:18,073 - INFO - Epoch 309, Loss: 560.03772
2023-04-30 17:51:18,916 - INFO - Epoch 310, Loss: 559.38436
2023-04-30 17:51:19,756 - INFO - Epoch 311, Loss: 558.77666
2023-04-30 17:51:20,596 - INFO - Epoch 312, Loss: 559.25723
2023-04-30 17:51:21,438 - INFO - Epoch 313, Loss: 557.99775
2023-04-30 17:51:22,278 - INFO - Epoch 314, Loss: 557.43712
2023-04-30 17:51:23,122 - INFO - Epoch 315, Loss: 556.89045
2023-04-30 17:51:23,964 - INFO - Epoch 316, Loss: 555.65321
2023-04-30 17:51:24,813 - INFO - Epoch 317, Loss: 555.74871
2023-04-30 17:51:25,666 - INFO - Epoch 318, Loss: 555.39326
2023-04-30 17:51:26,507 - INFO - Epoch 319, Loss: 553.61541
2023-04-30 17:51:27,347 - INFO - Epoch 320, Loss: 552.77960
2023-04-30 17:51:30,134 - INFO - Epoch 320: [0.8s + 2.8s] Loss: 1.78316, Recall: 0.12240, Precision: 0.02594, Hit Ratio: 0.34590, NDCG: 0.15282
2023-04-30 17:51:31,074 - INFO - Epoch 321, Loss: 551.11027
2023-04-30 17:51:31,914 - INFO - Epoch 322, Loss: 550.86263
2023-04-30 17:51:32,755 - INFO - Epoch 323, Loss: 551.10145
2023-04-30 17:51:33,594 - INFO - Epoch 324, Loss: 549.39230
2023-04-30 17:51:34,440 - INFO - Epoch 325, Loss: 548.45627
2023-04-30 17:51:35,280 - INFO - Epoch 326, Loss: 547.60214
2023-04-30 17:51:36,119 - INFO - Epoch 327, Loss: 546.85802
2023-04-30 17:51:36,959 - INFO - Epoch 328, Loss: 546.59303
2023-04-30 17:51:37,800 - INFO - Epoch 329, Loss: 545.95407
2023-04-30 17:51:38,639 - INFO - Epoch 330, Loss: 545.25689
2023-04-30 17:51:39,479 - INFO - Epoch 331, Loss: 544.55341
2023-04-30 17:51:40,319 - INFO - Epoch 332, Loss: 543.36225
2023-04-30 17:51:41,159 - INFO - Epoch 333, Loss: 543.10816
2023-04-30 17:51:42,001 - INFO - Epoch 334, Loss: 540.81635
2023-04-30 17:51:42,840 - INFO - Epoch 335, Loss: 540.79045
2023-04-30 17:51:43,680 - INFO - Epoch 336, Loss: 539.46319
2023-04-30 17:51:44,519 - INFO - Epoch 337, Loss: 539.73893
2023-04-30 17:51:45,359 - INFO - Epoch 338, Loss: 538.78185
2023-04-30 17:51:46,198 - INFO - Epoch 339, Loss: 538.97281
2023-04-30 17:51:47,038 - INFO - Epoch 340, Loss: 536.87085
2023-04-30 17:51:49,841 - INFO - Epoch 340: [0.8s + 2.8s] Loss: 1.73184, Recall: 0.12466, Precision: 0.02644, Hit Ratio: 0.35009, NDCG: 0.15468
2023-04-30 17:51:50,788 - INFO - Epoch 341, Loss: 535.66737
2023-04-30 17:51:51,648 - INFO - Epoch 342, Loss: 535.77896
2023-04-30 17:51:52,497 - INFO - Epoch 343, Loss: 534.77982
2023-04-30 17:51:53,341 - INFO - Epoch 344, Loss: 533.55378
2023-04-30 17:51:54,188 - INFO - Epoch 345, Loss: 532.78697
2023-04-30 17:51:55,040 - INFO - Epoch 346, Loss: 532.51775
2023-04-30 17:51:55,899 - INFO - Epoch 347, Loss: 531.69769
2023-04-30 17:51:56,748 - INFO - Epoch 348, Loss: 532.10229
2023-04-30 17:51:57,595 - INFO - Epoch 349, Loss: 530.54434
2023-04-30 17:51:58,449 - INFO - Epoch 350, Loss: 530.26349
2023-04-30 17:51:59,299 - INFO - Epoch 351, Loss: 528.94612
2023-04-30 17:52:00,148 - INFO - Epoch 352, Loss: 528.04282
2023-04-30 17:52:00,997 - INFO - Epoch 353, Loss: 527.91075
2023-04-30 17:52:01,846 - INFO - Epoch 354, Loss: 526.22979
2023-04-30 17:52:02,691 - INFO - Epoch 355, Loss: 525.33671
2023-04-30 17:52:03,533 - INFO - Epoch 356, Loss: 524.96092
2023-04-30 17:52:04,374 - INFO - Epoch 357, Loss: 524.04459
2023-04-30 17:52:05,217 - INFO - Epoch 358, Loss: 521.36281
2023-04-30 17:52:06,062 - INFO - Epoch 359, Loss: 522.58128
2023-04-30 17:52:06,903 - INFO - Epoch 360, Loss: 521.74777
2023-04-30 17:52:09,687 - INFO - Epoch 360: [0.8s + 2.8s] Loss: 1.68306, Recall: 0.12562, Precision: 0.02669, Hit Ratio: 0.35398, NDCG: 0.15683
2023-04-30 17:52:10,629 - INFO - Epoch 361, Loss: 520.87140
2023-04-30 17:52:11,471 - INFO - Epoch 362, Loss: 520.51208
2023-04-30 17:52:12,314 - INFO - Epoch 363, Loss: 519.70661
2023-04-30 17:52:13,154 - INFO - Epoch 364, Loss: 517.82796
2023-04-30 17:52:13,997 - INFO - Epoch 365, Loss: 516.89969
2023-04-30 17:52:14,839 - INFO - Epoch 366, Loss: 516.44306
2023-04-30 17:52:15,680 - INFO - Epoch 367, Loss: 516.60872
2023-04-30 17:52:16,522 - INFO - Epoch 368, Loss: 515.77416
2023-04-30 17:52:17,365 - INFO - Epoch 369, Loss: 514.64246
2023-04-30 17:52:18,205 - INFO - Epoch 370, Loss: 514.22555
2023-04-30 17:52:19,048 - INFO - Epoch 371, Loss: 513.75097
2023-04-30 17:52:19,888 - INFO - Epoch 372, Loss: 512.76529
2023-04-30 17:52:20,731 - INFO - Epoch 373, Loss: 512.16212
2023-04-30 17:52:21,572 - INFO - Epoch 374, Loss: 510.57871
2023-04-30 17:52:22,413 - INFO - Epoch 375, Loss: 510.04386
2023-04-30 17:52:23,254 - INFO - Epoch 376, Loss: 509.71143
2023-04-30 17:52:24,094 - INFO - Epoch 377, Loss: 507.57996
2023-04-30 17:52:24,936 - INFO - Epoch 378, Loss: 507.45722
2023-04-30 17:52:25,777 - INFO - Epoch 379, Loss: 507.56100
2023-04-30 17:52:26,619 - INFO - Epoch 380, Loss: 505.89642
2023-04-30 17:52:29,432 - INFO - Epoch 380: [0.8s + 2.8s] Loss: 1.63192, Recall: 0.12683, Precision: 0.02696, Hit Ratio: 0.35577, NDCG: 0.15886
2023-04-30 17:52:30,380 - INFO - Epoch 381, Loss: 504.89707
2023-04-30 17:52:31,221 - INFO - Epoch 382, Loss: 504.75926
2023-04-30 17:52:32,065 - INFO - Epoch 383, Loss: 502.98068
2023-04-30 17:52:32,908 - INFO - Epoch 384, Loss: 502.14812
2023-04-30 17:52:33,755 - INFO - Epoch 385, Loss: 502.12316
2023-04-30 17:52:34,599 - INFO - Epoch 386, Loss: 500.15733
2023-04-30 17:52:35,443 - INFO - Epoch 387, Loss: 499.55829
2023-04-30 17:52:36,287 - INFO - Epoch 388, Loss: 499.37309
2023-04-30 17:52:37,131 - INFO - Epoch 389, Loss: 498.35830
2023-04-30 17:52:37,972 - INFO - Epoch 390, Loss: 496.79015
2023-04-30 17:52:38,814 - INFO - Epoch 391, Loss: 496.29321
2023-04-30 17:52:39,655 - INFO - Epoch 392, Loss: 496.07609
2023-04-30 17:52:40,495 - INFO - Epoch 393, Loss: 494.73500
2023-04-30 17:52:41,336 - INFO - Epoch 394, Loss: 494.01738
2023-04-30 17:52:42,177 - INFO - Epoch 395, Loss: 494.26017
2023-04-30 17:52:43,018 - INFO - Epoch 396, Loss: 493.33115
2023-04-30 17:52:43,859 - INFO - Epoch 397, Loss: 492.78578
2023-04-30 17:52:44,701 - INFO - Epoch 398, Loss: 491.13854
2023-04-30 17:52:45,543 - INFO - Epoch 399, Loss: 489.66353
2023-04-30 17:52:46,385 - INFO - Epoch 400, Loss: 489.53432
2023-04-30 17:52:49,250 - INFO - Epoch 400: [0.8s + 2.9s] Loss: 1.57914, Recall: 0.12888, Precision: 0.02726, Hit Ratio: 0.35907, NDCG: 0.16114
2023-04-30 17:52:50,196 - INFO - Epoch 401, Loss: 488.69842
2023-04-30 17:52:51,036 - INFO - Epoch 402, Loss: 488.47737
2023-04-30 17:52:51,876 - INFO - Epoch 403, Loss: 488.77097
2023-04-30 17:52:52,716 - INFO - Epoch 404, Loss: 486.92980
2023-04-30 17:52:53,558 - INFO - Epoch 405, Loss: 485.64798
2023-04-30 17:52:54,399 - INFO - Epoch 406, Loss: 485.97209
2023-04-30 17:52:55,240 - INFO - Epoch 407, Loss: 485.27828
2023-04-30 17:52:56,082 - INFO - Epoch 408, Loss: 483.39055
2023-04-30 17:52:56,927 - INFO - Epoch 409, Loss: 482.85337
2023-04-30 17:52:57,769 - INFO - Epoch 410, Loss: 481.93124
2023-04-30 17:52:58,609 - INFO - Epoch 411, Loss: 479.95643
2023-04-30 17:52:59,451 - INFO - Epoch 412, Loss: 480.79413
2023-04-30 17:53:00,295 - INFO - Epoch 413, Loss: 479.20084
2023-04-30 17:53:01,135 - INFO - Epoch 414, Loss: 479.29534
2023-04-30 17:53:01,977 - INFO - Epoch 415, Loss: 478.12230
2023-04-30 17:53:02,819 - INFO - Epoch 416, Loss: 477.01445
2023-04-30 17:53:03,668 - INFO - Epoch 417, Loss: 476.50316
2023-04-30 17:53:04,512 - INFO - Epoch 418, Loss: 475.62252
2023-04-30 17:53:05,359 - INFO - Epoch 419, Loss: 475.63234
2023-04-30 17:53:06,202 - INFO - Epoch 420, Loss: 473.76570
2023-04-30 17:53:09,011 - INFO - Epoch 420: [0.8s + 2.8s] Loss: 1.52828, Recall: 0.12975, Precision: 0.02751, Hit Ratio: 0.36146, NDCG: 0.16241
2023-04-30 17:53:09,958 - INFO - Epoch 421, Loss: 471.81582
2023-04-30 17:53:10,798 - INFO - Epoch 422, Loss: 471.47951
2023-04-30 17:53:11,637 - INFO - Epoch 423, Loss: 470.79368
2023-04-30 17:53:12,479 - INFO - Epoch 424, Loss: 470.97604
2023-04-30 17:53:13,319 - INFO - Epoch 425, Loss: 468.86964
2023-04-30 17:53:14,161 - INFO - Epoch 426, Loss: 469.11482
2023-04-30 17:53:15,002 - INFO - Epoch 427, Loss: 467.00383
2023-04-30 17:53:15,842 - INFO - Epoch 428, Loss: 465.74748
2023-04-30 17:53:16,683 - INFO - Epoch 429, Loss: 466.66995
2023-04-30 17:53:17,523 - INFO - Epoch 430, Loss: 466.61035
2023-04-30 17:53:18,364 - INFO - Epoch 431, Loss: 465.59275
2023-04-30 17:53:19,204 - INFO - Epoch 432, Loss: 465.41276
2023-04-30 17:53:20,044 - INFO - Epoch 433, Loss: 463.04321
2023-04-30 17:53:20,885 - INFO - Epoch 434, Loss: 462.33105
2023-04-30 17:53:21,725 - INFO - Epoch 435, Loss: 461.62342
2023-04-30 17:53:22,566 - INFO - Epoch 436, Loss: 460.14190
2023-04-30 17:53:23,406 - INFO - Epoch 437, Loss: 460.01798
2023-04-30 17:53:24,247 - INFO - Epoch 438, Loss: 458.81718
2023-04-30 17:53:25,086 - INFO - Epoch 439, Loss: 458.77585
2023-04-30 17:53:25,927 - INFO - Epoch 440, Loss: 456.62471
2023-04-30 17:53:28,725 - INFO - Epoch 440: [0.8s + 2.8s] Loss: 1.47298, Recall: 0.13051, Precision: 0.02768, Hit Ratio: 0.36326, NDCG: 0.16401
2023-04-30 17:53:29,654 - INFO - Epoch 441, Loss: 456.71174
2023-04-30 17:53:30,493 - INFO - Epoch 442, Loss: 455.60992
2023-04-30 17:53:31,334 - INFO - Epoch 443, Loss: 455.32005
2023-04-30 17:53:32,176 - INFO - Epoch 444, Loss: 454.85457
2023-04-30 17:53:33,016 - INFO - Epoch 445, Loss: 453.88956
2023-04-30 17:53:33,857 - INFO - Epoch 446, Loss: 452.32469
2023-04-30 17:53:34,700 - INFO - Epoch 447, Loss: 451.73729
2023-04-30 17:53:35,541 - INFO - Epoch 448, Loss: 450.80234
2023-04-30 17:53:36,379 - INFO - Epoch 449, Loss: 450.03929
2023-04-30 17:53:37,218 - INFO - Epoch 450, Loss: 449.02375
2023-04-30 17:53:38,059 - INFO - Epoch 451, Loss: 448.42061
2023-04-30 17:53:38,898 - INFO - Epoch 452, Loss: 446.04642
2023-04-30 17:53:39,738 - INFO - Epoch 453, Loss: 447.28094
2023-04-30 17:53:40,606 - INFO - Epoch 454, Loss: 445.44917
2023-04-30 17:53:41,491 - INFO - Epoch 455, Loss: 444.09814
2023-04-30 17:53:42,365 - INFO - Epoch 456, Loss: 444.71428
2023-04-30 17:53:43,295 - INFO - Epoch 457, Loss: 443.49948
2023-04-30 17:53:44,180 - INFO - Epoch 458, Loss: 441.79308
2023-04-30 17:53:45,036 - INFO - Epoch 459, Loss: 441.73289
2023-04-30 17:53:45,908 - INFO - Epoch 460, Loss: 440.95629
2023-04-30 17:53:48,861 - INFO - Epoch 460: [0.9s + 3.0s] Loss: 1.42244, Recall: 0.13082, Precision: 0.02784, Hit Ratio: 0.36415, NDCG: 0.16442
2023-04-30 17:53:49,833 - INFO - Epoch 461, Loss: 440.54762
2023-04-30 17:53:50,779 - INFO - Epoch 462, Loss: 438.32913
2023-04-30 17:53:51,644 - INFO - Epoch 463, Loss: 438.22737
2023-04-30 17:53:52,506 - INFO - Epoch 464, Loss: 436.23391
2023-04-30 17:53:53,381 - INFO - Epoch 465, Loss: 436.27574
2023-04-30 17:53:54,266 - INFO - Epoch 466, Loss: 436.07608
2023-04-30 17:53:55,203 - INFO - Epoch 467, Loss: 433.94560
2023-04-30 17:53:56,090 - INFO - Epoch 468, Loss: 433.33750
2023-04-30 17:53:56,966 - INFO - Epoch 469, Loss: 432.70878
2023-04-30 17:53:57,838 - INFO - Epoch 470, Loss: 431.51481
2023-04-30 17:53:58,708 - INFO - Epoch 471, Loss: 432.01974
2023-04-30 17:53:59,580 - INFO - Epoch 472, Loss: 429.45345
2023-04-30 17:54:00,485 - INFO - Epoch 473, Loss: 429.93814
2023-04-30 17:54:01,379 - INFO - Epoch 474, Loss: 428.84275
2023-04-30 17:54:02,377 - INFO - Epoch 475, Loss: 428.59590
2023-04-30 17:54:03,290 - INFO - Epoch 476, Loss: 428.60664
2023-04-30 17:54:04,147 - INFO - Epoch 477, Loss: 426.98521
2023-04-30 17:54:05,051 - INFO - Epoch 478, Loss: 426.66095
2023-04-30 17:54:05,916 - INFO - Epoch 479, Loss: 424.01144
2023-04-30 17:54:06,809 - INFO - Epoch 480, Loss: 424.83331
2023-04-30 17:54:09,867 - INFO - Epoch 480: [0.9s + 3.1s] Loss: 1.37043, Recall: 0.13276, Precision: 0.02813, Hit Ratio: 0.36834, NDCG: 0.16593
2023-04-30 17:54:10,832 - INFO - Epoch 481, Loss: 422.81988
2023-04-30 17:54:11,692 - INFO - Epoch 482, Loss: 422.08292
2023-04-30 17:54:12,555 - INFO - Epoch 483, Loss: 422.70919
2023-04-30 17:54:13,409 - INFO - Epoch 484, Loss: 421.48724
2023-04-30 17:54:14,274 - INFO - Epoch 485, Loss: 419.66933
2023-04-30 17:54:15,134 - INFO - Epoch 486, Loss: 418.86557
2023-04-30 17:54:16,014 - INFO - Epoch 487, Loss: 417.49139
2023-04-30 17:54:16,887 - INFO - Epoch 488, Loss: 418.89265
2023-04-30 17:54:17,775 - INFO - Epoch 489, Loss: 416.75717
2023-04-30 17:54:18,649 - INFO - Epoch 490, Loss: 415.25868
2023-04-30 17:54:19,507 - INFO - Epoch 491, Loss: 414.24634
2023-04-30 17:54:20,356 - INFO - Epoch 492, Loss: 413.94992
2023-04-30 17:54:21,205 - INFO - Epoch 493, Loss: 413.11764
2023-04-30 17:54:22,054 - INFO - Epoch 494, Loss: 413.51456
2023-04-30 17:54:22,900 - INFO - Epoch 495, Loss: 411.94617
2023-04-30 17:54:23,747 - INFO - Epoch 496, Loss: 412.00641
2023-04-30 17:54:24,594 - INFO - Epoch 497, Loss: 409.90034
2023-04-30 17:54:25,457 - INFO - Epoch 498, Loss: 409.00938
2023-04-30 17:54:26,318 - INFO - Epoch 499, Loss: 408.87916
2023-04-30 17:54:27,163 - INFO - Epoch 500, Loss: 407.16539
2023-04-30 17:54:30,137 - INFO - Epoch 500: [0.8s + 3.0s] Loss: 1.31344, Recall: 0.13306, Precision: 0.02814, Hit Ratio: 0.36744, NDCG: 0.16639
2023-04-30 17:54:31,066 - INFO - Epoch 501, Loss: 407.30111
2023-04-30 17:54:31,916 - INFO - Epoch 502, Loss: 407.22428
2023-04-30 17:54:32,790 - INFO - Epoch 503, Loss: 406.57707
2023-04-30 17:54:33,667 - INFO - Epoch 504, Loss: 403.82186
2023-04-30 17:54:34,564 - INFO - Epoch 505, Loss: 404.85514
2023-04-30 17:54:35,411 - INFO - Epoch 506, Loss: 404.01912
2023-04-30 17:54:36,256 - INFO - Epoch 507, Loss: 401.73507
2023-04-30 17:54:37,106 - INFO - Epoch 508, Loss: 401.83295
2023-04-30 17:54:37,957 - INFO - Epoch 509, Loss: 399.60046
2023-04-30 17:54:38,810 - INFO - Epoch 510, Loss: 399.17841
2023-04-30 17:54:39,663 - INFO - Epoch 511, Loss: 398.85341
2023-04-30 17:54:40,518 - INFO - Epoch 512, Loss: 398.30004
2023-04-30 17:54:41,366 - INFO - Epoch 513, Loss: 397.66079
2023-04-30 17:54:42,220 - INFO - Epoch 514, Loss: 396.41061
2023-04-30 17:54:43,073 - INFO - Epoch 515, Loss: 395.04602
2023-04-30 17:54:43,931 - INFO - Epoch 516, Loss: 394.22611
2023-04-30 17:54:44,783 - INFO - Epoch 517, Loss: 393.01920
2023-04-30 17:54:45,635 - INFO - Epoch 518, Loss: 393.42130
2023-04-30 17:54:46,486 - INFO - Epoch 519, Loss: 391.64884
2023-04-30 17:54:47,345 - INFO - Epoch 520, Loss: 390.43431
2023-04-30 17:54:50,189 - INFO - Epoch 520: [0.9s + 2.8s] Loss: 1.25947, Recall: 0.13375, Precision: 0.02826, Hit Ratio: 0.36834, NDCG: 0.16690
2023-04-30 17:54:51,143 - INFO - Epoch 521, Loss: 390.98899
2023-04-30 17:54:52,004 - INFO - Epoch 522, Loss: 389.81664
2023-04-30 17:54:52,870 - INFO - Epoch 523, Loss: 388.16173
2023-04-30 17:54:53,722 - INFO - Epoch 524, Loss: 388.82685
2023-04-30 17:54:54,572 - INFO - Epoch 525, Loss: 387.56560
2023-04-30 17:54:55,428 - INFO - Epoch 526, Loss: 386.51969
2023-04-30 17:54:56,287 - INFO - Epoch 527, Loss: 384.33435
2023-04-30 17:54:57,139 - INFO - Epoch 528, Loss: 385.48360
2023-04-30 17:54:57,993 - INFO - Epoch 529, Loss: 383.87064
2023-04-30 17:54:58,853 - INFO - Epoch 530, Loss: 383.07259
2023-04-30 17:54:59,710 - INFO - Epoch 531, Loss: 381.71000
2023-04-30 17:55:00,564 - INFO - Epoch 532, Loss: 380.98004
2023-04-30 17:55:01,426 - INFO - Epoch 533, Loss: 380.20781
2023-04-30 17:55:02,292 - INFO - Epoch 534, Loss: 380.15423
2023-04-30 17:55:03,157 - INFO - Epoch 535, Loss: 379.60826
2023-04-30 17:55:04,026 - INFO - Epoch 536, Loss: 380.12951
2023-04-30 17:55:04,881 - INFO - Epoch 537, Loss: 376.18102
2023-04-30 17:55:05,740 - INFO - Epoch 538, Loss: 377.73777
2023-04-30 17:55:06,592 - INFO - Epoch 539, Loss: 376.01676
2023-04-30 17:55:07,445 - INFO - Epoch 540, Loss: 374.65451
2023-04-30 17:55:10,270 - INFO - Epoch 540: [0.9s + 2.8s] Loss: 1.20856, Recall: 0.13311, Precision: 0.02822, Hit Ratio: 0.36685, NDCG: 0.16690
2023-04-30 17:55:11,219 - INFO - Epoch 541, Loss: 373.72924
2023-04-30 17:55:12,063 - INFO - Epoch 542, Loss: 374.20319
2023-04-30 17:55:12,907 - INFO - Epoch 543, Loss: 373.33667
2023-04-30 17:55:13,763 - INFO - Epoch 544, Loss: 371.27913
2023-04-30 17:55:14,609 - INFO - Epoch 545, Loss: 369.63042
2023-04-30 17:55:15,457 - INFO - Epoch 546, Loss: 369.92543
2023-04-30 17:55:16,308 - INFO - Epoch 547, Loss: 368.82108
2023-04-30 17:55:17,166 - INFO - Epoch 548, Loss: 370.09249
2023-04-30 17:55:18,021 - INFO - Epoch 549, Loss: 366.93816
2023-04-30 17:55:18,878 - INFO - Epoch 550, Loss: 366.91233
2023-04-30 17:55:19,731 - INFO - Epoch 551, Loss: 365.31890
2023-04-30 17:55:20,577 - INFO - Epoch 552, Loss: 364.74937
2023-04-30 17:55:21,427 - INFO - Epoch 553, Loss: 363.74623
2023-04-30 17:55:22,275 - INFO - Epoch 554, Loss: 363.97721
2023-04-30 17:55:23,128 - INFO - Epoch 555, Loss: 361.69685
2023-04-30 17:55:23,981 - INFO - Epoch 556, Loss: 360.95839
2023-04-30 17:55:24,827 - INFO - Epoch 557, Loss: 361.13420
2023-04-30 17:55:25,679 - INFO - Epoch 558, Loss: 359.58362
2023-04-30 17:55:26,526 - INFO - Epoch 559, Loss: 360.56598
2023-04-30 17:55:27,370 - INFO - Epoch 560, Loss: 357.95978
2023-04-30 17:55:30,228 - INFO - Epoch 560: [0.8s + 2.9s] Loss: 1.15471, Recall: 0.13448, Precision: 0.02837, Hit Ratio: 0.36924, NDCG: 0.16796
2023-04-30 17:55:31,180 - INFO - Epoch 561, Loss: 357.20384
2023-04-30 17:55:32,033 - INFO - Epoch 562, Loss: 355.90074
2023-04-30 17:55:32,880 - INFO - Epoch 563, Loss: 355.19750
2023-04-30 17:55:33,731 - INFO - Epoch 564, Loss: 354.38979
2023-04-30 17:55:34,578 - INFO - Epoch 565, Loss: 353.01319
2023-04-30 17:55:35,438 - INFO - Epoch 566, Loss: 354.59960
2023-04-30 17:55:36,299 - INFO - Epoch 567, Loss: 351.93398
2023-04-30 17:55:37,157 - INFO - Epoch 568, Loss: 351.98703
2023-04-30 17:55:38,002 - INFO - Epoch 569, Loss: 350.58347
2023-04-30 17:55:38,850 - INFO - Epoch 570, Loss: 348.24226
2023-04-30 17:55:39,695 - INFO - Epoch 571, Loss: 348.24659
2023-04-30 17:55:40,545 - INFO - Epoch 572, Loss: 348.15179
2023-04-30 17:55:41,400 - INFO - Epoch 573, Loss: 348.05835
2023-04-30 17:55:42,244 - INFO - Epoch 574, Loss: 346.20465
2023-04-30 17:55:43,087 - INFO - Epoch 575, Loss: 346.20217
2023-04-30 17:55:43,938 - INFO - Epoch 576, Loss: 344.54847
2023-04-30 17:55:44,798 - INFO - Epoch 577, Loss: 344.63445
2023-04-30 17:55:45,648 - INFO - Epoch 578, Loss: 342.24353
2023-04-30 17:55:46,506 - INFO - Epoch 579, Loss: 342.65239
2023-04-30 17:55:47,357 - INFO - Epoch 580, Loss: 341.14865
2023-04-30 17:55:50,239 - INFO - Epoch 580: [0.9s + 2.9s] Loss: 1.10048, Recall: 0.13494, Precision: 0.02849, Hit Ratio: 0.37163, NDCG: 0.16962
2023-04-30 17:55:51,204 - INFO - Epoch 581, Loss: 341.51230
2023-04-30 17:55:52,065 - INFO - Epoch 582, Loss: 341.69583
2023-04-30 17:55:52,907 - INFO - Epoch 583, Loss: 340.99735
2023-04-30 17:55:53,752 - INFO - Epoch 584, Loss: 339.27375
2023-04-30 17:55:54,599 - INFO - Epoch 585, Loss: 338.07078
2023-04-30 17:55:55,470 - INFO - Epoch 586, Loss: 337.22802
2023-04-30 17:55:56,347 - INFO - Epoch 587, Loss: 337.71198
2023-04-30 17:55:57,201 - INFO - Epoch 588, Loss: 335.21911
2023-04-30 17:55:58,052 - INFO - Epoch 589, Loss: 335.86317
2023-04-30 17:55:58,895 - INFO - Epoch 590, Loss: 333.97150
2023-04-30 17:55:59,739 - INFO - Epoch 591, Loss: 331.94080
2023-04-30 17:56:00,581 - INFO - Epoch 592, Loss: 333.87148
2023-04-30 17:56:01,425 - INFO - Epoch 593, Loss: 331.77739
2023-04-30 17:56:02,270 - INFO - Epoch 594, Loss: 331.96183
2023-04-30 17:56:03,115 - INFO - Epoch 595, Loss: 330.63770
2023-04-30 17:56:03,962 - INFO - Epoch 596, Loss: 329.53651
2023-04-30 17:56:04,806 - INFO - Epoch 597, Loss: 327.03125
2023-04-30 17:56:05,655 - INFO - Epoch 598, Loss: 327.11004
2023-04-30 17:56:06,502 - INFO - Epoch 599, Loss: 327.04907
2023-04-30 17:56:07,347 - INFO - Epoch 600, Loss: 326.39764
2023-04-30 17:56:10,179 - INFO - Epoch 600: [0.8s + 2.8s] Loss: 1.05290, Recall: 0.13451, Precision: 0.02846, Hit Ratio: 0.36984, NDCG: 0.16925
2023-04-30 17:56:11,127 - INFO - Epoch 601, Loss: 325.82523
2023-04-30 17:56:11,975 - INFO - Epoch 602, Loss: 324.14580
2023-04-30 17:56:12,821 - INFO - Epoch 603, Loss: 325.49826
2023-04-30 17:56:13,670 - INFO - Epoch 604, Loss: 322.84820
2023-04-30 17:56:14,516 - INFO - Epoch 605, Loss: 323.03781
2023-04-30 17:56:15,360 - INFO - Epoch 606, Loss: 322.83421
2023-04-30 17:56:16,206 - INFO - Epoch 607, Loss: 321.83781
2023-04-30 17:56:17,051 - INFO - Epoch 608, Loss: 319.86049
2023-04-30 17:56:17,895 - INFO - Epoch 609, Loss: 319.38178
2023-04-30 17:56:18,741 - INFO - Epoch 610, Loss: 319.08717
2023-04-30 17:56:19,585 - INFO - Epoch 611, Loss: 316.67697
2023-04-30 17:56:20,430 - INFO - Epoch 612, Loss: 317.51987
2023-04-30 17:56:21,275 - INFO - Epoch 613, Loss: 316.43415
2023-04-30 17:56:22,122 - INFO - Epoch 614, Loss: 314.76841
2023-04-30 17:56:22,971 - INFO - Epoch 615, Loss: 314.68954
2023-04-30 17:56:23,818 - INFO - Epoch 616, Loss: 314.62349
2023-04-30 17:56:24,663 - INFO - Epoch 617, Loss: 313.93725
2023-04-30 17:56:25,511 - INFO - Epoch 618, Loss: 311.33690
2023-04-30 17:56:26,359 - INFO - Epoch 619, Loss: 311.13182
2023-04-30 17:56:27,203 - INFO - Epoch 620, Loss: 310.11995
2023-04-30 17:56:30,013 - INFO - Epoch 620: [0.8s + 2.8s] Loss: 1.00039, Recall: 0.13464, Precision: 0.02847, Hit Ratio: 0.37074, NDCG: 0.17071
2023-04-30 17:56:30,961 - INFO - Epoch 621, Loss: 310.28744
2023-04-30 17:56:31,811 - INFO - Epoch 622, Loss: 310.32094
2023-04-30 17:56:32,660 - INFO - Epoch 623, Loss: 308.30711
2023-04-30 17:56:33,505 - INFO - Epoch 624, Loss: 308.02924
2023-04-30 17:56:34,354 - INFO - Epoch 625, Loss: 305.90973
2023-04-30 17:56:35,206 - INFO - Epoch 626, Loss: 306.05481
2023-04-30 17:56:36,056 - INFO - Epoch 627, Loss: 306.29425
2023-04-30 17:56:36,903 - INFO - Epoch 628, Loss: 303.89451
2023-04-30 17:56:37,752 - INFO - Epoch 629, Loss: 302.72201
2023-04-30 17:56:38,599 - INFO - Epoch 630, Loss: 304.27671
2023-04-30 17:56:39,443 - INFO - Epoch 631, Loss: 302.69199
2023-04-30 17:56:40,289 - INFO - Epoch 632, Loss: 298.66785
2023-04-30 17:56:41,133 - INFO - Epoch 633, Loss: 301.66711
2023-04-30 17:56:41,979 - INFO - Epoch 634, Loss: 298.86666
2023-04-30 17:56:42,823 - INFO - Epoch 635, Loss: 299.89981
2023-04-30 17:56:43,665 - INFO - Epoch 636, Loss: 298.80904
2023-04-30 17:56:44,510 - INFO - Epoch 637, Loss: 299.61718
2023-04-30 17:56:45,357 - INFO - Epoch 638, Loss: 295.11382
2023-04-30 17:56:46,202 - INFO - Epoch 639, Loss: 297.48079
2023-04-30 17:56:47,051 - INFO - Epoch 640, Loss: 294.46462
2023-04-30 17:56:49,881 - INFO - Epoch 640: [0.8s + 2.8s] Loss: 0.94989, Recall: 0.13531, Precision: 0.02858, Hit Ratio: 0.37283, NDCG: 0.17161
2023-04-30 17:56:50,807 - INFO - Epoch 641, Loss: 295.09753
2023-04-30 17:56:51,651 - INFO - Epoch 642, Loss: 295.01184
2023-04-30 17:56:52,497 - INFO - Epoch 643, Loss: 293.03571
2023-04-30 17:56:53,342 - INFO - Epoch 644, Loss: 291.49221
2023-04-30 17:56:54,186 - INFO - Epoch 645, Loss: 291.87937
2023-04-30 17:56:55,029 - INFO - Epoch 646, Loss: 289.74790
2023-04-30 17:56:55,873 - INFO - Epoch 647, Loss: 290.74703
2023-04-30 17:56:56,720 - INFO - Epoch 648, Loss: 288.09461
2023-04-30 17:56:57,564 - INFO - Epoch 649, Loss: 291.49247
2023-04-30 17:56:58,408 - INFO - Epoch 650, Loss: 288.57833
2023-04-30 17:56:59,251 - INFO - Epoch 651, Loss: 286.87316
2023-04-30 17:57:00,096 - INFO - Epoch 652, Loss: 284.98592
2023-04-30 17:57:00,941 - INFO - Epoch 653, Loss: 286.45410
2023-04-30 17:57:01,786 - INFO - Epoch 654, Loss: 286.03302
2023-04-30 17:57:02,632 - INFO - Epoch 655, Loss: 283.76839
2023-04-30 17:57:03,476 - INFO - Epoch 656, Loss: 284.21670
2023-04-30 17:57:04,320 - INFO - Epoch 657, Loss: 282.22586
2023-04-30 17:57:05,165 - INFO - Epoch 658, Loss: 281.06455
2023-04-30 17:57:06,011 - INFO - Epoch 659, Loss: 279.54091
2023-04-30 17:57:06,860 - INFO - Epoch 660, Loss: 281.66826
2023-04-30 17:57:09,737 - INFO - Epoch 660: [0.8s + 2.9s] Loss: 0.90861, Recall: 0.13506, Precision: 0.02850, Hit Ratio: 0.37193, NDCG: 0.17187
2023-04-30 17:57:10,693 - INFO - Epoch 661, Loss: 280.12339
2023-04-30 17:57:11,537 - INFO - Epoch 662, Loss: 278.89957
2023-04-30 17:57:12,386 - INFO - Epoch 663, Loss: 280.30636
2023-04-30 17:57:13,231 - INFO - Epoch 664, Loss: 275.53493
2023-04-30 17:57:14,075 - INFO - Epoch 665, Loss: 277.90515
2023-04-30 17:57:14,919 - INFO - Epoch 666, Loss: 276.67925
2023-04-30 17:57:15,764 - INFO - Epoch 667, Loss: 275.09619
2023-04-30 17:57:16,608 - INFO - Epoch 668, Loss: 272.33379
2023-04-30 17:57:17,455 - INFO - Epoch 669, Loss: 274.77114
2023-04-30 17:57:18,300 - INFO - Epoch 670, Loss: 272.96303
2023-04-30 17:57:19,146 - INFO - Epoch 671, Loss: 271.32709
2023-04-30 17:57:20,004 - INFO - Epoch 672, Loss: 272.00023
2023-04-30 17:57:20,855 - INFO - Epoch 673, Loss: 272.54548
2023-04-30 17:57:21,705 - INFO - Epoch 674, Loss: 270.78138
2023-04-30 17:57:22,552 - INFO - Epoch 675, Loss: 270.28051
2023-04-30 17:57:23,395 - INFO - Epoch 676, Loss: 267.75137
2023-04-30 17:57:24,247 - INFO - Epoch 677, Loss: 267.83701
2023-04-30 17:57:25,091 - INFO - Epoch 678, Loss: 267.75262
2023-04-30 17:57:25,935 - INFO - Epoch 679, Loss: 266.01540
2023-04-30 17:57:26,783 - INFO - Epoch 680, Loss: 266.80337
2023-04-30 17:57:29,597 - INFO - Epoch 680: [0.8s + 2.8s] Loss: 0.86066, Recall: 0.13446, Precision: 0.02841, Hit Ratio: 0.37104, NDCG: 0.17169
2023-04-30 17:57:30,543 - INFO - Epoch 681, Loss: 264.67105
2023-04-30 17:57:31,388 - INFO - Epoch 682, Loss: 265.65661
2023-04-30 17:57:32,232 - INFO - Epoch 683, Loss: 265.03777
2023-04-30 17:57:33,078 - INFO - Epoch 684, Loss: 263.88217
2023-04-30 17:57:33,918 - INFO - Epoch 685, Loss: 261.76700
2023-04-30 17:57:34,761 - INFO - Epoch 686, Loss: 260.38058
2023-04-30 17:57:35,607 - INFO - Epoch 687, Loss: 259.23020
2023-04-30 17:57:36,452 - INFO - Epoch 688, Loss: 258.93450
2023-04-30 17:57:37,296 - INFO - Epoch 689, Loss: 259.64388
2023-04-30 17:57:38,138 - INFO - Epoch 690, Loss: 260.31051
2023-04-30 17:57:38,984 - INFO - Epoch 691, Loss: 259.37669
2023-04-30 17:57:39,827 - INFO - Epoch 692, Loss: 257.43508
2023-04-30 17:57:40,674 - INFO - Epoch 693, Loss: 258.64765
2023-04-30 17:57:41,519 - INFO - Epoch 694, Loss: 256.16431
2023-04-30 17:57:42,363 - INFO - Epoch 695, Loss: 255.61598
2023-04-30 17:57:43,207 - INFO - Epoch 696, Loss: 253.02940
2023-04-30 17:57:44,052 - INFO - Epoch 697, Loss: 253.88161
2023-04-30 17:57:44,896 - INFO - Epoch 698, Loss: 253.96774
2023-04-30 17:57:45,740 - INFO - Epoch 699, Loss: 253.80942
2023-04-30 17:57:46,583 - INFO - Epoch 700, Loss: 250.05719
2023-04-30 17:57:49,392 - INFO - Epoch 700: [0.8s + 2.8s] Loss: 0.80664, Recall: 0.13411, Precision: 0.02826, Hit Ratio: 0.37014, NDCG: 0.17200
2023-04-30 17:57:50,336 - INFO - Epoch 701, Loss: 251.55256
2023-04-30 17:57:51,180 - INFO - Epoch 702, Loss: 250.54434
2023-04-30 17:57:52,025 - INFO - Epoch 703, Loss: 249.49389
2023-04-30 17:57:52,869 - INFO - Epoch 704, Loss: 247.99351
2023-04-30 17:57:53,715 - INFO - Epoch 705, Loss: 249.66751
2023-04-30 17:57:54,560 - INFO - Epoch 706, Loss: 246.97122
2023-04-30 17:57:55,405 - INFO - Epoch 707, Loss: 247.40614
2023-04-30 17:57:56,251 - INFO - Epoch 708, Loss: 247.63451
2023-04-30 17:57:57,095 - INFO - Epoch 709, Loss: 245.29584
2023-04-30 17:57:57,939 - INFO - Epoch 710, Loss: 245.19392
2023-04-30 17:57:58,784 - INFO - Epoch 711, Loss: 244.47841
2023-04-30 17:57:59,630 - INFO - Epoch 712, Loss: 242.87118
2023-04-30 17:58:00,474 - INFO - Epoch 713, Loss: 244.80013
2023-04-30 17:58:01,316 - INFO - Epoch 714, Loss: 242.10824
2023-04-30 17:58:02,161 - INFO - Epoch 715, Loss: 241.52556
2023-04-30 17:58:03,005 - INFO - Epoch 716, Loss: 240.40064
2023-04-30 17:58:03,850 - INFO - Epoch 717, Loss: 240.63221
2023-04-30 17:58:04,694 - INFO - Epoch 718, Loss: 242.24205
2023-04-30 17:58:05,537 - INFO - Epoch 719, Loss: 239.14128
2023-04-30 17:58:06,380 - INFO - Epoch 720, Loss: 238.95498
2023-04-30 17:58:09,197 - INFO - Epoch 720: [0.8s + 2.8s] Loss: 0.77082, Recall: 0.13428, Precision: 0.02844, Hit Ratio: 0.37163, NDCG: 0.17172
2023-04-30 17:58:10,142 - INFO - Epoch 721, Loss: 237.52214
2023-04-30 17:58:10,984 - INFO - Epoch 722, Loss: 236.22160
2023-04-30 17:58:11,830 - INFO - Epoch 723, Loss: 235.44775
2023-04-30 17:58:12,672 - INFO - Epoch 724, Loss: 234.50720
2023-04-30 17:58:13,517 - INFO - Epoch 725, Loss: 235.96965
2023-04-30 17:58:14,363 - INFO - Epoch 726, Loss: 236.00493
2023-04-30 17:58:15,208 - INFO - Epoch 727, Loss: 231.94732
2023-04-30 17:58:16,052 - INFO - Epoch 728, Loss: 234.82695
2023-04-30 17:58:16,895 - INFO - Epoch 729, Loss: 232.45449
2023-04-30 17:58:17,740 - INFO - Epoch 730, Loss: 231.67620
2023-04-30 17:58:18,584 - INFO - Epoch 731, Loss: 231.61133
2023-04-30 17:58:19,429 - INFO - Epoch 732, Loss: 229.15806
2023-04-30 17:58:20,273 - INFO - Epoch 733, Loss: 229.96714
2023-04-30 17:58:21,116 - INFO - Epoch 734, Loss: 229.63973
2023-04-30 17:58:21,962 - INFO - Epoch 735, Loss: 226.42297
2023-04-30 17:58:22,805 - INFO - Epoch 736, Loss: 227.30656
2023-04-30 17:58:23,658 - INFO - Epoch 737, Loss: 228.74298
2023-04-30 17:58:24,503 - INFO - Epoch 738, Loss: 227.84391
2023-04-30 17:58:25,345 - INFO - Epoch 739, Loss: 224.90247
2023-04-30 17:58:26,190 - INFO - Epoch 740, Loss: 226.20879
2023-04-30 17:58:29,007 - INFO - Epoch 740: [0.8s + 2.8s] Loss: 0.72971, Recall: 0.13367, Precision: 0.02834, Hit Ratio: 0.36894, NDCG: 0.17174
2023-04-30 17:58:29,008 - INFO - Best Iter = recall:0.13531, pres:0.02858, hr:0.37283, ndcg:0.17161
