2023-04-30 16:43:31,355 - INFO - Loaded Data/Office/train.csv with 3508 users and 2318 items.
2023-04-30 16:43:31,355 - INFO - Matrix size: (3509, 2319), total ratings: 31193
2023-04-30 16:43:31,805 - INFO - Loaded Data/Office/test.csv with 3508 users and 2334 items.
2023-04-30 16:43:31,805 - INFO - Matrix size: (3509, 2335), total ratings: 13396
2023-04-30 16:43:32,552 - INFO - Loaded dataset with 3509 users and 2319 items.
2023-04-30 16:43:32,552 - INFO - Training set contains 31193 ratings and test set contains 13396 ratings.
2023-04-30 16:43:34,730 - INFO - Epoch 1, Loss: 693.90078
2023-04-30 16:43:35,581 - INFO - Epoch 2, Loss: 693.09122
2023-04-30 16:43:36,430 - INFO - Epoch 3, Loss: 692.52859
2023-04-30 16:43:37,279 - INFO - Epoch 4, Loss: 692.06477
2023-04-30 16:43:38,127 - INFO - Epoch 5, Loss: 691.76988
2023-04-30 16:43:38,976 - INFO - Epoch 6, Loss: 691.48318
2023-04-30 16:43:39,821 - INFO - Epoch 7, Loss: 691.17893
2023-04-30 16:43:40,670 - INFO - Epoch 8, Loss: 690.98528
2023-04-30 16:43:41,519 - INFO - Epoch 9, Loss: 690.77736
2023-04-30 16:43:42,364 - INFO - Epoch 10, Loss: 690.59934
2023-04-30 16:43:43,218 - INFO - Epoch 11, Loss: 690.40695
2023-04-30 16:43:44,075 - INFO - Epoch 12, Loss: 690.17627
2023-04-30 16:43:44,925 - INFO - Epoch 13, Loss: 689.97812
2023-04-30 16:43:45,778 - INFO - Epoch 14, Loss: 689.81265
2023-04-30 16:43:46,634 - INFO - Epoch 15, Loss: 689.61685
2023-04-30 16:43:47,481 - INFO - Epoch 16, Loss: 689.44030
2023-04-30 16:43:48,326 - INFO - Epoch 17, Loss: 689.27919
2023-04-30 16:43:49,177 - INFO - Epoch 18, Loss: 689.10861
2023-04-30 16:43:50,024 - INFO - Epoch 19, Loss: 688.93839
2023-04-30 16:43:50,867 - INFO - Epoch 20, Loss: 688.75397
2023-04-30 16:43:51,715 - INFO - Epoch 21, Loss: 688.58365
2023-04-30 16:43:52,560 - INFO - Epoch 22, Loss: 688.43090
2023-04-30 16:43:53,402 - INFO - Epoch 23, Loss: 688.22758
2023-04-30 16:43:54,249 - INFO - Epoch 24, Loss: 688.08049
2023-04-30 16:43:55,120 - INFO - Epoch 25, Loss: 687.92613
2023-04-30 16:43:55,988 - INFO - Epoch 26, Loss: 687.74949
2023-04-30 16:43:56,972 - INFO - Epoch 27, Loss: 687.63791
2023-04-30 16:43:57,823 - INFO - Epoch 28, Loss: 687.41664
2023-04-30 16:43:58,701 - INFO - Epoch 29, Loss: 687.30239
2023-04-30 16:43:59,590 - INFO - Epoch 30, Loss: 687.12399
2023-04-30 16:44:00,448 - INFO - Epoch 31, Loss: 686.94573
2023-04-30 16:44:01,300 - INFO - Epoch 32, Loss: 686.80124
2023-04-30 16:44:02,160 - INFO - Epoch 33, Loss: 686.63059
2023-04-30 16:44:03,059 - INFO - Epoch 34, Loss: 686.49395
2023-04-30 16:44:03,920 - INFO - Epoch 35, Loss: 686.34274
2023-04-30 16:44:04,825 - INFO - Epoch 36, Loss: 686.16288
2023-04-30 16:44:05,710 - INFO - Epoch 37, Loss: 686.02252
2023-04-30 16:44:06,568 - INFO - Epoch 38, Loss: 685.90937
2023-04-30 16:44:07,466 - INFO - Epoch 39, Loss: 685.70958
2023-04-30 16:44:08,339 - INFO - Epoch 40, Loss: 685.59039
2023-04-30 16:44:09,188 - INFO - Epoch 41, Loss: 685.42753
2023-04-30 16:44:10,057 - INFO - Epoch 42, Loss: 685.23217
2023-04-30 16:44:10,950 - INFO - Epoch 43, Loss: 685.04371
2023-04-30 16:44:11,835 - INFO - Epoch 44, Loss: 684.92124
2023-04-30 16:44:12,749 - INFO - Epoch 45, Loss: 684.76274
2023-04-30 16:44:13,641 - INFO - Epoch 46, Loss: 684.58661
2023-04-30 16:44:14,517 - INFO - Epoch 47, Loss: 684.43759
2023-04-30 16:44:15,376 - INFO - Epoch 48, Loss: 684.32316
2023-04-30 16:44:16,227 - INFO - Epoch 49, Loss: 684.14162
2023-04-30 16:44:17,102 - INFO - Epoch 50, Loss: 683.95885
2023-04-30 16:44:17,949 - INFO - Epoch 51, Loss: 683.78777
2023-04-30 16:44:18,802 - INFO - Epoch 52, Loss: 683.62884
2023-04-30 16:44:19,697 - INFO - Epoch 53, Loss: 683.49504
2023-04-30 16:44:20,543 - INFO - Epoch 54, Loss: 683.33185
2023-04-30 16:44:21,389 - INFO - Epoch 55, Loss: 683.14021
2023-04-30 16:44:22,234 - INFO - Epoch 56, Loss: 682.96634
2023-04-30 16:44:23,093 - INFO - Epoch 57, Loss: 682.82123
2023-04-30 16:44:23,989 - INFO - Epoch 58, Loss: 682.67859
2023-04-30 16:44:24,881 - INFO - Epoch 59, Loss: 682.50295
2023-04-30 16:44:25,728 - INFO - Epoch 60, Loss: 682.32874
2023-04-30 16:44:26,574 - INFO - Epoch 61, Loss: 682.07395
2023-04-30 16:44:27,420 - INFO - Epoch 62, Loss: 681.97109
2023-04-30 16:44:28,267 - INFO - Epoch 63, Loss: 681.78919
2023-04-30 16:44:29,113 - INFO - Epoch 64, Loss: 681.62292
2023-04-30 16:44:29,957 - INFO - Epoch 65, Loss: 681.44231
2023-04-30 16:44:30,828 - INFO - Epoch 66, Loss: 681.24168
2023-04-30 16:44:31,746 - INFO - Epoch 67, Loss: 681.09765
2023-04-30 16:44:32,648 - INFO - Epoch 68, Loss: 680.85346
2023-04-30 16:44:33,546 - INFO - Epoch 69, Loss: 680.68602
2023-04-30 16:44:34,440 - INFO - Epoch 70, Loss: 680.52757
2023-04-30 16:44:35,339 - INFO - Epoch 71, Loss: 680.37228
2023-04-30 16:44:36,250 - INFO - Epoch 72, Loss: 680.13656
2023-04-30 16:44:37,180 - INFO - Epoch 73, Loss: 679.88300
2023-04-30 16:44:38,101 - INFO - Epoch 74, Loss: 679.78768
2023-04-30 16:44:38,965 - INFO - Epoch 75, Loss: 679.53366
2023-04-30 16:44:39,808 - INFO - Epoch 76, Loss: 679.35962
2023-04-30 16:44:40,651 - INFO - Epoch 77, Loss: 679.13519
2023-04-30 16:44:41,495 - INFO - Epoch 78, Loss: 678.87516
2023-04-30 16:44:42,339 - INFO - Epoch 79, Loss: 678.76560
2023-04-30 16:44:43,186 - INFO - Epoch 80, Loss: 678.61511
2023-04-30 16:44:44,047 - INFO - Epoch 81, Loss: 678.29685
2023-04-30 16:44:44,893 - INFO - Epoch 82, Loss: 678.12573
2023-04-30 16:44:45,814 - INFO - Epoch 83, Loss: 677.88735
2023-04-30 16:44:46,807 - INFO - Epoch 84, Loss: 677.66001
2023-04-30 16:44:47,697 - INFO - Epoch 85, Loss: 677.45454
2023-04-30 16:44:48,566 - INFO - Epoch 86, Loss: 677.21249
2023-04-30 16:44:49,436 - INFO - Epoch 87, Loss: 676.95581
2023-04-30 16:44:50,300 - INFO - Epoch 88, Loss: 676.79123
2023-04-30 16:44:51,151 - INFO - Epoch 89, Loss: 676.57812
2023-04-30 16:44:52,064 - INFO - Epoch 90, Loss: 676.28720
2023-04-30 16:44:52,915 - INFO - Epoch 91, Loss: 676.07139
2023-04-30 16:44:53,759 - INFO - Epoch 92, Loss: 675.85570
2023-04-30 16:44:54,600 - INFO - Epoch 93, Loss: 675.61786
2023-04-30 16:44:55,446 - INFO - Epoch 94, Loss: 675.31962
2023-04-30 16:44:56,289 - INFO - Epoch 95, Loss: 675.14099
2023-04-30 16:44:57,136 - INFO - Epoch 96, Loss: 674.96203
2023-04-30 16:44:57,977 - INFO - Epoch 97, Loss: 674.59956
2023-04-30 16:44:58,824 - INFO - Epoch 98, Loss: 674.37128
2023-04-30 16:44:59,665 - INFO - Epoch 99, Loss: 674.11425
2023-04-30 16:45:00,510 - INFO - Epoch 100, Loss: 673.83554
2023-04-30 16:45:03,374 - INFO - Epoch 100: [0.8s + 2.9s] Loss: 2.17366, Recall: 0.07786, Precision: 0.01704, Hit Ratio: 0.24686, NDCG: 0.10898
2023-04-30 16:45:04,327 - INFO - Epoch 101, Loss: 673.56848
2023-04-30 16:45:05,170 - INFO - Epoch 102, Loss: 673.25917
2023-04-30 16:45:06,012 - INFO - Epoch 103, Loss: 673.07392
2023-04-30 16:45:06,852 - INFO - Epoch 104, Loss: 672.68407
2023-04-30 16:45:07,694 - INFO - Epoch 105, Loss: 672.56551
2023-04-30 16:45:08,535 - INFO - Epoch 106, Loss: 672.25480
2023-04-30 16:45:09,375 - INFO - Epoch 107, Loss: 671.95948
2023-04-30 16:45:10,217 - INFO - Epoch 108, Loss: 671.59917
2023-04-30 16:45:11,061 - INFO - Epoch 109, Loss: 671.47911
2023-04-30 16:45:11,927 - INFO - Epoch 110, Loss: 671.15980
2023-04-30 16:45:12,772 - INFO - Epoch 111, Loss: 670.75954
2023-04-30 16:45:13,644 - INFO - Epoch 112, Loss: 670.54706
2023-04-30 16:45:14,498 - INFO - Epoch 113, Loss: 670.21498
2023-04-30 16:45:15,342 - INFO - Epoch 114, Loss: 669.86683
2023-04-30 16:45:16,195 - INFO - Epoch 115, Loss: 669.65086
2023-04-30 16:45:17,037 - INFO - Epoch 116, Loss: 669.45690
2023-04-30 16:45:17,880 - INFO - Epoch 117, Loss: 669.11026
2023-04-30 16:45:18,740 - INFO - Epoch 118, Loss: 668.82064
2023-04-30 16:45:19,583 - INFO - Epoch 119, Loss: 668.38068
2023-04-30 16:45:20,428 - INFO - Epoch 120, Loss: 668.07969
2023-04-30 16:45:21,272 - INFO - Epoch 121, Loss: 667.76488
2023-04-30 16:45:22,114 - INFO - Epoch 122, Loss: 667.44510
2023-04-30 16:45:22,957 - INFO - Epoch 123, Loss: 667.03867
2023-04-30 16:45:23,799 - INFO - Epoch 124, Loss: 666.75819
2023-04-30 16:45:24,641 - INFO - Epoch 125, Loss: 666.50424
2023-04-30 16:45:25,483 - INFO - Epoch 126, Loss: 666.15811
2023-04-30 16:45:26,325 - INFO - Epoch 127, Loss: 665.80114
2023-04-30 16:45:27,164 - INFO - Epoch 128, Loss: 665.47304
2023-04-30 16:45:28,005 - INFO - Epoch 129, Loss: 665.00181
2023-04-30 16:45:28,848 - INFO - Epoch 130, Loss: 664.74963
2023-04-30 16:45:29,688 - INFO - Epoch 131, Loss: 664.41692
2023-04-30 16:45:30,528 - INFO - Epoch 132, Loss: 664.08483
2023-04-30 16:45:31,373 - INFO - Epoch 133, Loss: 663.72339
2023-04-30 16:45:32,214 - INFO - Epoch 134, Loss: 663.32096
2023-04-30 16:45:33,054 - INFO - Epoch 135, Loss: 662.93222
2023-04-30 16:45:33,895 - INFO - Epoch 136, Loss: 662.63701
2023-04-30 16:45:34,737 - INFO - Epoch 137, Loss: 662.30666
2023-04-30 16:45:35,578 - INFO - Epoch 138, Loss: 661.95641
2023-04-30 16:45:36,419 - INFO - Epoch 139, Loss: 661.44547
2023-04-30 16:45:37,262 - INFO - Epoch 140, Loss: 661.07347
2023-04-30 16:45:38,104 - INFO - Epoch 141, Loss: 660.70374
2023-04-30 16:45:38,950 - INFO - Epoch 142, Loss: 660.41404
2023-04-30 16:45:39,792 - INFO - Epoch 143, Loss: 660.00400
2023-04-30 16:45:40,636 - INFO - Epoch 144, Loss: 659.55925
2023-04-30 16:45:41,482 - INFO - Epoch 145, Loss: 659.01316
2023-04-30 16:45:42,325 - INFO - Epoch 146, Loss: 658.99827
2023-04-30 16:45:43,169 - INFO - Epoch 147, Loss: 658.46726
2023-04-30 16:45:44,014 - INFO - Epoch 148, Loss: 658.17302
2023-04-30 16:45:44,857 - INFO - Epoch 149, Loss: 657.64185
2023-04-30 16:45:45,699 - INFO - Epoch 150, Loss: 657.25955
2023-04-30 16:45:46,544 - INFO - Epoch 151, Loss: 656.75336
2023-04-30 16:45:47,387 - INFO - Epoch 152, Loss: 656.43808
2023-04-30 16:45:48,229 - INFO - Epoch 153, Loss: 656.02296
2023-04-30 16:45:49,072 - INFO - Epoch 154, Loss: 655.60641
2023-04-30 16:45:49,916 - INFO - Epoch 155, Loss: 654.96942
2023-04-30 16:45:50,758 - INFO - Epoch 156, Loss: 654.78127
2023-04-30 16:45:51,601 - INFO - Epoch 157, Loss: 654.37986
2023-04-30 16:45:52,448 - INFO - Epoch 158, Loss: 653.63205
2023-04-30 16:45:53,290 - INFO - Epoch 159, Loss: 653.50565
2023-04-30 16:45:54,134 - INFO - Epoch 160, Loss: 653.06948
2023-04-30 16:45:54,978 - INFO - Epoch 161, Loss: 652.67951
2023-04-30 16:45:55,826 - INFO - Epoch 162, Loss: 652.02109
2023-04-30 16:45:56,672 - INFO - Epoch 163, Loss: 651.73447
2023-04-30 16:45:57,517 - INFO - Epoch 164, Loss: 651.32348
2023-04-30 16:45:58,361 - INFO - Epoch 165, Loss: 650.49968
2023-04-30 16:45:59,205 - INFO - Epoch 166, Loss: 650.52180
2023-04-30 16:46:00,050 - INFO - Epoch 167, Loss: 649.88873
2023-04-30 16:46:00,895 - INFO - Epoch 168, Loss: 649.45722
2023-04-30 16:46:01,737 - INFO - Epoch 169, Loss: 648.90107
2023-04-30 16:46:02,579 - INFO - Epoch 170, Loss: 648.16624
2023-04-30 16:46:03,424 - INFO - Epoch 171, Loss: 647.97756
2023-04-30 16:46:04,267 - INFO - Epoch 172, Loss: 647.43606
2023-04-30 16:46:05,110 - INFO - Epoch 173, Loss: 647.13465
2023-04-30 16:46:05,953 - INFO - Epoch 174, Loss: 646.55206
2023-04-30 16:46:06,797 - INFO - Epoch 175, Loss: 645.68918
2023-04-30 16:46:07,642 - INFO - Epoch 176, Loss: 645.34900
2023-04-30 16:46:08,489 - INFO - Epoch 177, Loss: 645.04789
2023-04-30 16:46:09,333 - INFO - Epoch 178, Loss: 644.57039
2023-04-30 16:46:10,176 - INFO - Epoch 179, Loss: 643.95297
2023-04-30 16:46:11,018 - INFO - Epoch 180, Loss: 643.78680
2023-04-30 16:46:11,861 - INFO - Epoch 181, Loss: 642.90995
2023-04-30 16:46:12,706 - INFO - Epoch 182, Loss: 642.37288
2023-04-30 16:46:13,551 - INFO - Epoch 183, Loss: 642.12850
2023-04-30 16:46:14,394 - INFO - Epoch 184, Loss: 641.59711
2023-04-30 16:46:15,237 - INFO - Epoch 185, Loss: 641.22166
2023-04-30 16:46:16,080 - INFO - Epoch 186, Loss: 640.36514
2023-04-30 16:46:16,924 - INFO - Epoch 187, Loss: 640.03052
2023-04-30 16:46:17,771 - INFO - Epoch 188, Loss: 639.42580
2023-04-30 16:46:18,617 - INFO - Epoch 189, Loss: 638.82351
2023-04-30 16:46:19,462 - INFO - Epoch 190, Loss: 638.57442
2023-04-30 16:46:20,307 - INFO - Epoch 191, Loss: 637.75789
2023-04-30 16:46:21,149 - INFO - Epoch 192, Loss: 637.49085
2023-04-30 16:46:21,995 - INFO - Epoch 193, Loss: 636.73165
2023-04-30 16:46:22,837 - INFO - Epoch 194, Loss: 635.89137
2023-04-30 16:46:23,681 - INFO - Epoch 195, Loss: 635.62416
2023-04-30 16:46:24,524 - INFO - Epoch 196, Loss: 635.04534
2023-04-30 16:46:25,368 - INFO - Epoch 197, Loss: 634.87759
2023-04-30 16:46:26,211 - INFO - Epoch 198, Loss: 633.89986
2023-04-30 16:46:27,055 - INFO - Epoch 199, Loss: 633.41946
2023-04-30 16:46:27,899 - INFO - Epoch 200, Loss: 632.52542
2023-04-30 16:46:30,748 - INFO - Epoch 200: [0.8s + 2.8s] Loss: 2.04040, Recall: 0.11079, Precision: 0.02404, Hit Ratio: 0.32376, NDCG: 0.14324
2023-04-30 16:46:31,700 - INFO - Epoch 201, Loss: 632.28295
2023-04-30 16:46:32,545 - INFO - Epoch 202, Loss: 631.57616
2023-04-30 16:46:33,391 - INFO - Epoch 203, Loss: 631.43672
2023-04-30 16:46:34,235 - INFO - Epoch 204, Loss: 630.67614
2023-04-30 16:46:35,081 - INFO - Epoch 205, Loss: 630.01439
2023-04-30 16:46:35,923 - INFO - Epoch 206, Loss: 629.25233
2023-04-30 16:46:36,769 - INFO - Epoch 207, Loss: 628.65693
2023-04-30 16:46:37,614 - INFO - Epoch 208, Loss: 628.06015
2023-04-30 16:46:38,458 - INFO - Epoch 209, Loss: 627.69014
2023-04-30 16:46:39,303 - INFO - Epoch 210, Loss: 627.05021
2023-04-30 16:46:40,145 - INFO - Epoch 211, Loss: 626.30687
2023-04-30 16:46:40,990 - INFO - Epoch 212, Loss: 625.96185
2023-04-30 16:46:41,833 - INFO - Epoch 213, Loss: 625.49969
2023-04-30 16:46:42,678 - INFO - Epoch 214, Loss: 624.76885
2023-04-30 16:46:43,521 - INFO - Epoch 215, Loss: 623.78534
2023-04-30 16:46:44,365 - INFO - Epoch 216, Loss: 623.52351
2023-04-30 16:46:45,213 - INFO - Epoch 217, Loss: 622.74139
2023-04-30 16:46:46,055 - INFO - Epoch 218, Loss: 622.39631
2023-04-30 16:46:46,901 - INFO - Epoch 219, Loss: 621.97054
2023-04-30 16:46:47,745 - INFO - Epoch 220, Loss: 621.20783
2023-04-30 16:46:48,588 - INFO - Epoch 221, Loss: 620.63019
2023-04-30 16:46:49,432 - INFO - Epoch 222, Loss: 619.71133
2023-04-30 16:46:50,277 - INFO - Epoch 223, Loss: 619.36948
2023-04-30 16:46:51,121 - INFO - Epoch 224, Loss: 618.66942
2023-04-30 16:46:51,963 - INFO - Epoch 225, Loss: 618.21921
2023-04-30 16:46:52,807 - INFO - Epoch 226, Loss: 617.60574
2023-04-30 16:46:53,656 - INFO - Epoch 227, Loss: 616.74059
2023-04-30 16:46:54,499 - INFO - Epoch 228, Loss: 615.83784
2023-04-30 16:46:55,343 - INFO - Epoch 229, Loss: 615.85136
2023-04-30 16:46:56,189 - INFO - Epoch 230, Loss: 614.50643
2023-04-30 16:46:57,033 - INFO - Epoch 231, Loss: 614.68138
2023-04-30 16:46:57,878 - INFO - Epoch 232, Loss: 613.53903
2023-04-30 16:46:58,721 - INFO - Epoch 233, Loss: 613.03604
2023-04-30 16:46:59,569 - INFO - Epoch 234, Loss: 612.50135
2023-04-30 16:47:00,414 - INFO - Epoch 235, Loss: 611.37651
2023-04-30 16:47:01,258 - INFO - Epoch 236, Loss: 610.56519
2023-04-30 16:47:02,104 - INFO - Epoch 237, Loss: 610.10201
2023-04-30 16:47:02,948 - INFO - Epoch 238, Loss: 609.11017
2023-04-30 16:47:03,792 - INFO - Epoch 239, Loss: 609.31119
2023-04-30 16:47:04,638 - INFO - Epoch 240, Loss: 608.21991
2023-04-30 16:47:05,481 - INFO - Epoch 241, Loss: 607.59523
2023-04-30 16:47:06,323 - INFO - Epoch 242, Loss: 606.80224
2023-04-30 16:47:07,167 - INFO - Epoch 243, Loss: 606.74524
2023-04-30 16:47:08,012 - INFO - Epoch 244, Loss: 605.88041
2023-04-30 16:47:08,858 - INFO - Epoch 245, Loss: 604.97862
2023-04-30 16:47:09,703 - INFO - Epoch 246, Loss: 604.45380
2023-04-30 16:47:10,548 - INFO - Epoch 247, Loss: 603.71757
2023-04-30 16:47:11,393 - INFO - Epoch 248, Loss: 602.96880
2023-04-30 16:47:12,237 - INFO - Epoch 249, Loss: 602.39421
2023-04-30 16:47:13,082 - INFO - Epoch 250, Loss: 601.59407
2023-04-30 16:47:13,925 - INFO - Epoch 251, Loss: 600.92010
2023-04-30 16:47:14,769 - INFO - Epoch 252, Loss: 600.51112
2023-04-30 16:47:15,612 - INFO - Epoch 253, Loss: 599.70591
2023-04-30 16:47:16,457 - INFO - Epoch 254, Loss: 598.58389
2023-04-30 16:47:17,301 - INFO - Epoch 255, Loss: 598.60508
2023-04-30 16:47:18,145 - INFO - Epoch 256, Loss: 597.76579
2023-04-30 16:47:18,992 - INFO - Epoch 257, Loss: 596.80099
2023-04-30 16:47:19,841 - INFO - Epoch 258, Loss: 594.97698
2023-04-30 16:47:20,685 - INFO - Epoch 259, Loss: 595.92564
2023-04-30 16:47:21,535 - INFO - Epoch 260, Loss: 594.10906
2023-04-30 16:47:22,391 - INFO - Epoch 261, Loss: 594.20468
2023-04-30 16:47:23,300 - INFO - Epoch 262, Loss: 593.74492
2023-04-30 16:47:24,147 - INFO - Epoch 263, Loss: 592.15770
2023-04-30 16:47:24,991 - INFO - Epoch 264, Loss: 591.48013
2023-04-30 16:47:25,836 - INFO - Epoch 265, Loss: 591.23247
2023-04-30 16:47:26,681 - INFO - Epoch 266, Loss: 590.40156
2023-04-30 16:47:27,524 - INFO - Epoch 267, Loss: 590.07641
2023-04-30 16:47:28,367 - INFO - Epoch 268, Loss: 589.33323
2023-04-30 16:47:29,211 - INFO - Epoch 269, Loss: 588.30500
2023-04-30 16:47:30,054 - INFO - Epoch 270, Loss: 586.98447
2023-04-30 16:47:30,898 - INFO - Epoch 271, Loss: 587.03448
2023-04-30 16:47:31,739 - INFO - Epoch 272, Loss: 585.93942
2023-04-30 16:47:32,583 - INFO - Epoch 273, Loss: 585.01964
2023-04-30 16:47:33,425 - INFO - Epoch 274, Loss: 585.57386
2023-04-30 16:47:34,269 - INFO - Epoch 275, Loss: 583.66145
2023-04-30 16:47:35,111 - INFO - Epoch 276, Loss: 583.01009
2023-04-30 16:47:35,952 - INFO - Epoch 277, Loss: 582.46567
2023-04-30 16:47:36,794 - INFO - Epoch 278, Loss: 582.12400
2023-04-30 16:47:37,637 - INFO - Epoch 279, Loss: 581.43456
2023-04-30 16:47:38,479 - INFO - Epoch 280, Loss: 579.81967
2023-04-30 16:47:39,325 - INFO - Epoch 281, Loss: 579.59223
2023-04-30 16:47:40,169 - INFO - Epoch 282, Loss: 578.80049
2023-04-30 16:47:41,012 - INFO - Epoch 283, Loss: 578.28014
2023-04-30 16:47:41,856 - INFO - Epoch 284, Loss: 576.69814
2023-04-30 16:47:42,698 - INFO - Epoch 285, Loss: 576.96302
2023-04-30 16:47:43,541 - INFO - Epoch 286, Loss: 575.74730
2023-04-30 16:47:44,383 - INFO - Epoch 287, Loss: 575.68186
2023-04-30 16:47:45,227 - INFO - Epoch 288, Loss: 574.87817
2023-04-30 16:47:46,070 - INFO - Epoch 289, Loss: 574.70350
2023-04-30 16:47:46,912 - INFO - Epoch 290, Loss: 572.90256
2023-04-30 16:47:47,757 - INFO - Epoch 291, Loss: 572.32452
2023-04-30 16:47:48,601 - INFO - Epoch 292, Loss: 572.02300
2023-04-30 16:47:49,443 - INFO - Epoch 293, Loss: 570.64148
2023-04-30 16:47:50,285 - INFO - Epoch 294, Loss: 569.98058
2023-04-30 16:47:51,128 - INFO - Epoch 295, Loss: 569.93426
2023-04-30 16:47:51,969 - INFO - Epoch 296, Loss: 568.77174
2023-04-30 16:47:52,813 - INFO - Epoch 297, Loss: 567.01651
2023-04-30 16:47:53,654 - INFO - Epoch 298, Loss: 567.35295
2023-04-30 16:47:54,497 - INFO - Epoch 299, Loss: 566.93939
2023-04-30 16:47:55,339 - INFO - Epoch 300, Loss: 566.24498
2023-04-30 16:47:58,185 - INFO - Epoch 300: [0.8s + 2.8s] Loss: 1.82660, Recall: 0.12179, Precision: 0.02617, Hit Ratio: 0.34470, NDCG: 0.15548
2023-04-30 16:47:59,128 - INFO - Epoch 301, Loss: 565.70315
2023-04-30 16:47:59,971 - INFO - Epoch 302, Loss: 564.78035
2023-04-30 16:48:00,816 - INFO - Epoch 303, Loss: 563.15274
2023-04-30 16:48:01,662 - INFO - Epoch 304, Loss: 561.88078
2023-04-30 16:48:02,504 - INFO - Epoch 305, Loss: 561.85223
2023-04-30 16:48:03,348 - INFO - Epoch 306, Loss: 561.43953
2023-04-30 16:48:04,193 - INFO - Epoch 307, Loss: 560.60850
2023-04-30 16:48:05,037 - INFO - Epoch 308, Loss: 559.74264
2023-04-30 16:48:05,880 - INFO - Epoch 309, Loss: 558.93550
2023-04-30 16:48:06,722 - INFO - Epoch 310, Loss: 557.12041
2023-04-30 16:48:07,564 - INFO - Epoch 311, Loss: 556.04366
2023-04-30 16:48:08,407 - INFO - Epoch 312, Loss: 557.12135
2023-04-30 16:48:09,274 - INFO - Epoch 313, Loss: 556.19272
2023-04-30 16:48:10,129 - INFO - Epoch 314, Loss: 554.63747
2023-04-30 16:48:11,024 - INFO - Epoch 315, Loss: 554.09846
2023-04-30 16:48:11,874 - INFO - Epoch 316, Loss: 554.15956
2023-04-30 16:48:12,746 - INFO - Epoch 317, Loss: 553.12546
2023-04-30 16:48:13,621 - INFO - Epoch 318, Loss: 551.34076
2023-04-30 16:48:14,517 - INFO - Epoch 319, Loss: 551.57698
2023-04-30 16:48:15,370 - INFO - Epoch 320, Loss: 550.35095
2023-04-30 16:48:16,365 - INFO - Epoch 321, Loss: 549.89498
2023-04-30 16:48:17,224 - INFO - Epoch 322, Loss: 548.35716
2023-04-30 16:48:18,068 - INFO - Epoch 323, Loss: 547.62110
2023-04-30 16:48:18,947 - INFO - Epoch 324, Loss: 547.76173
2023-04-30 16:48:19,846 - INFO - Epoch 325, Loss: 546.97595
2023-04-30 16:48:20,721 - INFO - Epoch 326, Loss: 546.15196
2023-04-30 16:48:21,709 - INFO - Epoch 327, Loss: 545.23242
2023-04-30 16:48:22,613 - INFO - Epoch 328, Loss: 545.06671
2023-04-30 16:48:23,529 - INFO - Epoch 329, Loss: 543.84089
2023-04-30 16:48:24,418 - INFO - Epoch 330, Loss: 542.56341
2023-04-30 16:48:25,305 - INFO - Epoch 331, Loss: 542.36979
2023-04-30 16:48:26,175 - INFO - Epoch 332, Loss: 541.41462
2023-04-30 16:48:27,079 - INFO - Epoch 333, Loss: 540.44919
2023-04-30 16:48:27,972 - INFO - Epoch 334, Loss: 540.44656
2023-04-30 16:48:28,867 - INFO - Epoch 335, Loss: 538.90631
2023-04-30 16:48:29,757 - INFO - Epoch 336, Loss: 538.28984
2023-04-30 16:48:30,647 - INFO - Epoch 337, Loss: 537.90387
2023-04-30 16:48:31,515 - INFO - Epoch 338, Loss: 536.85219
2023-04-30 16:48:32,394 - INFO - Epoch 339, Loss: 534.76621
2023-04-30 16:48:33,250 - INFO - Epoch 340, Loss: 536.96339
2023-04-30 16:48:34,130 - INFO - Epoch 341, Loss: 534.57823
2023-04-30 16:48:35,003 - INFO - Epoch 342, Loss: 533.62684
2023-04-30 16:48:35,891 - INFO - Epoch 343, Loss: 532.79972
2023-04-30 16:48:36,766 - INFO - Epoch 344, Loss: 532.37608
2023-04-30 16:48:37,626 - INFO - Epoch 345, Loss: 531.49283
2023-04-30 16:48:38,512 - INFO - Epoch 346, Loss: 530.47728
2023-04-30 16:48:39,375 - INFO - Epoch 347, Loss: 528.81884
2023-04-30 16:48:40,223 - INFO - Epoch 348, Loss: 528.12337
2023-04-30 16:48:41,074 - INFO - Epoch 349, Loss: 527.84547
2023-04-30 16:48:41,955 - INFO - Epoch 350, Loss: 527.30798
2023-04-30 16:48:42,827 - INFO - Epoch 351, Loss: 526.76477
2023-04-30 16:48:43,671 - INFO - Epoch 352, Loss: 526.17082
2023-04-30 16:48:44,517 - INFO - Epoch 353, Loss: 525.12861
2023-04-30 16:48:45,361 - INFO - Epoch 354, Loss: 524.92390
2023-04-30 16:48:46,204 - INFO - Epoch 355, Loss: 523.17573
2023-04-30 16:48:47,047 - INFO - Epoch 356, Loss: 524.05754
2023-04-30 16:48:47,891 - INFO - Epoch 357, Loss: 521.32317
2023-04-30 16:48:48,739 - INFO - Epoch 358, Loss: 520.98549
2023-04-30 16:48:49,584 - INFO - Epoch 359, Loss: 520.24818
2023-04-30 16:48:50,429 - INFO - Epoch 360, Loss: 519.74487
2023-04-30 16:48:51,274 - INFO - Epoch 361, Loss: 519.04176
2023-04-30 16:48:52,116 - INFO - Epoch 362, Loss: 518.15108
2023-04-30 16:48:52,959 - INFO - Epoch 363, Loss: 516.50239
2023-04-30 16:48:53,801 - INFO - Epoch 364, Loss: 517.10689
2023-04-30 16:48:54,644 - INFO - Epoch 365, Loss: 515.85871
2023-04-30 16:48:55,488 - INFO - Epoch 366, Loss: 514.18698
2023-04-30 16:48:56,334 - INFO - Epoch 367, Loss: 514.21574
2023-04-30 16:48:57,179 - INFO - Epoch 368, Loss: 513.36691
2023-04-30 16:48:58,025 - INFO - Epoch 369, Loss: 512.82582
2023-04-30 16:48:58,881 - INFO - Epoch 370, Loss: 512.69603
2023-04-30 16:48:59,763 - INFO - Epoch 371, Loss: 510.70606
2023-04-30 16:49:00,634 - INFO - Epoch 372, Loss: 511.86687
2023-04-30 16:49:01,492 - INFO - Epoch 373, Loss: 509.29127
2023-04-30 16:49:02,348 - INFO - Epoch 374, Loss: 508.56396
2023-04-30 16:49:03,196 - INFO - Epoch 375, Loss: 507.48848
2023-04-30 16:49:04,042 - INFO - Epoch 376, Loss: 507.51133
2023-04-30 16:49:04,890 - INFO - Epoch 377, Loss: 505.84621
2023-04-30 16:49:05,737 - INFO - Epoch 378, Loss: 505.38538
2023-04-30 16:49:06,594 - INFO - Epoch 379, Loss: 504.43713
2023-04-30 16:49:07,443 - INFO - Epoch 380, Loss: 504.13103
2023-04-30 16:49:08,293 - INFO - Epoch 381, Loss: 502.74063
2023-04-30 16:49:09,164 - INFO - Epoch 382, Loss: 502.51476
2023-04-30 16:49:10,059 - INFO - Epoch 383, Loss: 500.94985
2023-04-30 16:49:10,918 - INFO - Epoch 384, Loss: 500.80410
2023-04-30 16:49:11,768 - INFO - Epoch 385, Loss: 500.10853
2023-04-30 16:49:12,655 - INFO - Epoch 386, Loss: 500.18601
2023-04-30 16:49:13,517 - INFO - Epoch 387, Loss: 498.55691
2023-04-30 16:49:14,365 - INFO - Epoch 388, Loss: 497.42421
2023-04-30 16:49:15,223 - INFO - Epoch 389, Loss: 495.88317
2023-04-30 16:49:16,079 - INFO - Epoch 390, Loss: 495.72837
2023-04-30 16:49:16,927 - INFO - Epoch 391, Loss: 494.40104
2023-04-30 16:49:17,771 - INFO - Epoch 392, Loss: 493.43453
2023-04-30 16:49:18,614 - INFO - Epoch 393, Loss: 492.38519
2023-04-30 16:49:19,456 - INFO - Epoch 394, Loss: 491.74887
2023-04-30 16:49:20,327 - INFO - Epoch 395, Loss: 491.35644
2023-04-30 16:49:21,180 - INFO - Epoch 396, Loss: 490.20790
2023-04-30 16:49:22,042 - INFO - Epoch 397, Loss: 489.54668
2023-04-30 16:49:22,899 - INFO - Epoch 398, Loss: 488.96425
2023-04-30 16:49:23,746 - INFO - Epoch 399, Loss: 488.00267
2023-04-30 16:49:24,601 - INFO - Epoch 400, Loss: 487.23053
2023-04-30 16:49:27,430 - INFO - Epoch 400: [0.9s + 2.8s] Loss: 1.57171, Recall: 0.13054, Precision: 0.02759, Hit Ratio: 0.36116, NDCG: 0.16399
2023-04-30 16:49:28,346 - INFO - Epoch 401, Loss: 487.30464
2023-04-30 16:49:29,225 - INFO - Epoch 402, Loss: 485.76971
2023-04-30 16:49:30,106 - INFO - Epoch 403, Loss: 484.29278
2023-04-30 16:49:30,958 - INFO - Epoch 404, Loss: 485.22612
2023-04-30 16:49:31,803 - INFO - Epoch 405, Loss: 484.28856
2023-04-30 16:49:32,649 - INFO - Epoch 406, Loss: 482.52080
2023-04-30 16:49:33,494 - INFO - Epoch 407, Loss: 482.61363
2023-04-30 16:49:34,342 - INFO - Epoch 408, Loss: 481.54876
2023-04-30 16:49:35,187 - INFO - Epoch 409, Loss: 480.61089
2023-04-30 16:49:36,030 - INFO - Epoch 410, Loss: 481.07220
2023-04-30 16:49:36,876 - INFO - Epoch 411, Loss: 478.73634
2023-04-30 16:49:37,718 - INFO - Epoch 412, Loss: 477.60868
2023-04-30 16:49:38,570 - INFO - Epoch 413, Loss: 477.11477
2023-04-30 16:49:39,422 - INFO - Epoch 414, Loss: 477.34110
2023-04-30 16:49:40,285 - INFO - Epoch 415, Loss: 475.71117
2023-04-30 16:49:41,134 - INFO - Epoch 416, Loss: 474.94425
2023-04-30 16:49:41,998 - INFO - Epoch 417, Loss: 475.00161
2023-04-30 16:49:42,993 - INFO - Epoch 418, Loss: 471.78310
2023-04-30 16:49:43,861 - INFO - Epoch 419, Loss: 471.92770
2023-04-30 16:49:44,721 - INFO - Epoch 420, Loss: 472.28945
2023-04-30 16:49:45,691 - INFO - Epoch 421, Loss: 471.12157
2023-04-30 16:49:46,541 - INFO - Epoch 422, Loss: 469.34864
2023-04-30 16:49:47,397 - INFO - Epoch 423, Loss: 470.77375
2023-04-30 16:49:48,263 - INFO - Epoch 424, Loss: 468.99168
2023-04-30 16:49:49,278 - INFO - Epoch 425, Loss: 465.74743
2023-04-30 16:49:50,126 - INFO - Epoch 426, Loss: 467.04775
2023-04-30 16:49:51,008 - INFO - Epoch 427, Loss: 465.92286
2023-04-30 16:49:51,865 - INFO - Epoch 428, Loss: 465.67063
2023-04-30 16:49:52,740 - INFO - Epoch 429, Loss: 464.22018
2023-04-30 16:49:53,656 - INFO - Epoch 430, Loss: 462.52310
2023-04-30 16:49:54,547 - INFO - Epoch 431, Loss: 461.39016
2023-04-30 16:49:55,410 - INFO - Epoch 432, Loss: 461.88584
2023-04-30 16:49:56,330 - INFO - Epoch 433, Loss: 460.73410
2023-04-30 16:49:57,258 - INFO - Epoch 434, Loss: 460.04489
2023-04-30 16:49:58,119 - INFO - Epoch 435, Loss: 459.02924
2023-04-30 16:49:58,975 - INFO - Epoch 436, Loss: 457.52375
2023-04-30 16:49:59,831 - INFO - Epoch 437, Loss: 457.92919
2023-04-30 16:50:00,745 - INFO - Epoch 438, Loss: 456.30933
2023-04-30 16:50:01,617 - INFO - Epoch 439, Loss: 455.49781
2023-04-30 16:50:02,486 - INFO - Epoch 440, Loss: 455.44446
2023-04-30 16:50:03,446 - INFO - Epoch 441, Loss: 454.14604
2023-04-30 16:50:04,325 - INFO - Epoch 442, Loss: 453.20851
2023-04-30 16:50:05,230 - INFO - Epoch 443, Loss: 452.92437
2023-04-30 16:50:06,111 - INFO - Epoch 444, Loss: 452.91372
2023-04-30 16:50:06,959 - INFO - Epoch 445, Loss: 451.21945
2023-04-30 16:50:07,864 - INFO - Epoch 446, Loss: 451.00464
2023-04-30 16:50:08,777 - INFO - Epoch 447, Loss: 449.08012
2023-04-30 16:50:09,680 - INFO - Epoch 448, Loss: 448.52809
2023-04-30 16:50:10,601 - INFO - Epoch 449, Loss: 446.74009
2023-04-30 16:50:11,503 - INFO - Epoch 450, Loss: 445.62005
2023-04-30 16:50:12,373 - INFO - Epoch 451, Loss: 446.45787
2023-04-30 16:50:13,243 - INFO - Epoch 452, Loss: 445.42868
2023-04-30 16:50:14,100 - INFO - Epoch 453, Loss: 443.89831
2023-04-30 16:50:15,043 - INFO - Epoch 454, Loss: 443.42857
2023-04-30 16:50:15,950 - INFO - Epoch 455, Loss: 443.59560
2023-04-30 16:50:16,804 - INFO - Epoch 456, Loss: 441.27309
2023-04-30 16:50:17,706 - INFO - Epoch 457, Loss: 441.17209
2023-04-30 16:50:18,571 - INFO - Epoch 458, Loss: 439.82140
2023-04-30 16:50:19,436 - INFO - Epoch 459, Loss: 439.74053
2023-04-30 16:50:20,333 - INFO - Epoch 460, Loss: 438.02446
2023-04-30 16:50:21,274 - INFO - Epoch 461, Loss: 436.19305
2023-04-30 16:50:22,146 - INFO - Epoch 462, Loss: 436.40165
2023-04-30 16:50:23,001 - INFO - Epoch 463, Loss: 434.98142
2023-04-30 16:50:23,942 - INFO - Epoch 464, Loss: 435.31376
2023-04-30 16:50:24,835 - INFO - Epoch 465, Loss: 434.65150
2023-04-30 16:50:25,694 - INFO - Epoch 466, Loss: 433.84218
2023-04-30 16:50:26,597 - INFO - Epoch 467, Loss: 431.89447
2023-04-30 16:50:27,469 - INFO - Epoch 468, Loss: 431.61794
2023-04-30 16:50:28,325 - INFO - Epoch 469, Loss: 432.26282
2023-04-30 16:50:29,252 - INFO - Epoch 470, Loss: 430.30918
2023-04-30 16:50:30,110 - INFO - Epoch 471, Loss: 428.17868
2023-04-30 16:50:31,046 - INFO - Epoch 472, Loss: 428.36985
2023-04-30 16:50:31,904 - INFO - Epoch 473, Loss: 427.36319
2023-04-30 16:50:32,856 - INFO - Epoch 474, Loss: 427.93028
2023-04-30 16:50:33,713 - INFO - Epoch 475, Loss: 425.88093
2023-04-30 16:50:34,564 - INFO - Epoch 476, Loss: 424.55259
2023-04-30 16:50:35,431 - INFO - Epoch 477, Loss: 423.65858
2023-04-30 16:50:36,336 - INFO - Epoch 478, Loss: 422.87871
2023-04-30 16:50:37,192 - INFO - Epoch 479, Loss: 423.36143
2023-04-30 16:50:38,053 - INFO - Epoch 480, Loss: 422.31758
2023-04-30 16:50:38,917 - INFO - Epoch 481, Loss: 421.29126
2023-04-30 16:50:39,856 - INFO - Epoch 482, Loss: 418.70523
2023-04-30 16:50:40,719 - INFO - Epoch 483, Loss: 419.25172
2023-04-30 16:50:41,674 - INFO - Epoch 484, Loss: 418.66112
2023-04-30 16:50:42,542 - INFO - Epoch 485, Loss: 418.31912
2023-04-30 16:50:43,410 - INFO - Epoch 486, Loss: 417.32692
2023-04-30 16:50:44,268 - INFO - Epoch 487, Loss: 415.58508
2023-04-30 16:50:45,120 - INFO - Epoch 488, Loss: 416.42461
2023-04-30 16:50:45,989 - INFO - Epoch 489, Loss: 413.42601
2023-04-30 16:50:46,857 - INFO - Epoch 490, Loss: 415.08425
2023-04-30 16:50:47,784 - INFO - Epoch 491, Loss: 412.03644
2023-04-30 16:50:48,639 - INFO - Epoch 492, Loss: 411.27154
2023-04-30 16:50:49,509 - INFO - Epoch 493, Loss: 411.80180
2023-04-30 16:50:50,450 - INFO - Epoch 494, Loss: 409.80064
2023-04-30 16:50:51,312 - INFO - Epoch 495, Loss: 411.55247
2023-04-30 16:50:52,185 - INFO - Epoch 496, Loss: 409.62178
2023-04-30 16:50:53,042 - INFO - Epoch 497, Loss: 408.65196
2023-04-30 16:50:53,902 - INFO - Epoch 498, Loss: 408.18867
2023-04-30 16:50:54,763 - INFO - Epoch 499, Loss: 406.63329
2023-04-30 16:50:55,689 - INFO - Epoch 500, Loss: 405.04550
2023-04-30 16:50:58,680 - INFO - Epoch 500: [0.9s + 3.0s] Loss: 1.30660, Recall: 0.13581, Precision: 0.02868, Hit Ratio: 0.37373, NDCG: 0.17049
2023-04-30 16:50:59,638 - INFO - Epoch 501, Loss: 405.53291
2023-04-30 16:51:00,572 - INFO - Epoch 502, Loss: 404.30861
2023-04-30 16:51:01,438 - INFO - Epoch 503, Loss: 401.25032
2023-04-30 16:51:02,373 - INFO - Epoch 504, Loss: 400.19959
2023-04-30 16:51:03,239 - INFO - Epoch 505, Loss: 400.93625
2023-04-30 16:51:04,186 - INFO - Epoch 506, Loss: 400.95910
2023-04-30 16:51:05,052 - INFO - Epoch 507, Loss: 400.33306
2023-04-30 16:51:05,926 - INFO - Epoch 508, Loss: 399.66482
2023-04-30 16:51:06,867 - INFO - Epoch 509, Loss: 398.31347
2023-04-30 16:51:07,719 - INFO - Epoch 510, Loss: 396.87326
2023-04-30 16:51:08,585 - INFO - Epoch 511, Loss: 395.89262
2023-04-30 16:51:09,444 - INFO - Epoch 512, Loss: 397.07079
2023-04-30 16:51:10,357 - INFO - Epoch 513, Loss: 394.05451
2023-04-30 16:51:11,215 - INFO - Epoch 514, Loss: 393.36597
2023-04-30 16:51:12,152 - INFO - Epoch 515, Loss: 393.98548
2023-04-30 16:51:13,007 - INFO - Epoch 516, Loss: 392.59228
2023-04-30 16:51:13,870 - INFO - Epoch 517, Loss: 392.29726
2023-04-30 16:51:14,787 - INFO - Epoch 518, Loss: 390.48054
2023-04-30 16:51:15,652 - INFO - Epoch 519, Loss: 388.81731
2023-04-30 16:51:16,594 - INFO - Epoch 520, Loss: 386.90319
2023-04-30 16:51:17,464 - INFO - Epoch 521, Loss: 386.70475
2023-04-30 16:51:18,336 - INFO - Epoch 522, Loss: 386.20574
2023-04-30 16:51:19,199 - INFO - Epoch 523, Loss: 385.79377
2023-04-30 16:51:20,130 - INFO - Epoch 524, Loss: 385.63778
2023-04-30 16:51:20,987 - INFO - Epoch 525, Loss: 384.98446
2023-04-30 16:51:21,946 - INFO - Epoch 526, Loss: 383.93709
2023-04-30 16:51:22,802 - INFO - Epoch 527, Loss: 384.39288
2023-04-30 16:51:23,658 - INFO - Epoch 528, Loss: 382.55152
2023-04-30 16:51:24,519 - INFO - Epoch 529, Loss: 380.48923
2023-04-30 16:51:25,480 - INFO - Epoch 530, Loss: 380.13821
2023-04-30 16:51:26,336 - INFO - Epoch 531, Loss: 378.25826
2023-04-30 16:51:27,196 - INFO - Epoch 532, Loss: 379.45742
2023-04-30 16:51:28,123 - INFO - Epoch 533, Loss: 379.50673
2023-04-30 16:51:28,977 - INFO - Epoch 534, Loss: 377.20884
2023-04-30 16:51:29,902 - INFO - Epoch 535, Loss: 375.57586
2023-04-30 16:51:30,771 - INFO - Epoch 536, Loss: 374.75480
2023-04-30 16:51:31,682 - INFO - Epoch 537, Loss: 374.87229
2023-04-30 16:51:32,544 - INFO - Epoch 538, Loss: 374.13371
2023-04-30 16:51:33,462 - INFO - Epoch 539, Loss: 372.68223
2023-04-30 16:51:34,326 - INFO - Epoch 540, Loss: 373.47726
2023-04-30 16:51:35,269 - INFO - Epoch 541, Loss: 372.95341
2023-04-30 16:51:36,182 - INFO - Epoch 542, Loss: 369.92473
2023-04-30 16:51:37,114 - INFO - Epoch 543, Loss: 369.72132
2023-04-30 16:51:38,050 - INFO - Epoch 544, Loss: 369.11742
2023-04-30 16:51:38,943 - INFO - Epoch 545, Loss: 368.13577
2023-04-30 16:51:39,855 - INFO - Epoch 546, Loss: 364.34175
2023-04-30 16:51:40,729 - INFO - Epoch 547, Loss: 366.96172
2023-04-30 16:51:41,583 - INFO - Epoch 548, Loss: 365.82582
2023-04-30 16:51:42,445 - INFO - Epoch 549, Loss: 366.14641
2023-04-30 16:51:43,293 - INFO - Epoch 550, Loss: 364.06125
2023-04-30 16:51:44,189 - INFO - Epoch 551, Loss: 363.28824
2023-04-30 16:51:45,127 - INFO - Epoch 552, Loss: 361.13558
2023-04-30 16:51:45,995 - INFO - Epoch 553, Loss: 363.00716
2023-04-30 16:51:46,849 - INFO - Epoch 554, Loss: 360.66645
2023-04-30 16:51:47,729 - INFO - Epoch 555, Loss: 360.26550
2023-04-30 16:51:48,583 - INFO - Epoch 556, Loss: 358.94620
2023-04-30 16:51:49,440 - INFO - Epoch 557, Loss: 358.03011
2023-04-30 16:51:50,290 - INFO - Epoch 558, Loss: 358.53388
2023-04-30 16:51:51,160 - INFO - Epoch 559, Loss: 356.25423
2023-04-30 16:51:52,049 - INFO - Epoch 560, Loss: 356.71252
2023-04-30 16:51:52,950 - INFO - Epoch 561, Loss: 355.49768
2023-04-30 16:51:53,816 - INFO - Epoch 562, Loss: 353.81551
2023-04-30 16:51:54,699 - INFO - Epoch 563, Loss: 352.51730
2023-04-30 16:51:55,584 - INFO - Epoch 564, Loss: 353.16200
2023-04-30 16:51:56,479 - INFO - Epoch 565, Loss: 353.75400
2023-04-30 16:51:57,346 - INFO - Epoch 566, Loss: 350.58029
2023-04-30 16:51:58,195 - INFO - Epoch 567, Loss: 349.38308
2023-04-30 16:51:59,060 - INFO - Epoch 568, Loss: 348.49785
2023-04-30 16:51:59,914 - INFO - Epoch 569, Loss: 348.32793
2023-04-30 16:52:00,777 - INFO - Epoch 570, Loss: 347.97296
2023-04-30 16:52:01,684 - INFO - Epoch 571, Loss: 346.29321
2023-04-30 16:52:02,560 - INFO - Epoch 572, Loss: 345.45513
2023-04-30 16:52:03,413 - INFO - Epoch 573, Loss: 346.01695
2023-04-30 16:52:04,291 - INFO - Epoch 574, Loss: 346.26995
2023-04-30 16:52:05,184 - INFO - Epoch 575, Loss: 344.02310
2023-04-30 16:52:06,061 - INFO - Epoch 576, Loss: 342.70768
2023-04-30 16:52:06,968 - INFO - Epoch 577, Loss: 342.71079
2023-04-30 16:52:07,858 - INFO - Epoch 578, Loss: 339.92476
2023-04-30 16:52:08,706 - INFO - Epoch 579, Loss: 340.27802
2023-04-30 16:52:09,559 - INFO - Epoch 580, Loss: 338.98211
2023-04-30 16:52:10,421 - INFO - Epoch 581, Loss: 338.63151
2023-04-30 16:52:11,271 - INFO - Epoch 582, Loss: 338.41647
2023-04-30 16:52:12,133 - INFO - Epoch 583, Loss: 335.46481
2023-04-30 16:52:12,993 - INFO - Epoch 584, Loss: 336.06999
2023-04-30 16:52:13,842 - INFO - Epoch 585, Loss: 336.29088
2023-04-30 16:52:14,714 - INFO - Epoch 586, Loss: 334.37685
2023-04-30 16:52:15,568 - INFO - Epoch 587, Loss: 333.22869
2023-04-30 16:52:16,450 - INFO - Epoch 588, Loss: 331.93726
2023-04-30 16:52:17,316 - INFO - Epoch 589, Loss: 334.79231
2023-04-30 16:52:18,196 - INFO - Epoch 590, Loss: 331.55434
2023-04-30 16:52:19,069 - INFO - Epoch 591, Loss: 330.87884
2023-04-30 16:52:19,933 - INFO - Epoch 592, Loss: 330.51294
2023-04-30 16:52:20,782 - INFO - Epoch 593, Loss: 329.88399
2023-04-30 16:52:21,635 - INFO - Epoch 594, Loss: 328.99636
2023-04-30 16:52:22,493 - INFO - Epoch 595, Loss: 327.51845
2023-04-30 16:52:23,348 - INFO - Epoch 596, Loss: 327.09925
2023-04-30 16:52:24,200 - INFO - Epoch 597, Loss: 327.38874
2023-04-30 16:52:25,049 - INFO - Epoch 598, Loss: 325.81458
2023-04-30 16:52:25,913 - INFO - Epoch 599, Loss: 322.91873
2023-04-30 16:52:26,780 - INFO - Epoch 600, Loss: 323.92406
2023-04-30 16:52:29,655 - INFO - Epoch 600: [0.9s + 2.9s] Loss: 1.04492, Recall: 0.13754, Precision: 0.02910, Hit Ratio: 0.38121, NDCG: 0.17509
2023-04-30 16:52:30,605 - INFO - Epoch 601, Loss: 323.63856
2023-04-30 16:52:31,469 - INFO - Epoch 602, Loss: 320.47820
2023-04-30 16:52:32,332 - INFO - Epoch 603, Loss: 321.01198
2023-04-30 16:52:33,181 - INFO - Epoch 604, Loss: 319.15740
2023-04-30 16:52:34,028 - INFO - Epoch 605, Loss: 319.55040
2023-04-30 16:52:34,873 - INFO - Epoch 606, Loss: 319.81538
2023-04-30 16:52:35,730 - INFO - Epoch 607, Loss: 317.05031
2023-04-30 16:52:36,592 - INFO - Epoch 608, Loss: 318.07499
2023-04-30 16:52:37,445 - INFO - Epoch 609, Loss: 316.79992
2023-04-30 16:52:38,318 - INFO - Epoch 610, Loss: 312.70951
2023-04-30 16:52:39,182 - INFO - Epoch 611, Loss: 314.49677
2023-04-30 16:52:40,053 - INFO - Epoch 612, Loss: 314.19820
2023-04-30 16:52:40,916 - INFO - Epoch 613, Loss: 313.22347
2023-04-30 16:52:41,775 - INFO - Epoch 614, Loss: 313.22363
2023-04-30 16:52:42,684 - INFO - Epoch 615, Loss: 312.69317
2023-04-30 16:52:43,632 - INFO - Epoch 616, Loss: 311.72456
2023-04-30 16:52:44,552 - INFO - Epoch 617, Loss: 310.66025
2023-04-30 16:52:45,474 - INFO - Epoch 618, Loss: 310.00391
2023-04-30 16:52:46,396 - INFO - Epoch 619, Loss: 307.26049
2023-04-30 16:52:47,327 - INFO - Epoch 620, Loss: 306.68345
2023-04-30 16:52:48,237 - INFO - Epoch 621, Loss: 307.75897
2023-04-30 16:52:49,097 - INFO - Epoch 622, Loss: 306.97956
2023-04-30 16:52:49,952 - INFO - Epoch 623, Loss: 305.16289
2023-04-30 16:52:50,824 - INFO - Epoch 624, Loss: 303.80348
2023-04-30 16:52:51,688 - INFO - Epoch 625, Loss: 304.07200
2023-04-30 16:52:52,621 - INFO - Epoch 626, Loss: 304.28175
2023-04-30 16:52:53,477 - INFO - Epoch 627, Loss: 303.24412
2023-04-30 16:52:54,323 - INFO - Epoch 628, Loss: 300.99172
2023-04-30 16:52:55,170 - INFO - Epoch 629, Loss: 301.60416
2023-04-30 16:52:56,052 - INFO - Epoch 630, Loss: 299.72226
2023-04-30 16:52:56,977 - INFO - Epoch 631, Loss: 299.29190
2023-04-30 16:52:57,836 - INFO - Epoch 632, Loss: 299.03239
2023-04-30 16:52:58,723 - INFO - Epoch 633, Loss: 297.72077
2023-04-30 16:52:59,615 - INFO - Epoch 634, Loss: 295.28844
2023-04-30 16:53:00,507 - INFO - Epoch 635, Loss: 295.48624
2023-04-30 16:53:01,412 - INFO - Epoch 636, Loss: 295.71283
2023-04-30 16:53:02,359 - INFO - Epoch 637, Loss: 295.04351
2023-04-30 16:53:03,256 - INFO - Epoch 638, Loss: 293.57778
2023-04-30 16:53:04,136 - INFO - Epoch 639, Loss: 292.28750
2023-04-30 16:53:05,028 - INFO - Epoch 640, Loss: 292.84519
2023-04-30 16:53:05,920 - INFO - Epoch 641, Loss: 293.43862
2023-04-30 16:53:06,849 - INFO - Epoch 642, Loss: 292.68874
2023-04-30 16:53:07,754 - INFO - Epoch 643, Loss: 289.93293
2023-04-30 16:53:08,646 - INFO - Epoch 644, Loss: 288.81610
2023-04-30 16:53:09,512 - INFO - Epoch 645, Loss: 287.62457
2023-04-30 16:53:10,420 - INFO - Epoch 646, Loss: 286.94852
2023-04-30 16:53:11,316 - INFO - Epoch 647, Loss: 285.45175
2023-04-30 16:53:12,216 - INFO - Epoch 648, Loss: 286.26694
2023-04-30 16:53:13,135 - INFO - Epoch 649, Loss: 283.76058
2023-04-30 16:53:14,030 - INFO - Epoch 650, Loss: 286.27900
2023-04-30 16:53:14,896 - INFO - Epoch 651, Loss: 284.85295
2023-04-30 16:53:15,813 - INFO - Epoch 652, Loss: 284.02893
2023-04-30 16:53:16,742 - INFO - Epoch 653, Loss: 281.98706
2023-04-30 16:53:17,641 - INFO - Epoch 654, Loss: 283.83898
2023-04-30 16:53:18,529 - INFO - Epoch 655, Loss: 282.09907
2023-04-30 16:53:19,440 - INFO - Epoch 656, Loss: 280.97731
2023-04-30 16:53:20,363 - INFO - Epoch 657, Loss: 280.12274
2023-04-30 16:53:21,256 - INFO - Epoch 658, Loss: 277.21993
2023-04-30 16:53:22,158 - INFO - Epoch 659, Loss: 278.56153
2023-04-30 16:53:23,091 - INFO - Epoch 660, Loss: 279.24223
2023-04-30 16:53:24,010 - INFO - Epoch 661, Loss: 276.92447
2023-04-30 16:53:24,912 - INFO - Epoch 662, Loss: 276.43064
2023-04-30 16:53:25,796 - INFO - Epoch 663, Loss: 278.23691
2023-04-30 16:53:26,683 - INFO - Epoch 664, Loss: 275.20697
2023-04-30 16:53:27,577 - INFO - Epoch 665, Loss: 273.12095
2023-04-30 16:53:28,450 - INFO - Epoch 666, Loss: 272.32860
2023-04-30 16:53:29,361 - INFO - Epoch 667, Loss: 272.20658
2023-04-30 16:53:30,279 - INFO - Epoch 668, Loss: 271.98782
2023-04-30 16:53:31,194 - INFO - Epoch 669, Loss: 270.20450
2023-04-30 16:53:32,093 - INFO - Epoch 670, Loss: 270.16714
2023-04-30 16:53:32,978 - INFO - Epoch 671, Loss: 268.98819
2023-04-30 16:53:33,821 - INFO - Epoch 672, Loss: 268.14028
2023-04-30 16:53:34,665 - INFO - Epoch 673, Loss: 267.47241
2023-04-30 16:53:35,519 - INFO - Epoch 674, Loss: 267.79233
2023-04-30 16:53:36,375 - INFO - Epoch 675, Loss: 267.08527
2023-04-30 16:53:37,289 - INFO - Epoch 676, Loss: 266.73412
2023-04-30 16:53:38,151 - INFO - Epoch 677, Loss: 267.30870
2023-04-30 16:53:39,012 - INFO - Epoch 678, Loss: 263.83695
2023-04-30 16:53:39,892 - INFO - Epoch 679, Loss: 263.79088
2023-04-30 16:53:40,764 - INFO - Epoch 680, Loss: 265.14360
2023-04-30 16:53:41,637 - INFO - Epoch 681, Loss: 264.03013
2023-04-30 16:53:42,513 - INFO - Epoch 682, Loss: 263.36867
2023-04-30 16:53:43,401 - INFO - Epoch 683, Loss: 261.34740
2023-04-30 16:53:44,266 - INFO - Epoch 684, Loss: 259.50592
2023-04-30 16:53:45,134 - INFO - Epoch 685, Loss: 260.18335
2023-04-30 16:53:46,010 - INFO - Epoch 686, Loss: 259.05173
2023-04-30 16:53:46,879 - INFO - Epoch 687, Loss: 257.49745
2023-04-30 16:53:47,762 - INFO - Epoch 688, Loss: 256.02876
2023-04-30 16:53:48,638 - INFO - Epoch 689, Loss: 257.19392
2023-04-30 16:53:49,525 - INFO - Epoch 690, Loss: 256.39228
2023-04-30 16:53:50,421 - INFO - Epoch 691, Loss: 253.89670
2023-04-30 16:53:51,315 - INFO - Epoch 692, Loss: 254.45569
2023-04-30 16:53:52,213 - INFO - Epoch 693, Loss: 254.69223
2023-04-30 16:53:53,094 - INFO - Epoch 694, Loss: 254.15081
2023-04-30 16:53:53,994 - INFO - Epoch 695, Loss: 251.54370
2023-04-30 16:53:54,894 - INFO - Epoch 696, Loss: 250.68727
2023-04-30 16:53:55,779 - INFO - Epoch 697, Loss: 251.76684
2023-04-30 16:53:56,664 - INFO - Epoch 698, Loss: 250.77497
2023-04-30 16:53:57,556 - INFO - Epoch 699, Loss: 250.24644
2023-04-30 16:53:58,454 - INFO - Epoch 700, Loss: 248.91522
2023-04-30 16:54:01,377 - INFO - Epoch 700: [0.9s + 2.9s] Loss: 0.80295, Recall: 0.13682, Precision: 0.02896, Hit Ratio: 0.37822, NDCG: 0.17337
2023-04-30 16:54:02,330 - INFO - Epoch 701, Loss: 248.01187
2023-04-30 16:54:03,216 - INFO - Epoch 702, Loss: 247.29199
2023-04-30 16:54:04,106 - INFO - Epoch 703, Loss: 246.57658
2023-04-30 16:54:04,999 - INFO - Epoch 704, Loss: 246.14200
2023-04-30 16:54:05,896 - INFO - Epoch 705, Loss: 245.25237
2023-04-30 16:54:06,783 - INFO - Epoch 706, Loss: 245.93767
2023-04-30 16:54:07,669 - INFO - Epoch 707, Loss: 244.70495
2023-04-30 16:54:08,554 - INFO - Epoch 708, Loss: 242.48001
2023-04-30 16:54:09,414 - INFO - Epoch 709, Loss: 243.65530
2023-04-30 16:54:10,265 - INFO - Epoch 710, Loss: 241.33175
2023-04-30 16:54:11,122 - INFO - Epoch 711, Loss: 242.48206
2023-04-30 16:54:11,974 - INFO - Epoch 712, Loss: 239.71161
2023-04-30 16:54:12,823 - INFO - Epoch 713, Loss: 238.55634
2023-04-30 16:54:13,691 - INFO - Epoch 714, Loss: 240.11158
2023-04-30 16:54:14,556 - INFO - Epoch 715, Loss: 239.45156
2023-04-30 16:54:15,424 - INFO - Epoch 716, Loss: 238.32267
2023-04-30 16:54:16,291 - INFO - Epoch 717, Loss: 236.50287
2023-04-30 16:54:17,150 - INFO - Epoch 718, Loss: 237.71736
2023-04-30 16:54:18,004 - INFO - Epoch 719, Loss: 235.39103
2023-04-30 16:54:18,850 - INFO - Epoch 720, Loss: 233.80446
2023-04-30 16:54:19,698 - INFO - Epoch 721, Loss: 235.40957
2023-04-30 16:54:20,545 - INFO - Epoch 722, Loss: 235.66752
2023-04-30 16:54:21,395 - INFO - Epoch 723, Loss: 233.58026
2023-04-30 16:54:22,242 - INFO - Epoch 724, Loss: 231.05123
2023-04-30 16:54:23,085 - INFO - Epoch 725, Loss: 233.04431
2023-04-30 16:54:23,932 - INFO - Epoch 726, Loss: 233.94977
2023-04-30 16:54:24,775 - INFO - Epoch 727, Loss: 230.80384
2023-04-30 16:54:25,622 - INFO - Epoch 728, Loss: 230.54751
2023-04-30 16:54:26,470 - INFO - Epoch 729, Loss: 232.18017
2023-04-30 16:54:27,319 - INFO - Epoch 730, Loss: 227.81711
2023-04-30 16:54:28,167 - INFO - Epoch 731, Loss: 227.64435
2023-04-30 16:54:29,013 - INFO - Epoch 732, Loss: 228.37962
2023-04-30 16:54:29,893 - INFO - Epoch 733, Loss: 226.57486
2023-04-30 16:54:30,768 - INFO - Epoch 734, Loss: 228.12480
2023-04-30 16:54:31,654 - INFO - Epoch 735, Loss: 225.45919
2023-04-30 16:54:32,533 - INFO - Epoch 736, Loss: 225.60367
2023-04-30 16:54:33,419 - INFO - Epoch 737, Loss: 225.75369
2023-04-30 16:54:34,303 - INFO - Epoch 738, Loss: 223.77787
2023-04-30 16:54:35,192 - INFO - Epoch 739, Loss: 223.44167
2023-04-30 16:54:36,062 - INFO - Epoch 740, Loss: 222.29059
2023-04-30 16:54:36,949 - INFO - Epoch 741, Loss: 222.37033
2023-04-30 16:54:37,843 - INFO - Epoch 742, Loss: 220.70013
2023-04-30 16:54:38,748 - INFO - Epoch 743, Loss: 220.25345
2023-04-30 16:54:39,690 - INFO - Epoch 744, Loss: 220.23054
2023-04-30 16:54:40,603 - INFO - Epoch 745, Loss: 219.89714
2023-04-30 16:54:41,496 - INFO - Epoch 746, Loss: 218.22702
2023-04-30 16:54:42,399 - INFO - Epoch 747, Loss: 218.38861
2023-04-30 16:54:43,291 - INFO - Epoch 748, Loss: 216.15359
2023-04-30 16:54:44,193 - INFO - Epoch 749, Loss: 216.95995
2023-04-30 16:54:45,097 - INFO - Epoch 750, Loss: 215.77348
2023-04-30 16:54:46,001 - INFO - Epoch 751, Loss: 214.01559
2023-04-30 16:54:46,866 - INFO - Epoch 752, Loss: 214.67203
2023-04-30 16:54:47,750 - INFO - Epoch 753, Loss: 213.76801
2023-04-30 16:54:48,644 - INFO - Epoch 754, Loss: 214.75739
2023-04-30 16:54:49,531 - INFO - Epoch 755, Loss: 213.15877
2023-04-30 16:54:50,415 - INFO - Epoch 756, Loss: 211.49251
2023-04-30 16:54:51,301 - INFO - Epoch 757, Loss: 211.80142
2023-04-30 16:54:52,194 - INFO - Epoch 758, Loss: 211.95198
2023-04-30 16:54:53,076 - INFO - Epoch 759, Loss: 210.94290
2023-04-30 16:54:53,973 - INFO - Epoch 760, Loss: 210.03896
2023-04-30 16:54:54,854 - INFO - Epoch 761, Loss: 210.25095
2023-04-30 16:54:55,735 - INFO - Epoch 762, Loss: 210.22032
2023-04-30 16:54:56,608 - INFO - Epoch 763, Loss: 207.56832
2023-04-30 16:54:57,480 - INFO - Epoch 764, Loss: 207.22757
2023-04-30 16:54:58,355 - INFO - Epoch 765, Loss: 204.84031
2023-04-30 16:54:59,226 - INFO - Epoch 766, Loss: 207.60444
2023-04-30 16:55:00,100 - INFO - Epoch 767, Loss: 205.36168
2023-04-30 16:55:00,990 - INFO - Epoch 768, Loss: 206.87074
2023-04-30 16:55:01,870 - INFO - Epoch 769, Loss: 204.73145
2023-04-30 16:55:02,749 - INFO - Epoch 770, Loss: 204.70636
2023-04-30 16:55:03,624 - INFO - Epoch 771, Loss: 202.58317
2023-04-30 16:55:04,501 - INFO - Epoch 772, Loss: 203.64801
2023-04-30 16:55:05,384 - INFO - Epoch 773, Loss: 203.36890
2023-04-30 16:55:06,252 - INFO - Epoch 774, Loss: 200.63743
2023-04-30 16:55:07,108 - INFO - Epoch 775, Loss: 201.75642
2023-04-30 16:55:07,976 - INFO - Epoch 776, Loss: 200.61939
2023-04-30 16:55:08,863 - INFO - Epoch 777, Loss: 199.41440
2023-04-30 16:55:09,709 - INFO - Epoch 778, Loss: 199.42459
2023-04-30 16:55:10,554 - INFO - Epoch 779, Loss: 197.71949
2023-04-30 16:55:11,399 - INFO - Epoch 780, Loss: 198.07767
2023-04-30 16:55:12,246 - INFO - Epoch 781, Loss: 199.31892
2023-04-30 16:55:13,093 - INFO - Epoch 782, Loss: 196.04256
2023-04-30 16:55:13,941 - INFO - Epoch 783, Loss: 197.50938
2023-04-30 16:55:14,790 - INFO - Epoch 784, Loss: 197.02624
2023-04-30 16:55:15,638 - INFO - Epoch 785, Loss: 196.74352
2023-04-30 16:55:16,507 - INFO - Epoch 786, Loss: 194.64959
2023-04-30 16:55:17,435 - INFO - Epoch 787, Loss: 192.21880
2023-04-30 16:55:18,410 - INFO - Epoch 788, Loss: 193.41052
2023-04-30 16:55:19,342 - INFO - Epoch 789, Loss: 193.80715
2023-04-30 16:55:20,262 - INFO - Epoch 790, Loss: 192.82834
2023-04-30 16:55:21,137 - INFO - Epoch 791, Loss: 194.30038
2023-04-30 16:55:22,009 - INFO - Epoch 792, Loss: 190.30736
2023-04-30 16:55:22,885 - INFO - Epoch 793, Loss: 190.25172
2023-04-30 16:55:23,732 - INFO - Epoch 794, Loss: 190.50231
2023-04-30 16:55:24,597 - INFO - Epoch 795, Loss: 189.51494
2023-04-30 16:55:25,461 - INFO - Epoch 796, Loss: 189.18076
2023-04-30 16:55:26,340 - INFO - Epoch 797, Loss: 188.00220
2023-04-30 16:55:27,202 - INFO - Epoch 798, Loss: 188.02654
2023-04-30 16:55:28,066 - INFO - Epoch 799, Loss: 186.64618
2023-04-30 16:55:28,917 - INFO - Epoch 800, Loss: 185.54373
2023-04-30 16:55:31,773 - INFO - Epoch 800: [0.9s + 2.9s] Loss: 0.59853, Recall: 0.13582, Precision: 0.02859, Hit Ratio: 0.37612, NDCG: 0.17244
2023-04-30 16:55:32,748 - INFO - Epoch 801, Loss: 186.46334
2023-04-30 16:55:33,621 - INFO - Epoch 802, Loss: 185.75934
2023-04-30 16:55:34,481 - INFO - Epoch 803, Loss: 186.74614
2023-04-30 16:55:35,366 - INFO - Epoch 804, Loss: 187.06448
2023-04-30 16:55:36,213 - INFO - Epoch 805, Loss: 185.43436
2023-04-30 16:55:37,090 - INFO - Epoch 806, Loss: 183.87196
2023-04-30 16:55:37,980 - INFO - Epoch 807, Loss: 182.41622
2023-04-30 16:55:38,923 - INFO - Epoch 808, Loss: 182.91077
2023-04-30 16:55:39,780 - INFO - Epoch 809, Loss: 181.86477
2023-04-30 16:55:40,649 - INFO - Epoch 810, Loss: 180.67019
2023-04-30 16:55:41,510 - INFO - Epoch 811, Loss: 182.30603
2023-04-30 16:55:42,381 - INFO - Epoch 812, Loss: 180.23853
2023-04-30 16:55:43,242 - INFO - Epoch 813, Loss: 179.28328
2023-04-30 16:55:44,092 - INFO - Epoch 814, Loss: 180.01483
2023-04-30 16:55:44,974 - INFO - Epoch 815, Loss: 179.37438
2023-04-30 16:55:45,850 - INFO - Epoch 816, Loss: 177.60914
2023-04-30 16:55:46,719 - INFO - Epoch 817, Loss: 176.69688
2023-04-30 16:55:47,575 - INFO - Epoch 818, Loss: 177.30381
2023-04-30 16:55:48,423 - INFO - Epoch 819, Loss: 178.34180
2023-04-30 16:55:49,289 - INFO - Epoch 820, Loss: 176.36349
2023-04-30 16:55:50,141 - INFO - Epoch 821, Loss: 177.05714
2023-04-30 16:55:51,035 - INFO - Epoch 822, Loss: 174.44834
2023-04-30 16:55:51,967 - INFO - Epoch 823, Loss: 173.30080
2023-04-30 16:55:52,822 - INFO - Epoch 824, Loss: 174.73978
2023-04-30 16:55:53,683 - INFO - Epoch 825, Loss: 172.51230
2023-04-30 16:55:54,536 - INFO - Epoch 826, Loss: 174.30275
2023-04-30 16:55:55,389 - INFO - Epoch 827, Loss: 172.21799
2023-04-30 16:55:56,244 - INFO - Epoch 828, Loss: 171.42627
2023-04-30 16:55:57,103 - INFO - Epoch 829, Loss: 170.61158
2023-04-30 16:55:57,963 - INFO - Epoch 830, Loss: 170.59936
2023-04-30 16:55:58,827 - INFO - Epoch 831, Loss: 170.52870
2023-04-30 16:55:59,699 - INFO - Epoch 832, Loss: 169.78765
2023-04-30 16:56:00,548 - INFO - Epoch 833, Loss: 167.98642
2023-04-30 16:56:01,397 - INFO - Epoch 834, Loss: 168.98449
2023-04-30 16:56:02,262 - INFO - Epoch 835, Loss: 167.41967
2023-04-30 16:56:03,127 - INFO - Epoch 836, Loss: 167.76112
2023-04-30 16:56:03,982 - INFO - Epoch 837, Loss: 166.76628
2023-04-30 16:56:04,830 - INFO - Epoch 838, Loss: 167.66731
2023-04-30 16:56:05,683 - INFO - Epoch 839, Loss: 166.50756
2023-04-30 16:56:06,598 - INFO - Epoch 840, Loss: 166.57707
2023-04-30 16:56:07,524 - INFO - Epoch 841, Loss: 167.42758
2023-04-30 16:56:08,387 - INFO - Epoch 842, Loss: 166.03487
2023-04-30 16:56:09,266 - INFO - Epoch 843, Loss: 166.15182
2023-04-30 16:56:10,179 - INFO - Epoch 844, Loss: 163.84264
2023-04-30 16:56:11,050 - INFO - Epoch 845, Loss: 163.99547
2023-04-30 16:56:11,995 - INFO - Epoch 846, Loss: 161.24207
2023-04-30 16:56:12,919 - INFO - Epoch 847, Loss: 161.64071
2023-04-30 16:56:13,824 - INFO - Epoch 848, Loss: 163.14297
2023-04-30 16:56:14,684 - INFO - Epoch 849, Loss: 161.63287
2023-04-30 16:56:15,552 - INFO - Epoch 850, Loss: 162.39733
2023-04-30 16:56:16,463 - INFO - Epoch 851, Loss: 158.95245
2023-04-30 16:56:17,325 - INFO - Epoch 852, Loss: 159.53156
2023-04-30 16:56:18,183 - INFO - Epoch 853, Loss: 160.86369
2023-04-30 16:56:19,038 - INFO - Epoch 854, Loss: 159.26737
2023-04-30 16:56:19,902 - INFO - Epoch 855, Loss: 158.81412
2023-04-30 16:56:20,761 - INFO - Epoch 856, Loss: 160.02923
2023-04-30 16:56:21,629 - INFO - Epoch 857, Loss: 157.52446
2023-04-30 16:56:22,479 - INFO - Epoch 858, Loss: 158.19447
2023-04-30 16:56:23,335 - INFO - Epoch 859, Loss: 157.09213
2023-04-30 16:56:24,187 - INFO - Epoch 860, Loss: 154.72350
2023-04-30 16:56:25,101 - INFO - Epoch 861, Loss: 155.85612
2023-04-30 16:56:25,974 - INFO - Epoch 862, Loss: 156.37451
2023-04-30 16:56:26,866 - INFO - Epoch 863, Loss: 155.32313
2023-04-30 16:56:27,779 - INFO - Epoch 864, Loss: 153.87017
2023-04-30 16:56:28,666 - INFO - Epoch 865, Loss: 152.61456
2023-04-30 16:56:29,530 - INFO - Epoch 866, Loss: 154.04906
2023-04-30 16:56:30,414 - INFO - Epoch 867, Loss: 152.34094
2023-04-30 16:56:31,292 - INFO - Epoch 868, Loss: 152.46037
2023-04-30 16:56:32,174 - INFO - Epoch 869, Loss: 152.64126
2023-04-30 16:56:33,060 - INFO - Epoch 870, Loss: 151.73795
2023-04-30 16:56:33,946 - INFO - Epoch 871, Loss: 152.14500
2023-04-30 16:56:34,833 - INFO - Epoch 872, Loss: 151.17898
2023-04-30 16:56:35,702 - INFO - Epoch 873, Loss: 150.90417
2023-04-30 16:56:36,577 - INFO - Epoch 874, Loss: 149.51097
2023-04-30 16:56:37,460 - INFO - Epoch 875, Loss: 148.64504
2023-04-30 16:56:38,334 - INFO - Epoch 876, Loss: 149.70218
2023-04-30 16:56:39,197 - INFO - Epoch 877, Loss: 148.51085
2023-04-30 16:56:40,087 - INFO - Epoch 878, Loss: 148.17897
2023-04-30 16:56:40,973 - INFO - Epoch 879, Loss: 147.37532
2023-04-30 16:56:41,861 - INFO - Epoch 880, Loss: 147.56122
2023-04-30 16:56:42,748 - INFO - Epoch 881, Loss: 148.52613
2023-04-30 16:56:43,629 - INFO - Epoch 882, Loss: 146.30092
2023-04-30 16:56:44,515 - INFO - Epoch 883, Loss: 146.91453
2023-04-30 16:56:45,404 - INFO - Epoch 884, Loss: 146.34229
2023-04-30 16:56:46,288 - INFO - Epoch 885, Loss: 145.37268
2023-04-30 16:56:47,172 - INFO - Epoch 886, Loss: 145.71792
2023-04-30 16:56:48,064 - INFO - Epoch 887, Loss: 143.45112
2023-04-30 16:56:48,928 - INFO - Epoch 888, Loss: 144.99373
2023-04-30 16:56:49,806 - INFO - Epoch 889, Loss: 142.48996
2023-04-30 16:56:50,687 - INFO - Epoch 890, Loss: 143.12163
2023-04-30 16:56:51,564 - INFO - Epoch 891, Loss: 142.33499
2023-04-30 16:56:52,432 - INFO - Epoch 892, Loss: 142.55929
2023-04-30 16:56:53,304 - INFO - Epoch 893, Loss: 140.67170
2023-04-30 16:56:54,176 - INFO - Epoch 894, Loss: 142.07707
2023-04-30 16:56:55,064 - INFO - Epoch 895, Loss: 142.79430
2023-04-30 16:56:55,934 - INFO - Epoch 896, Loss: 141.37637
2023-04-30 16:56:56,800 - INFO - Epoch 897, Loss: 139.23902
2023-04-30 16:56:57,691 - INFO - Epoch 898, Loss: 140.73786
2023-04-30 16:56:58,558 - INFO - Epoch 899, Loss: 139.59471
2023-04-30 16:56:59,403 - INFO - Epoch 900, Loss: 138.75046
2023-04-30 16:57:02,215 - INFO - Epoch 900: [0.8s + 2.8s] Loss: 0.44758, Recall: 0.13155, Precision: 0.02793, Hit Ratio: 0.36774, NDCG: 0.16897
2023-04-30 16:57:03,153 - INFO - Epoch 901, Loss: 140.12159
2023-04-30 16:57:03,995 - INFO - Epoch 902, Loss: 139.31940
2023-04-30 16:57:04,838 - INFO - Epoch 903, Loss: 138.15091
2023-04-30 16:57:05,681 - INFO - Epoch 904, Loss: 137.22172
2023-04-30 16:57:06,523 - INFO - Epoch 905, Loss: 137.05729
2023-04-30 16:57:07,369 - INFO - Epoch 906, Loss: 136.89745
2023-04-30 16:57:08,213 - INFO - Epoch 907, Loss: 135.56813
2023-04-30 16:57:09,056 - INFO - Epoch 908, Loss: 134.57899
2023-04-30 16:57:09,898 - INFO - Epoch 909, Loss: 135.20165
2023-04-30 16:57:10,740 - INFO - Epoch 910, Loss: 136.24690
2023-04-30 16:57:11,581 - INFO - Epoch 911, Loss: 134.12987
2023-04-30 16:57:12,423 - INFO - Epoch 912, Loss: 134.72648
2023-04-30 16:57:13,266 - INFO - Epoch 913, Loss: 135.32188
2023-04-30 16:57:14,110 - INFO - Epoch 914, Loss: 132.60284
2023-04-30 16:57:14,984 - INFO - Epoch 915, Loss: 133.58803
2023-04-30 16:57:15,845 - INFO - Epoch 916, Loss: 130.70048
2023-04-30 16:57:16,799 - INFO - Epoch 917, Loss: 132.04212
2023-04-30 16:57:17,658 - INFO - Epoch 918, Loss: 129.34836
2023-04-30 16:57:18,506 - INFO - Epoch 919, Loss: 131.88009
2023-04-30 16:57:19,356 - INFO - Epoch 920, Loss: 130.31915
2023-04-30 16:57:20,212 - INFO - Epoch 921, Loss: 132.33027
2023-04-30 16:57:21,061 - INFO - Epoch 922, Loss: 131.63496
2023-04-30 16:57:21,908 - INFO - Epoch 923, Loss: 131.23639
2023-04-30 16:57:22,764 - INFO - Epoch 924, Loss: 129.39596
2023-04-30 16:57:23,623 - INFO - Epoch 925, Loss: 128.24876
2023-04-30 16:57:24,476 - INFO - Epoch 926, Loss: 127.39576
2023-04-30 16:57:25,345 - INFO - Epoch 927, Loss: 127.58401
2023-04-30 16:57:26,210 - INFO - Epoch 928, Loss: 126.98153
2023-04-30 16:57:27,078 - INFO - Epoch 929, Loss: 128.01267
2023-04-30 16:57:27,930 - INFO - Epoch 930, Loss: 126.89360
2023-04-30 16:57:28,797 - INFO - Epoch 931, Loss: 128.15461
2023-04-30 16:57:29,644 - INFO - Epoch 932, Loss: 126.78454
2023-04-30 16:57:30,500 - INFO - Epoch 933, Loss: 127.66835
2023-04-30 16:57:31,364 - INFO - Epoch 934, Loss: 125.92954
2023-04-30 16:57:32,212 - INFO - Epoch 935, Loss: 125.25796
2023-04-30 16:57:33,066 - INFO - Epoch 936, Loss: 125.99977
2023-04-30 16:57:33,918 - INFO - Epoch 937, Loss: 125.42650
2023-04-30 16:57:34,770 - INFO - Epoch 938, Loss: 123.55991
2023-04-30 16:57:35,625 - INFO - Epoch 939, Loss: 123.51375
2023-04-30 16:57:36,488 - INFO - Epoch 940, Loss: 125.80111
2023-04-30 16:57:37,349 - INFO - Epoch 941, Loss: 122.95563
2023-04-30 16:57:38,203 - INFO - Epoch 942, Loss: 123.97489
2023-04-30 16:57:39,071 - INFO - Epoch 943, Loss: 122.62039
2023-04-30 16:57:39,924 - INFO - Epoch 944, Loss: 121.31718
2023-04-30 16:57:40,791 - INFO - Epoch 945, Loss: 121.83935
2023-04-30 16:57:41,662 - INFO - Epoch 946, Loss: 122.69858
2023-04-30 16:57:42,531 - INFO - Epoch 947, Loss: 121.69505
2023-04-30 16:57:43,385 - INFO - Epoch 948, Loss: 120.95787
2023-04-30 16:57:44,232 - INFO - Epoch 949, Loss: 120.33766
2023-04-30 16:57:45,095 - INFO - Epoch 950, Loss: 119.35725
2023-04-30 16:57:45,951 - INFO - Epoch 951, Loss: 121.61320
2023-04-30 16:57:46,811 - INFO - Epoch 952, Loss: 120.70184
2023-04-30 16:57:47,679 - INFO - Epoch 953, Loss: 119.25683
2023-04-30 16:57:48,535 - INFO - Epoch 954, Loss: 119.91039
2023-04-30 16:57:49,388 - INFO - Epoch 955, Loss: 118.64631
2023-04-30 16:57:50,252 - INFO - Epoch 956, Loss: 118.39393
2023-04-30 16:57:51,106 - INFO - Epoch 957, Loss: 116.76566
2023-04-30 16:57:51,963 - INFO - Epoch 958, Loss: 117.19379
2023-04-30 16:57:52,814 - INFO - Epoch 959, Loss: 117.96427
2023-04-30 16:57:53,693 - INFO - Epoch 960, Loss: 117.42746
2023-04-30 16:57:54,549 - INFO - Epoch 961, Loss: 116.82885
2023-04-30 16:57:55,422 - INFO - Epoch 962, Loss: 116.83606
2023-04-30 16:57:56,294 - INFO - Epoch 963, Loss: 116.85136
2023-04-30 16:57:57,172 - INFO - Epoch 964, Loss: 114.99966
2023-04-30 16:57:58,044 - INFO - Epoch 965, Loss: 115.26620
2023-04-30 16:57:58,925 - INFO - Epoch 966, Loss: 115.04784
2023-04-30 16:57:59,807 - INFO - Epoch 967, Loss: 113.93944
2023-04-30 16:58:00,693 - INFO - Epoch 968, Loss: 116.09647
2023-04-30 16:58:01,561 - INFO - Epoch 969, Loss: 116.91472
2023-04-30 16:58:02,431 - INFO - Epoch 970, Loss: 113.17208
2023-04-30 16:58:03,307 - INFO - Epoch 971, Loss: 113.92926
2023-04-30 16:58:04,186 - INFO - Epoch 972, Loss: 112.59996
2023-04-30 16:58:05,063 - INFO - Epoch 973, Loss: 113.58118
2023-04-30 16:58:05,940 - INFO - Epoch 974, Loss: 112.27665
2023-04-30 16:58:06,823 - INFO - Epoch 975, Loss: 113.00426
2023-04-30 16:58:07,712 - INFO - Epoch 976, Loss: 112.00318
2023-04-30 16:58:08,575 - INFO - Epoch 977, Loss: 111.49819
2023-04-30 16:58:09,460 - INFO - Epoch 978, Loss: 110.42280
2023-04-30 16:58:10,344 - INFO - Epoch 979, Loss: 112.46646
2023-04-30 16:58:11,224 - INFO - Epoch 980, Loss: 110.07938
2023-04-30 16:58:12,107 - INFO - Epoch 981, Loss: 110.48782
2023-04-30 16:58:12,980 - INFO - Epoch 982, Loss: 110.72479
2023-04-30 16:58:13,855 - INFO - Epoch 983, Loss: 110.64164
2023-04-30 16:58:14,731 - INFO - Epoch 984, Loss: 110.76232
2023-04-30 16:58:15,625 - INFO - Epoch 985, Loss: 110.14190
2023-04-30 16:58:16,524 - INFO - Epoch 986, Loss: 109.42166
2023-04-30 16:58:17,413 - INFO - Epoch 987, Loss: 108.40170
2023-04-30 16:58:18,301 - INFO - Epoch 988, Loss: 109.30427
2023-04-30 16:58:19,187 - INFO - Epoch 989, Loss: 108.16478
2023-04-30 16:58:20,077 - INFO - Epoch 990, Loss: 106.57586
2023-04-30 16:58:20,959 - INFO - Epoch 991, Loss: 108.90960
2023-04-30 16:58:21,846 - INFO - Epoch 992, Loss: 107.41945
2023-04-30 16:58:22,740 - INFO - Epoch 993, Loss: 106.99717
2023-04-30 16:58:23,631 - INFO - Epoch 994, Loss: 105.19919
2023-04-30 16:58:24,500 - INFO - Epoch 995, Loss: 105.24750
2023-04-30 16:58:25,369 - INFO - Epoch 996, Loss: 106.82741
2023-04-30 16:58:26,235 - INFO - Epoch 997, Loss: 106.41460
2023-04-30 16:58:27,122 - INFO - Epoch 998, Loss: 104.98670
2023-04-30 16:58:28,005 - INFO - Epoch 999, Loss: 105.20864
2023-04-30 16:58:28,879 - INFO - Epoch 1000, Loss: 105.56251
2023-04-30 16:58:31,819 - INFO - Epoch 1000: [0.9s + 2.9s] Loss: 0.34052, Recall: 0.12831, Precision: 0.02709, Hit Ratio: 0.36056, NDCG: 0.16613
2023-04-30 16:58:32,775 - INFO - Epoch 1001, Loss: 104.12537
2023-04-30 16:58:33,659 - INFO - Epoch 1002, Loss: 105.86959
2023-04-30 16:58:34,505 - INFO - Epoch 1003, Loss: 103.63035
2023-04-30 16:58:35,357 - INFO - Epoch 1004, Loss: 103.29917
2023-04-30 16:58:36,212 - INFO - Epoch 1005, Loss: 103.73268
2023-04-30 16:58:37,059 - INFO - Epoch 1006, Loss: 103.23683
2023-04-30 16:58:37,906 - INFO - Epoch 1007, Loss: 103.25254
2023-04-30 16:58:38,763 - INFO - Epoch 1008, Loss: 102.61798
2023-04-30 16:58:39,623 - INFO - Epoch 1009, Loss: 104.07761
2023-04-30 16:58:40,474 - INFO - Epoch 1010, Loss: 99.80830
2023-04-30 16:58:41,331 - INFO - Epoch 1011, Loss: 103.59075
2023-04-30 16:58:42,187 - INFO - Epoch 1012, Loss: 102.97796
2023-04-30 16:58:43,048 - INFO - Epoch 1013, Loss: 102.32652
2023-04-30 16:58:43,922 - INFO - Epoch 1014, Loss: 102.01773
2023-04-30 16:58:44,780 - INFO - Epoch 1015, Loss: 100.52840
2023-04-30 16:58:45,647 - INFO - Epoch 1016, Loss: 101.29083
2023-04-30 16:58:46,530 - INFO - Epoch 1017, Loss: 100.18389
2023-04-30 16:58:47,403 - INFO - Epoch 1018, Loss: 101.16330
2023-04-30 16:58:48,273 - INFO - Epoch 1019, Loss: 100.89177
2023-04-30 16:58:49,149 - INFO - Epoch 1020, Loss: 98.72001
2023-04-30 16:58:50,029 - INFO - Epoch 1021, Loss: 99.99038
2023-04-30 16:58:50,921 - INFO - Epoch 1022, Loss: 98.32729
2023-04-30 16:58:51,790 - INFO - Epoch 1023, Loss: 99.70970
2023-04-30 16:58:52,676 - INFO - Epoch 1024, Loss: 98.14508
2023-04-30 16:58:53,567 - INFO - Epoch 1025, Loss: 98.24545
2023-04-30 16:58:54,456 - INFO - Epoch 1026, Loss: 97.59262
2023-04-30 16:58:55,339 - INFO - Epoch 1027, Loss: 96.49018
2023-04-30 16:58:56,208 - INFO - Epoch 1028, Loss: 97.90048
2023-04-30 16:58:57,090 - INFO - Epoch 1029, Loss: 96.91644
2023-04-30 16:58:57,969 - INFO - Epoch 1030, Loss: 96.46489
2023-04-30 16:58:58,851 - INFO - Epoch 1031, Loss: 95.92589
2023-04-30 16:58:59,723 - INFO - Epoch 1032, Loss: 97.30428
2023-04-30 16:59:00,617 - INFO - Epoch 1033, Loss: 96.35303
2023-04-30 16:59:01,493 - INFO - Epoch 1034, Loss: 97.23089
2023-04-30 16:59:02,355 - INFO - Epoch 1035, Loss: 94.88513
2023-04-30 16:59:03,205 - INFO - Epoch 1036, Loss: 96.03955
2023-04-30 16:59:04,063 - INFO - Epoch 1037, Loss: 95.03526
2023-04-30 16:59:04,908 - INFO - Epoch 1038, Loss: 95.40013
2023-04-30 16:59:05,768 - INFO - Epoch 1039, Loss: 94.64649
2023-04-30 16:59:06,655 - INFO - Epoch 1040, Loss: 94.67741
2023-04-30 16:59:07,564 - INFO - Epoch 1041, Loss: 94.35483
2023-04-30 16:59:08,431 - INFO - Epoch 1042, Loss: 94.84401
2023-04-30 16:59:09,301 - INFO - Epoch 1043, Loss: 91.99944
2023-04-30 16:59:10,147 - INFO - Epoch 1044, Loss: 93.40756
2023-04-30 16:59:11,028 - INFO - Epoch 1045, Loss: 93.82676
2023-04-30 16:59:11,884 - INFO - Epoch 1046, Loss: 92.21364
2023-04-30 16:59:12,758 - INFO - Epoch 1047, Loss: 91.71261
2023-04-30 16:59:13,603 - INFO - Epoch 1048, Loss: 92.87195
2023-04-30 16:59:14,446 - INFO - Epoch 1049, Loss: 93.15733
2023-04-30 16:59:15,295 - INFO - Epoch 1050, Loss: 91.98897
2023-04-30 16:59:16,154 - INFO - Epoch 1051, Loss: 90.63924
2023-04-30 16:59:17,006 - INFO - Epoch 1052, Loss: 91.43791
2023-04-30 16:59:17,908 - INFO - Epoch 1053, Loss: 91.51152
2023-04-30 16:59:18,797 - INFO - Epoch 1054, Loss: 91.04700
2023-04-30 16:59:19,643 - INFO - Epoch 1055, Loss: 90.78274
2023-04-30 16:59:20,528 - INFO - Epoch 1056, Loss: 91.94012
2023-04-30 16:59:21,386 - INFO - Epoch 1057, Loss: 89.79285
2023-04-30 16:59:22,231 - INFO - Epoch 1058, Loss: 90.49405
2023-04-30 16:59:23,089 - INFO - Epoch 1059, Loss: 89.44366
2023-04-30 16:59:23,940 - INFO - Epoch 1060, Loss: 90.63971
2023-04-30 16:59:24,784 - INFO - Epoch 1061, Loss: 89.19253
2023-04-30 16:59:25,703 - INFO - Epoch 1062, Loss: 89.75712
2023-04-30 16:59:26,605 - INFO - Epoch 1063, Loss: 89.73870
2023-04-30 16:59:27,455 - INFO - Epoch 1064, Loss: 89.29703
2023-04-30 16:59:28,365 - INFO - Epoch 1065, Loss: 88.90781
2023-04-30 16:59:29,316 - INFO - Epoch 1066, Loss: 87.46813
2023-04-30 16:59:30,253 - INFO - Epoch 1067, Loss: 88.22827
2023-04-30 16:59:31,161 - INFO - Epoch 1068, Loss: 90.11160
2023-04-30 16:59:32,078 - INFO - Epoch 1069, Loss: 87.57289
2023-04-30 16:59:32,938 - INFO - Epoch 1070, Loss: 87.95750
2023-04-30 16:59:33,785 - INFO - Epoch 1071, Loss: 86.68068
2023-04-30 16:59:34,663 - INFO - Epoch 1072, Loss: 88.02527
2023-04-30 16:59:35,517 - INFO - Epoch 1073, Loss: 87.72698
2023-04-30 16:59:36,446 - INFO - Epoch 1074, Loss: 86.08239
2023-04-30 16:59:37,383 - INFO - Epoch 1075, Loss: 87.47217
2023-04-30 16:59:38,247 - INFO - Epoch 1076, Loss: 85.68515
2023-04-30 16:59:39,179 - INFO - Epoch 1077, Loss: 86.17656
2023-04-30 16:59:40,030 - INFO - Epoch 1078, Loss: 85.77432
2023-04-30 16:59:40,881 - INFO - Epoch 1079, Loss: 85.89754
2023-04-30 16:59:41,730 - INFO - Epoch 1080, Loss: 85.41590
2023-04-30 16:59:42,576 - INFO - Epoch 1081, Loss: 85.99923
2023-04-30 16:59:43,436 - INFO - Epoch 1082, Loss: 85.34805
2023-04-30 16:59:44,284 - INFO - Epoch 1083, Loss: 86.38184
2023-04-30 16:59:45,137 - INFO - Epoch 1084, Loss: 84.34741
2023-04-30 16:59:45,985 - INFO - Epoch 1085, Loss: 84.60041
2023-04-30 16:59:46,918 - INFO - Epoch 1086, Loss: 83.31743
2023-04-30 16:59:47,772 - INFO - Epoch 1087, Loss: 84.34417
2023-04-30 16:59:48,618 - INFO - Epoch 1088, Loss: 84.06705
2023-04-30 16:59:49,473 - INFO - Epoch 1089, Loss: 85.14746
2023-04-30 16:59:50,324 - INFO - Epoch 1090, Loss: 83.94428
2023-04-30 16:59:51,175 - INFO - Epoch 1091, Loss: 83.42952
2023-04-30 16:59:52,140 - INFO - Epoch 1092, Loss: 84.26356
2023-04-30 16:59:52,989 - INFO - Epoch 1093, Loss: 83.05344
2023-04-30 16:59:53,838 - INFO - Epoch 1094, Loss: 83.09182
2023-04-30 16:59:54,682 - INFO - Epoch 1095, Loss: 82.92863
2023-04-30 16:59:55,528 - INFO - Epoch 1096, Loss: 81.74945
2023-04-30 16:59:56,372 - INFO - Epoch 1097, Loss: 81.34033
2023-04-30 16:59:57,216 - INFO - Epoch 1098, Loss: 81.02186
2023-04-30 16:59:58,063 - INFO - Epoch 1099, Loss: 83.22104
2023-04-30 16:59:58,909 - INFO - Epoch 1100, Loss: 81.89352
2023-04-30 17:00:01,741 - INFO - Epoch 1100: [0.8s + 2.8s] Loss: 0.26417, Recall: 0.12566, Precision: 0.02663, Hit Ratio: 0.35488, NDCG: 0.16376
2023-04-30 17:00:01,741 - INFO - Best Iter = recall:0.13754, pres:0.02910, hr:0.38121, ndcg:0.17509
